#
# A fatal error has been detected by the Java Runtime Environment:
#
#  EXCEPTION_ACCESS_VIOLATION (0xc0000005) at pc=0x000000006af44bb4, pid=7404, tid=11372
#
# JRE version: OpenJDK Runtime Environment (15.0.1+9) (build 15.0.1+9-18)
# Java VM: OpenJDK 64-Bit Server VM (15.0.1+9-18, mixed mode, tiered, compressed oops, g1 gc, windows-amd64)
# Problematic frame:
# C  [libNRJavaSerial.dll+0x4bb4]
#
# No core dump will be written. Minidumps are not enabled by default on client versions of Windows
#
# If you would like to submit a bug report, please visit:
#   https://bugreport.java.com/bugreport/crash.jsp
# The crash happened outside the Java Virtual Machine in native code.
# See problematic frame for where to report the bug.
#

---------------  S U M M A R Y ------------

Command Line: -Dcom.sun.management.jmxremote -Dcom.sun.management.jmxremote.port=50736 -Dcom.sun.management.jmxremote.authenticate=false -Dcom.sun.management.jmxremote.ssl=false -Djava.rmi.server.hostname=localhost -Dspring.jmx.enabled=true -Dspring.application.admin.enabled=true -XX:TieredStopAtLevel=1 -Dspring.boot.project.name=tcc -Dfile.encoding=UTF-8 -XX:+ShowCodeDetailsInExceptionMessages com.tcc.TccApplication --spring.output.ansi.enabled=always

Host: Intel(R) Core(TM) i5-7200U CPU @ 2.50GHz, 4 cores, 7G,  Windows 10 , 64 bit Build 19041 (10.0.19041.1151)
Time: Thu Aug 26 23:19:58 2021 Hora Padrão de Buenos Aires elapsed time: 30.881924 seconds (0d 0h 0m 30s)

---------------  T H R E A D  ---------------

Current thread (0x000001a5fbae6e30):  JavaThread "http-nio-8080-exec-1" daemon [_thread_in_native, id=11372, stack(0x0000009964c00000,0x0000009964d00000)]

Stack: [0x0000009964c00000,0x0000009964d00000],  sp=0x0000009964cfcd00,  free space=1011k
Native frames: (J=compiled Java code, j=interpreted, Vv=VM code, C=native code)
C  [libNRJavaSerial.dll+0x4bb4]

Java frames: (J=compiled Java code, j=interpreted, Vv=VM code)
J 3572  gnu.io.RXTXPort.readByte()I (0 bytes) @ 0x000001a5e3c225db [0x000001a5e3c225a0+0x000000000000003b]
J 3571 c1 gnu.io.RXTXPort$SerialInputStream.read()I (98 bytes) @ 0x000001a5e3c22f7c [0x000001a5e3c22dc0+0x00000000000001bc]
J 3594 c1 java.io.DataInputStream.readLine()Ljava/lang/String; java.base@15.0.1 (202 bytes) @ 0x000001a5e3c2be8c [0x000001a5e3c2bb40+0x000000000000034c]
J 3615% c1 com.tcc.componentes.ArduinoConnection.receber()Z (64 bytes) @ 0x000001a5e3c3714c [0x000001a5e3c36de0+0x000000000000036c]
j  com.tcc.controller.RecebeMsgController.recebe()Ljava/lang/String;+4
v  ~StubRoutines::call_stub
J 2499  jdk.internal.reflect.NativeMethodAccessorImpl.invoke0(Ljava/lang/reflect/Method;Ljava/lang/Object;[Ljava/lang/Object;)Ljava/lang/Object; java.base@15.0.1 (0 bytes) @ 0x000001a5e3a50e3f [0x000001a5e3a50dc0+0x000000000000007f]
J 2498 c1 jdk.internal.reflect.NativeMethodAccessorImpl.invoke(Ljava/lang/Object;[Ljava/lang/Object;)Ljava/lang/Object; java.base@15.0.1 (117 bytes) @ 0x000001a5e3a540bc [0x000001a5e3a53da0+0x000000000000031c]
J 2267 c1 jdk.internal.reflect.DelegatingMethodAccessorImpl.invoke(Ljava/lang/Object;[Ljava/lang/Object;)Ljava/lang/Object; java.base@15.0.1 (10 bytes) @ 0x000001a5e39f2264 [0x000001a5e39f2220+0x0000000000000044]
J 2268 c1 java.lang.reflect.Method.invoke(Ljava/lang/Object;[Ljava/lang/Object;)Ljava/lang/Object; java.base@15.0.1 (65 bytes) @ 0x000001a5e39f2654 [0x000001a5e39f2560+0x00000000000000f4]
j  org.springframework.web.method.support.InvocableHandlerMethod.doInvoke([Ljava/lang/Object;)Ljava/lang/Object;+32
j  org.springframework.web.method.support.InvocableHandlerMethod.invokeForRequest(Lorg/springframework/web/context/request/NativeWebRequest;Lorg/springframework/web/method/support/ModelAndViewContainer;[Ljava/lang/Object;)Ljava/lang/Object;+54
j  org.springframework.web.servlet.mvc.method.annotation.ServletInvocableHandlerMethod.invokeAndHandle(Lorg/springframework/web/context/request/ServletWebRequest;Lorg/springframework/web/method/support/ModelAndViewContainer;[Ljava/lang/Object;)V+4
j  org.springframework.web.servlet.mvc.method.annotation.RequestMappingHandlerAdapter.invokeHandlerMethod(Ljavax/servlet/http/HttpServletRequest;Ljavax/servlet/http/HttpServletResponse;Lorg/springframework/web/method/HandlerMethod;)Lorg/springframework/web/servlet/ModelAndView;+244
j  org.springframework.web.servlet.mvc.method.annotation.RequestMappingHandlerAdapter.handleInternal(Ljavax/servlet/http/HttpServletRequest;Ljavax/servlet/http/HttpServletResponse;Lorg/springframework/web/method/HandlerMethod;)Lorg/springframework/web/servlet/ModelAndView;+81
j  org.springframework.web.servlet.mvc.method.AbstractHandlerMethodAdapter.handle(Ljavax/servlet/http/HttpServletRequest;Ljavax/servlet/http/HttpServletResponse;Ljava/lang/Object;)Lorg/springframework/web/servlet/ModelAndView;+7
j  org.springframework.web.servlet.DispatcherServlet.doDispatch(Ljavax/servlet/http/HttpServletRequest;Ljavax/servlet/http/HttpServletResponse;)V+259
j  org.springframework.web.servlet.DispatcherServlet.doService(Ljavax/servlet/http/HttpServletRequest;Ljavax/servlet/http/HttpServletResponse;)V+241
j  org.springframework.web.servlet.FrameworkServlet.processRequest(Ljavax/servlet/http/HttpServletRequest;Ljavax/servlet/http/HttpServletResponse;)V+71
j  org.springframework.web.servlet.FrameworkServlet.doGet(Ljavax/servlet/http/HttpServletRequest;Ljavax/servlet/http/HttpServletResponse;)V+3
j  javax.servlet.http.HttpServlet.service(Ljavax/servlet/http/HttpServletRequest;Ljavax/servlet/http/HttpServletResponse;)V+35
j  org.springframework.web.servlet.FrameworkServlet.service(Ljavax/servlet/http/HttpServletRequest;Ljavax/servlet/http/HttpServletResponse;)V+33
j  javax.servlet.http.HttpServlet.service(Ljavax/servlet/ServletRequest;Ljavax/servlet/ServletResponse;)V+36
j  org.apache.catalina.core.ApplicationFilterChain.internalDoFilter(Ljavax/servlet/ServletRequest;Ljavax/servlet/ServletResponse;)V+304
j  org.apache.catalina.core.ApplicationFilterChain.doFilter(Ljavax/servlet/ServletRequest;Ljavax/servlet/ServletResponse;)V+99
j  org.apache.tomcat.websocket.server.WsFilter.doFilter(Ljavax/servlet/ServletRequest;Ljavax/servlet/ServletResponse;Ljavax/servlet/FilterChain;)V+21
j  org.apache.catalina.core.ApplicationFilterChain.internalDoFilter(Ljavax/servlet/ServletRequest;Ljavax/servlet/ServletResponse;)V+135
j  org.apache.catalina.core.ApplicationFilterChain.doFilter(Ljavax/servlet/ServletRequest;Ljavax/servlet/ServletResponse;)V+99
j  org.springframework.web.filter.RequestContextFilter.doFilterInternal(Ljavax/servlet/http/HttpServletRequest;Ljavax/servlet/http/HttpServletResponse;Ljavax/servlet/FilterChain;)V+21
j  org.springframework.web.filter.OncePerRequestFilter.doFilter(Ljavax/servlet/ServletRequest;Ljavax/servlet/ServletResponse;Ljavax/servlet/FilterChain;)V+147
j  org.apache.catalina.core.ApplicationFilterChain.internalDoFilter(Ljavax/servlet/ServletRequest;Ljavax/servlet/ServletResponse;)V+135
j  org.apache.catalina.core.ApplicationFilterChain.doFilter(Ljavax/servlet/ServletRequest;Ljavax/servlet/ServletResponse;)V+99
j  org.springframework.web.filter.FormContentFilter.doFilterInternal(Ljavax/servlet/http/HttpServletRequest;Ljavax/servlet/http/HttpServletResponse;Ljavax/servlet/FilterChain;)V+38
j  org.springframework.web.filter.OncePerRequestFilter.doFilter(Ljavax/servlet/ServletRequest;Ljavax/servlet/ServletResponse;Ljavax/servlet/FilterChain;)V+147
j  org.apache.catalina.core.ApplicationFilterChain.internalDoFilter(Ljavax/servlet/ServletRequest;Ljavax/servlet/ServletResponse;)V+135
j  org.apache.catalina.core.ApplicationFilterChain.doFilter(Ljavax/servlet/ServletRequest;Ljavax/servlet/ServletResponse;)V+99
j  org.springframework.web.filter.CharacterEncodingFilter.doFilterInternal(Ljavax/servlet/http/HttpServletRequest;Ljavax/servlet/http/HttpServletResponse;Ljavax/servlet/FilterChain;)V+53
j  org.springframework.web.filter.OncePerRequestFilter.doFilter(Ljavax/servlet/ServletRequest;Ljavax/servlet/ServletResponse;Ljavax/servlet/FilterChain;)V+147
j  org.apache.catalina.core.ApplicationFilterChain.internalDoFilter(Ljavax/servlet/ServletRequest;Ljavax/servlet/ServletResponse;)V+135
j  org.apache.catalina.core.ApplicationFilterChain.doFilter(Ljavax/servlet/ServletRequest;Ljavax/servlet/ServletResponse;)V+99
j  org.apache.catalina.core.StandardWrapperValve.invoke(Lorg/apache/catalina/connector/Request;Lorg/apache/catalina/connector/Response;)V+694
j  org.apache.catalina.core.StandardContextValve.invoke(Lorg/apache/catalina/connector/Request;Lorg/apache/catalina/connector/Response;)V+169
j  org.apache.catalina.authenticator.AuthenticatorBase.invoke(Lorg/apache/catalina/connector/Request;Lorg/apache/catalina/connector/Response;)V+260
j  org.apache.catalina.core.StandardHostValve.invoke(Lorg/apache/catalina/connector/Request;Lorg/apache/catalina/connector/Response;)V+128
j  org.apache.catalina.valves.ErrorReportValve.invoke(Lorg/apache/catalina/connector/Request;Lorg/apache/catalina/connector/Response;)V+6
j  org.apache.catalina.core.StandardEngineValve.invoke(Lorg/apache/catalina/connector/Request;Lorg/apache/catalina/connector/Response;)V+59
j  org.apache.catalina.connector.CoyoteAdapter.service(Lorg/apache/coyote/Request;Lorg/apache/coyote/Response;)V+199
j  org.apache.coyote.http11.Http11Processor.service(Lorg/apache/tomcat/util/net/SocketWrapperBase;)Lorg/apache/tomcat/util/net/AbstractEndpoint$Handler$SocketState;+737
j  org.apache.coyote.AbstractProcessorLight.process(Lorg/apache/tomcat/util/net/SocketWrapperBase;Lorg/apache/tomcat/util/net/SocketEvent;)Lorg/apache/tomcat/util/net/AbstractEndpoint$Handler$SocketState;+170
j  org.apache.coyote.AbstractProtocol$ConnectionHandler.process(Lorg/apache/tomcat/util/net/SocketWrapperBase;Lorg/apache/tomcat/util/net/SocketEvent;)Lorg/apache/tomcat/util/net/AbstractEndpoint$Handler$SocketState;+505
j  org.apache.tomcat.util.net.NioEndpoint$SocketProcessor.doRun()V+216
j  org.apache.tomcat.util.net.SocketProcessorBase.run()V+21
j  java.util.concurrent.ThreadPoolExecutor.runWorker(Ljava/util/concurrent/ThreadPoolExecutor$Worker;)V+92 java.base@15.0.1
j  java.util.concurrent.ThreadPoolExecutor$Worker.run()V+5 java.base@15.0.1
j  org.apache.tomcat.util.threads.TaskThread$WrappingRunnable.run()V+4
j  java.lang.Thread.run()V+11 java.base@15.0.1
v  ~StubRoutines::call_stub

siginfo: EXCEPTION_ACCESS_VIOLATION (0xc0000005), reading address 0x0000000000000008


Register to memory mapping:

RIP=0x000000006af44bb4 libNRJavaSerial.dll
RAX=0x0 is NULL
RBX=0x0 is NULL
RCX=0x000001a5fc419770 points into unknown readable memory: 0x0000000000000002 | 02 00 00 00 00 00 00 00
RDX=0x0000000000000001 is an unknown value
RSP=0x0000009964cfcd00 is pointing into the stack for thread: 0x000001a5fbae6e30
RBP=0x0000009964cfcdbf is pointing into the stack for thread: 0x000001a5fbae6e30
RSI=0x0000000083b3a288 is an oop: gnu.io.RXTXPort 
{0x0000000083b3a288} - klass: 'gnu/io/RXTXPort'
RDI=0x0 is NULL
R8 =0x0000000000000042 is an unknown value
R9 =0x0000000083b3a288 is an oop: gnu.io.RXTXPort 
{0x0000000083b3a288} - klass: 'gnu/io/RXTXPort'
R10=0x00007fff1e38c720 jvm.dll
R11=0x000000000000002c is an unknown value
R12=0x000001a5fbae7158 points into unknown readable memory: 0x00007fff1e2ede40 | 40 de 2e 1e ff 7f 00 00
R13=0x0000000000000001 is an unknown value
R14=0x0000009964cfce40 is pointing into the stack for thread: 0x000001a5fbae6e30
R15=0x000001a5fbae6e30 is a thread


Registers:
RAX=0x0000000000000000, RBX=0x0000000000000000, RCX=0x000001a5fc419770, RDX=0x0000000000000001
RSP=0x0000009964cfcd00, RBP=0x0000009964cfcdbf, RSI=0x0000000083b3a288, RDI=0x0000000000000000
R8 =0x0000000000000042, R9 =0x0000000083b3a288, R10=0x00007fff1e38c720, R11=0x000000000000002c
R12=0x000001a5fbae7158, R13=0x0000000000000001, R14=0x0000009964cfce40, R15=0x000001a5fbae6e30
RIP=0x000000006af44bb4, EFLAGS=0x0000000000010202

Top of Stack: (sp=0x0000009964cfcd00)
0x0000009964cfcd00:   000001a5fbae6e30 0000000000000000
0x0000009964cfcd10:   000000006af4e078 0000009964cfce00
0x0000009964cfcd20:   0000000000000000 000000006af43e76
0x0000009964cfcd30:   000000006af4e595 0000000000000000
0x0000009964cfcd40:   0000000083b3a288 0000000000000000
0x0000009964cfcd50:   0000009964cfce40 000001a5fbae7158
0x0000009964cfcd60:   000001a5e3c22ee4 0000009964cfce40
0x0000009964cfcd70:   000001a5fbae6e30 000000006af45891
0x0000009964cfcd80:   000001a5fbae7158 0000009964cfcde8
0x0000009964cfcd90:   0000000000000000 0000000081840910
0x0000009964cfcda0:   000001a500000001 0000000000000064
0x0000009964cfcdb0:   0000009964cfce50 0000009964cfd1a8
0x0000009964cfcdc0:   000001a5e3c22ee4 0000009964cfce50
0x0000009964cfcdd0:   0000000000000000 000001a5e3c22673
0x0000009964cfcde0:   0000000000000001 0000009964cfce00
0x0000009964cfcdf0:   0000000000000003 0000000000000003 

Instructions: (pc=0x000000006af44bb4)
0x000000006af44ab4:   97 98 00 00 c7 44 24 2c 00 00 00 00 48 8d 7c 24
0x000000006af44ac4:   2c e8 36 f3 ff ff 49 89 f8 ba 15 54 00 00 89 c1
0x000000006af44ad4:   48 89 c6 e8 04 55 00 00 8b 44 24 2c 80 fb 01 74
0x000000006af44ae4:   3b 83 e0 fd 49 89 f8 89 f1 ba 18 54 00 00 89 44
0x000000006af44af4:   24 2c e8 e5 54 00 00 48 8d 4c 24 30 44 0f b6 c3
0x000000006af44b04:   48 8d 15 21 99 00 00 e8 f0 76 00 00 90 48 83 ec
0x000000006af44b14:   80 5b 5e 5f c3 0f 1f 80 00 00 00 00 83 c8 02 eb
0x000000006af44b24:   c3 66 66 2e 0f 1f 84 00 00 00 00 00 48 83 ec 68
0x000000006af44b34:   4c 8d 0d 3d 95 00 00 4c 8d 05 0d 98 00 00 e8 b9
0x000000006af44b44:   f2 ff ff 48 8d 54 24 20 48 89 c1 e8 ac 4b 00 00
0x000000006af44b54:   85 c0 78 0a 0f b6 44 24 34 48 83 c4 68 c3 b8 ff
0x000000006af44b64:   ff ff ff eb f4 0f 1f 80 00 00 00 00 41 57 41 56
0x000000006af44b74:   41 55 41 54 55 57 56 53 48 83 ec 38 44 8b ac 24
0x000000006af44b84:   a0 00 00 00 48 89 94 24 88 00 00 00 48 8b 12 44
0x000000006af44b94:   89 c7 4c 89 cd 4c 8d 05 36 95 00 00 4c 8d 0d 2d
0x000000006af44ba4:   95 00 00 48 89 8c 24 80 00 00 00 e8 4c f2 ff ff
0x000000006af44bb4:   8b 58 08 48 89 44 24 20 c7 40 08 00 00 00 00 8b
0x000000006af44bc4:   84 24 a8 00 00 00 89 5c 24 2c 85 c0 79 76 45 85
0x000000006af44bd4:   ed 7e 49 44 89 ee bb 14 00 00 00 45 31 e4 eb 13
0x000000006af44be4:   0f 1f 40 00 41 01 c4 29 c6 45 39 e5 7e 31 83 eb
0x000000006af44bf4:   01 74 2c 49 63 d4 41 89 f0 89 f9 48 01 ea e8 d9
0x000000006af44c04:   36 00 00 85 c0 0f 88 a1 00 00 00 75 d7 b9 e8 03
0x000000006af44c14:   00 00 e8 e5 1d 00 00 eb d0 0f 1f 00 45 31 e4 48
0x000000006af44c24:   8b 44 24 20 8b 7c 24 2c 89 78 08 44 89 e0 48 83
0x000000006af44c34:   c4 38 5b 5e 5f 5d 41 5c 41 5d 41 5e 41 5f c3 0f
0x000000006af44c44:   1f 44 00 00 4c 8b 3d 1d f7 00 00 41 ff d7 41 89
0x000000006af44c54:   c6 45 85 ed 7e c6 44 89 ee bb 14 00 00 00 45 31
0x000000006af44c64:   e4 eb 18 66 0f 1f 84 00 00 00 00 00 41 01 c4 29
0x000000006af44c74:   c6 45 39 ec 7d a9 83 eb 01 74 a4 41 ff d7 44 29
0x000000006af44c84:   f0 3b 84 24 a8 00 00 00 7d 6a 49 63 d4 41 89 f0
0x000000006af44c94:   89 f9 48 01 ea e8 42 36 00 00 85 c0 78 0e 75 cc
0x000000006af44ca4:   b9 e8 03 00 00 e8 52 1d 00 00 eb c5 e8 d3 75 00 


Stack slot to memory mapping:
stack at sp + 0 slots: 0x000001a5fbae6e30 is a thread
stack at sp + 1 slots: 0x0 is NULL
stack at sp + 2 slots: 0x000000006af4e078 libNRJavaSerial.dll
stack at sp + 3 slots: 0x0000009964cfce00 is pointing into the stack for thread: 0x000001a5fbae6e30
stack at sp + 4 slots: 0x0 is NULL
stack at sp + 5 slots: 0x000000006af43e76 libNRJavaSerial.dll
stack at sp + 6 slots: 0x000000006af4e595 libNRJavaSerial.dll
stack at sp + 7 slots: 0x0 is NULL


---------------  P R O C E S S  ---------------

Threads class SMR info:
_java_thread_list=0x000001a5fc567a50, length=24, elements={
0x000001a5f97d7eb0, 0x000001a5f97da8a0, 0x000001a5f97cfaa0, 0x000001a5f97d0360,
0x000001a5f97d33d0, 0x000001a5fa010d50, 0x000001a5fa015e40, 0x000001a5fa15a800,
0x000001a5fa1e1ad0, 0x000001a5fa756420, 0x000001a5fa74d250, 0x000001a5fa793fa0,
0x000001a5fab2d6e0, 0x000001a5fab43020, 0x000001a5fa989380, 0x000001a5faba2280,
0x000001a5fbae7ca0, 0x000001a5fbae6e30, 0x000001a5fbae94b0, 0x000001a5fbae8b10,
0x000001a5fbae9980, 0x000001a5fc5a7550, 0x000001a5fc5a5d40, 0x000001a5fc5a5870
}

Java Threads: ( => current thread )
  0x000001a5f97d7eb0 JavaThread "Reference Handler" daemon [_thread_blocked, id=17128, stack(0x0000009962f00000,0x0000009963000000)]
  0x000001a5f97da8a0 JavaThread "Finalizer" daemon [_thread_blocked, id=16408, stack(0x0000009963000000,0x0000009963100000)]
  0x000001a5f97cfaa0 JavaThread "Signal Dispatcher" daemon [_thread_blocked, id=13984, stack(0x0000009963100000,0x0000009963200000)]
  0x000001a5f97d0360 JavaThread "Attach Listener" daemon [_thread_blocked, id=12340, stack(0x0000009963200000,0x0000009963300000)]
  0x000001a5f97d33d0 JavaThread "Service Thread" daemon [_thread_blocked, id=18336, stack(0x0000009963300000,0x0000009963400000)]
  0x000001a5fa010d50 JavaThread "C1 CompilerThread0" daemon [_thread_blocked, id=6416, stack(0x0000009963400000,0x0000009963500000)]
  0x000001a5fa015e40 JavaThread "Sweeper thread" daemon [_thread_blocked, id=11636, stack(0x0000009963500000,0x0000009963600000)]
  0x000001a5fa15a800 JavaThread "Common-Cleaner" daemon [_thread_blocked, id=4552, stack(0x0000009963600000,0x0000009963700000)]
  0x000001a5fa1e1ad0 JavaThread "Notification Thread" daemon [_thread_blocked, id=14356, stack(0x0000009963700000,0x0000009963800000)]
  0x000001a5fa756420 JavaThread "RMI TCP Accept-0" daemon [_thread_in_native, id=8940, stack(0x0000009963800000,0x0000009963900000)]
  0x000001a5fa74d250 JavaThread "RMI TCP Accept-50736" daemon [_thread_in_native, id=9224, stack(0x0000009963900000,0x0000009963a00000)]
  0x000001a5fa793fa0 JavaThread "RMI TCP Accept-0" daemon [_thread_in_native, id=9040, stack(0x0000009963a00000,0x0000009963b00000)]
  0x000001a5fab2d6e0 JavaThread "RMI TCP Connection(1)-127.0.0.1" daemon [_thread_blocked, id=9360, stack(0x0000009963f00000,0x0000009964000000)]
  0x000001a5fab43020 JavaThread "RMI Scheduler(0)" daemon [_thread_blocked, id=17800, stack(0x0000009964100000,0x0000009964200000)]
  0x000001a5fa989380 JavaThread "RMI TCP Connection(2)-127.0.0.1" daemon [_thread_blocked, id=13040, stack(0x0000009964200000,0x0000009964300000)]
  0x000001a5faba2280 JavaThread "JMX server connection timeout 21" daemon [_thread_blocked, id=10460, stack(0x0000009964300000,0x0000009964400000)]
  0x000001a5fbae7ca0 JavaThread "Live Reload Server" daemon [_thread_in_native, id=10908, stack(0x0000009964d00000,0x0000009964e00000)]
=>0x000001a5fbae6e30 JavaThread "http-nio-8080-exec-1" daemon [_thread_in_native, id=11372, stack(0x0000009964c00000,0x0000009964d00000)]
  0x000001a5fbae94b0 JavaThread "RMI TCP Connection(3)-127.0.0.1" daemon [_thread_blocked, id=9828, stack(0x0000009964500000,0x0000009964600000)]
  0x000001a5fbae8b10 JavaThread "RMI TCP Connection(4)-127.0.0.1" daemon [_thread_blocked, id=8060, stack(0x0000009965900000,0x0000009965a00000)]
  0x000001a5fbae9980 JavaThread "RMI TCP Connection(5)-127.0.0.1" daemon [_thread_in_native, id=2844, stack(0x0000009965a00000,0x0000009965b00000)]
  0x000001a5fc5a7550 JavaThread "RMI TCP Connection(6)-127.0.0.1" daemon [_thread_blocked, id=18376, stack(0x0000009965c00000,0x0000009965d00000)]
  0x000001a5fc5a5d40 JavaThread "RMI TCP Connection(7)-127.0.0.1" daemon [_thread_in_native, id=16232, stack(0x0000009965e00000,0x0000009965f00000)]
  0x000001a5fc5a5870 JavaThread "JMX server connection timeout 56" daemon [_thread_blocked, id=4688, stack(0x0000009964400000,0x0000009964500000)]

Other Threads:
  0x000001a5f97b0e70 VMThread "VM Thread" [stack: 0x0000009962e00000,0x0000009962f00000] [id=13648] _threads_hazard_ptr=0x000001a5fc567a50
  0x000001a5dde0a000 GCTaskThread "GC Thread#0" [stack: 0x0000009962900000,0x0000009962a00000] [id=15824]
  0x000001a5fa805800 GCTaskThread "GC Thread#1" [stack: 0x0000009963c00000,0x0000009963d00000] [id=11268]
  0x000001a5fa803820 GCTaskThread "GC Thread#2" [stack: 0x0000009963d00000,0x0000009963e00000] [id=12040]
  0x000001a5fa805b30 GCTaskThread "GC Thread#3" [stack: 0x0000009964700000,0x0000009964800000] [id=3104]
  0x000001a5dde1b540 ConcurrentGCThread "G1 Main Marker" [stack: 0x0000009962a00000,0x0000009962b00000] [id=3612]
  0x000001a5dde1c040 ConcurrentGCThread "G1 Conc#0" [stack: 0x0000009962b00000,0x0000009962c00000] [id=6684]
  0x000001a5dde96400 ConcurrentGCThread "G1 Refine#0" [stack: 0x0000009962c00000,0x0000009962d00000] [id=13656]
  0x000001a5fab2d380 ConcurrentGCThread "G1 Refine#1" [stack: 0x0000009963e00000,0x0000009963f00000] [id=1068]
  0x000001a5fab24020 ConcurrentGCThread "G1 Refine#2" [stack: 0x0000009964000000,0x0000009964100000] [id=14308]
  0x000001a5dde96f10 ConcurrentGCThread "G1 Young RemSet Sampling" [stack: 0x0000009962d00000,0x0000009962e00000] [id=15272]

Threads with active compile tasks:

VM state: at safepoint (normal execution)

VM Mutex/Monitor currently owned by a thread:  ([mutex/lock_event])
[0x000001a5dddca700] Threads_lock - owner thread: 0x000001a5f97b0e70
[0x000001a5dddcaaf0] Heap_lock - owner thread: 0x000001a5fbae6960

Heap address: 0x0000000081600000, size: 2026 MB, Compressed Oops mode: 32-bit
CDS disabled.
Compressed class space mapped at: 0x0000000100000000-0x0000000140000000, size: 1073741824
Narrow klass base: 0x0000000000000000, Narrow klass shift: 3, Narrow klass range: 0x140000000

GC Precious Log:
 CPUs: 4 total, 4 available
 Memory: 8101M
 Large Page Support: Disabled
 NUMA Support: Disabled
 Compressed Oops: Enabled (32-bit)
 Heap Region Size: 1M
 Heap Min Capacity: 8M
 Heap Initial Capacity: 128M
 Heap Max Capacity: 2026M
 Pre-touch: Disabled
 Parallel Workers: 4
 Concurrent Workers: 1
 Concurrent Refinement Workers: 4
 Periodic GC: Disabled

Heap:
 garbage-first heap   total 80896K, used 53352K [0x0000000081600000, 0x0000000100000000)
  region size 1024K, 42 young (43008K), 2 survivors (2048K)
 Metaspace       used 38597K, capacity 39072K, committed 39168K, reserved 1083392K
  class space    used 4657K, capacity 4833K, committed 4864K, reserved 1048576K

Heap Regions: E=young(eden), S=young(survivor), O=old, HS=humongous(starts), HC=humongous(continues), CS=collection set, F=free, OA=open archive, CA=closed archive, TAMS=top-at-mark-start (previous, next)
|   0|0x0000000081600000, 0x0000000081700000, 0x0000000081700000|100%| O|  |TAMS 0x0000000081700000, 0x0000000081600000| Untracked 
|   1|0x0000000081700000, 0x0000000081800000, 0x0000000081800000|100%| O|  |TAMS 0x0000000081800000, 0x0000000081700000| Untracked 
|   2|0x0000000081800000, 0x0000000081900000, 0x0000000081900000|100%| O|  |TAMS 0x0000000081900000, 0x0000000081800000| Untracked 
|   3|0x0000000081900000, 0x0000000081a00000, 0x0000000081a00000|100%| O|  |TAMS 0x0000000081a00000, 0x0000000081900000| Untracked 
|   4|0x0000000081a00000, 0x0000000081aab000, 0x0000000081b00000| 66%| O|  |TAMS 0x0000000081aab000, 0x0000000081a00000| Untracked 
|   5|0x0000000081b00000, 0x0000000081c00000, 0x0000000081c00000|100%| O|  |TAMS 0x0000000081b00000, 0x0000000081b00000| Untracked 
|   6|0x0000000081c00000, 0x0000000081d00000, 0x0000000081d00000|100%| O|  |TAMS 0x0000000081c00000, 0x0000000081c00000| Untracked 
|   7|0x0000000081d00000, 0x0000000081e00000, 0x0000000081e00000|100%| O|  |TAMS 0x0000000081d00000, 0x0000000081d00000| Untracked 
|   8|0x0000000081e00000, 0x0000000081f00000, 0x0000000081f00000|100%| O|  |TAMS 0x0000000081e00000, 0x0000000081e00000| Untracked 
|   9|0x0000000081f00000, 0x0000000082000000, 0x0000000082000000|100%| O|  |TAMS 0x0000000081f00000, 0x0000000081f00000| Untracked 
|  10|0x0000000082000000, 0x0000000082100000, 0x0000000082100000|100%| O|  |TAMS 0x0000000082000000, 0x0000000082000000| Untracked 
|  11|0x0000000082100000, 0x0000000082186c00, 0x0000000082200000| 52%| O|  |TAMS 0x0000000082100000, 0x0000000082100000| Untracked 
|  12|0x0000000082200000, 0x0000000082200000, 0x0000000082300000|  0%| F|  |TAMS 0x0000000082200000, 0x0000000082200000| Untracked 
|  13|0x0000000082300000, 0x0000000082300000, 0x0000000082400000|  0%| F|  |TAMS 0x0000000082300000, 0x0000000082300000| Untracked 
|  14|0x0000000082400000, 0x0000000082400000, 0x0000000082500000|  0%| F|  |TAMS 0x0000000082400000, 0x0000000082400000| Untracked 
|  15|0x0000000082500000, 0x0000000082500000, 0x0000000082600000|  0%| F|  |TAMS 0x0000000082500000, 0x0000000082500000| Untracked 
|  16|0x0000000082600000, 0x0000000082600000, 0x0000000082700000|  0%| F|  |TAMS 0x0000000082600000, 0x0000000082600000| Untracked 
|  17|0x0000000082700000, 0x0000000082700000, 0x0000000082800000|  0%| F|  |TAMS 0x0000000082700000, 0x0000000082700000| Untracked 
|  18|0x0000000082800000, 0x0000000082800000, 0x0000000082900000|  0%| F|  |TAMS 0x0000000082800000, 0x0000000082800000| Untracked 
|  19|0x0000000082900000, 0x0000000082900000, 0x0000000082a00000|  0%| F|  |TAMS 0x0000000082900000, 0x0000000082900000| Untracked 
|  20|0x0000000082a00000, 0x0000000082a00000, 0x0000000082b00000|  0%| F|  |TAMS 0x0000000082a00000, 0x0000000082a00000| Untracked 
|  21|0x0000000082b00000, 0x0000000082b00000, 0x0000000082c00000|  0%| F|  |TAMS 0x0000000082b00000, 0x0000000082b00000| Untracked 
|  22|0x0000000082c00000, 0x0000000082c00000, 0x0000000082d00000|  0%| F|  |TAMS 0x0000000082c00000, 0x0000000082c00000| Untracked 
|  23|0x0000000082d00000, 0x0000000082d00000, 0x0000000082e00000|  0%| F|  |TAMS 0x0000000082d00000, 0x0000000082d00000| Untracked 
|  24|0x0000000082e00000, 0x0000000082e00000, 0x0000000082f00000|  0%| F|  |TAMS 0x0000000082e00000, 0x0000000082e00000| Untracked 
|  25|0x0000000082f00000, 0x0000000082f00000, 0x0000000083000000|  0%| F|  |TAMS 0x0000000082f00000, 0x0000000082f00000| Untracked 
|  26|0x0000000083000000, 0x0000000083000000, 0x0000000083100000|  0%| F|  |TAMS 0x0000000083000000, 0x0000000083000000| Untracked 
|  27|0x0000000083100000, 0x0000000083100000, 0x0000000083200000|  0%| F|  |TAMS 0x0000000083100000, 0x0000000083100000| Untracked 
|  28|0x0000000083200000, 0x0000000083200000, 0x0000000083300000|  0%| F|  |TAMS 0x0000000083200000, 0x0000000083200000| Untracked 
|  29|0x0000000083300000, 0x0000000083300000, 0x0000000083400000|  0%| F|  |TAMS 0x0000000083300000, 0x0000000083300000| Untracked 
|  30|0x0000000083400000, 0x0000000083400000, 0x0000000083500000|  0%| F|  |TAMS 0x0000000083400000, 0x0000000083400000| Untracked 
|  31|0x0000000083500000, 0x0000000083500000, 0x0000000083600000|  0%| F|  |TAMS 0x0000000083500000, 0x0000000083500000| Untracked 
|  32|0x0000000083600000, 0x0000000083600000, 0x0000000083700000|  0%| F|  |TAMS 0x0000000083600000, 0x0000000083600000| Untracked 
|  33|0x0000000083700000, 0x0000000083700000, 0x0000000083800000|  0%| F|  |TAMS 0x0000000083700000, 0x0000000083700000| Untracked 
|  34|0x0000000083800000, 0x0000000083800000, 0x0000000083900000|  0%| F|  |TAMS 0x0000000083800000, 0x0000000083800000| Untracked 
|  35|0x0000000083900000, 0x0000000083900000, 0x0000000083a00000|  0%| F|  |TAMS 0x0000000083900000, 0x0000000083900000| Untracked 
|  36|0x0000000083a00000, 0x0000000083ae8420, 0x0000000083b00000| 90%| S|CS|TAMS 0x0000000083a00000, 0x0000000083a00000| Complete 
|  37|0x0000000083b00000, 0x0000000083c00000, 0x0000000083c00000|100%| S|CS|TAMS 0x0000000083b00000, 0x0000000083b00000| Complete 
|  38|0x0000000083c00000, 0x0000000083c00000, 0x0000000083d00000|  0%| F|  |TAMS 0x0000000083c00000, 0x0000000083c00000| Untracked 
|  39|0x0000000083d00000, 0x0000000083d8ac30, 0x0000000083e00000| 54%| E|  |TAMS 0x0000000083d00000, 0x0000000083d00000| Complete 
|  40|0x0000000083e00000, 0x0000000083f00000, 0x0000000083f00000|100%| E|CS|TAMS 0x0000000083e00000, 0x0000000083e00000| Complete 
|  41|0x0000000083f00000, 0x0000000084000000, 0x0000000084000000|100%| E|CS|TAMS 0x0000000083f00000, 0x0000000083f00000| Complete 
|  42|0x0000000084000000, 0x0000000084100000, 0x0000000084100000|100%| E|CS|TAMS 0x0000000084000000, 0x0000000084000000| Complete 
|  43|0x0000000084100000, 0x0000000084200000, 0x0000000084200000|100%| E|CS|TAMS 0x0000000084100000, 0x0000000084100000| Complete 
|  44|0x0000000084200000, 0x0000000084300000, 0x0000000084300000|100%| E|CS|TAMS 0x0000000084200000, 0x0000000084200000| Complete 
|  45|0x0000000084300000, 0x0000000084400000, 0x0000000084400000|100%| E|CS|TAMS 0x0000000084300000, 0x0000000084300000| Complete 
|  46|0x0000000084400000, 0x0000000084500000, 0x0000000084500000|100%| E|CS|TAMS 0x0000000084400000, 0x0000000084400000| Complete 
|  47|0x0000000084500000, 0x0000000084600000, 0x0000000084600000|100%| E|CS|TAMS 0x0000000084500000, 0x0000000084500000| Complete 
|  48|0x0000000084600000, 0x0000000084700000, 0x0000000084700000|100%| E|CS|TAMS 0x0000000084600000, 0x0000000084600000| Complete 
|  49|0x0000000084700000, 0x0000000084800000, 0x0000000084800000|100%| E|CS|TAMS 0x0000000084700000, 0x0000000084700000| Complete 
|  50|0x0000000084800000, 0x0000000084900000, 0x0000000084900000|100%| E|CS|TAMS 0x0000000084800000, 0x0000000084800000| Complete 
|  51|0x0000000084900000, 0x0000000084a00000, 0x0000000084a00000|100%| E|CS|TAMS 0x0000000084900000, 0x0000000084900000| Complete 
|  52|0x0000000084a00000, 0x0000000084b00000, 0x0000000084b00000|100%| E|CS|TAMS 0x0000000084a00000, 0x0000000084a00000| Complete 
|  53|0x0000000084b00000, 0x0000000084c00000, 0x0000000084c00000|100%| E|CS|TAMS 0x0000000084b00000, 0x0000000084b00000| Complete 
|  54|0x0000000084c00000, 0x0000000084d00000, 0x0000000084d00000|100%| E|CS|TAMS 0x0000000084c00000, 0x0000000084c00000| Complete 
|  55|0x0000000084d00000, 0x0000000084e00000, 0x0000000084e00000|100%| E|CS|TAMS 0x0000000084d00000, 0x0000000084d00000| Complete 
|  56|0x0000000084e00000, 0x0000000084f00000, 0x0000000084f00000|100%| E|CS|TAMS 0x0000000084e00000, 0x0000000084e00000| Complete 
|  57|0x0000000084f00000, 0x0000000085000000, 0x0000000085000000|100%| E|CS|TAMS 0x0000000084f00000, 0x0000000084f00000| Complete 
|  58|0x0000000085000000, 0x0000000085100000, 0x0000000085100000|100%| E|CS|TAMS 0x0000000085000000, 0x0000000085000000| Complete 
|  59|0x0000000085100000, 0x0000000085200000, 0x0000000085200000|100%| E|CS|TAMS 0x0000000085100000, 0x0000000085100000| Complete 
|  60|0x0000000085200000, 0x0000000085300000, 0x0000000085300000|100%| E|CS|TAMS 0x0000000085200000, 0x0000000085200000| Complete 
|  61|0x0000000085300000, 0x0000000085400000, 0x0000000085400000|100%| E|CS|TAMS 0x0000000085300000, 0x0000000085300000| Complete 
|  62|0x0000000085400000, 0x0000000085500000, 0x0000000085500000|100%| E|CS|TAMS 0x0000000085400000, 0x0000000085400000| Complete 
|  63|0x0000000085500000, 0x0000000085600000, 0x0000000085600000|100%| E|CS|TAMS 0x0000000085500000, 0x0000000085500000| Complete 
|  64|0x0000000085600000, 0x0000000085700000, 0x0000000085700000|100%| E|CS|TAMS 0x0000000085600000, 0x0000000085600000| Complete 
|  65|0x0000000085700000, 0x0000000085800000, 0x0000000085800000|100%| E|CS|TAMS 0x0000000085700000, 0x0000000085700000| Complete 
|  66|0x0000000085800000, 0x0000000085900000, 0x0000000085900000|100%| E|CS|TAMS 0x0000000085800000, 0x0000000085800000| Complete 
|  67|0x0000000085900000, 0x0000000085a00000, 0x0000000085a00000|100%| E|CS|TAMS 0x0000000085900000, 0x0000000085900000| Complete 
|  68|0x0000000085a00000, 0x0000000085b00000, 0x0000000085b00000|100%| E|CS|TAMS 0x0000000085a00000, 0x0000000085a00000| Complete 
|  69|0x0000000085b00000, 0x0000000085c00000, 0x0000000085c00000|100%| E|CS|TAMS 0x0000000085b00000, 0x0000000085b00000| Complete 
|  70|0x0000000085c00000, 0x0000000085d00000, 0x0000000085d00000|100%| E|CS|TAMS 0x0000000085c00000, 0x0000000085c00000| Complete 
|  71|0x0000000085d00000, 0x0000000085e00000, 0x0000000085e00000|100%| E|CS|TAMS 0x0000000085d00000, 0x0000000085d00000| Complete 
|  72|0x0000000085e00000, 0x0000000085f00000, 0x0000000085f00000|100%| E|CS|TAMS 0x0000000085e00000, 0x0000000085e00000| Complete 
|  73|0x0000000085f00000, 0x0000000086000000, 0x0000000086000000|100%| E|CS|TAMS 0x0000000085f00000, 0x0000000085f00000| Complete 
|  74|0x0000000086000000, 0x0000000086100000, 0x0000000086100000|100%| E|CS|TAMS 0x0000000086000000, 0x0000000086000000| Complete 
|  75|0x0000000086100000, 0x0000000086200000, 0x0000000086200000|100%| E|CS|TAMS 0x0000000086100000, 0x0000000086100000| Complete 
|  76|0x0000000086200000, 0x0000000086300000, 0x0000000086300000|100%| E|CS|TAMS 0x0000000086200000, 0x0000000086200000| Complete 
|  77|0x0000000086300000, 0x0000000086400000, 0x0000000086400000|100%| E|CS|TAMS 0x0000000086300000, 0x0000000086300000| Complete 
| 127|0x0000000089500000, 0x0000000089600000, 0x0000000089600000|100%| E|CS|TAMS 0x0000000089500000, 0x0000000089500000| Complete 

Card table byte_map: [0x000001a5f2a40000,0x000001a5f2e40000] _byte_map_base: 0x000001a5f2635000

Marking Bits (Prev, Next): (CMBitMap*) 0x000001a5dde0a700, (CMBitMap*) 0x000001a5dde0a740
 Prev Bits: [0x000001a5f3240000, 0x000001a5f51e8000)
 Next Bits: [0x000001a5f51f0000, 0x000001a5f7198000)

Polling page: 0x000001a5ddc60000

Metaspace:

Usage:
  Non-class:     33.44 MB capacity,    33.14 MB (>99%) used,   240.42 KB ( <1%) free+waste,    58.69 KB ( <1%) overhead. 
      Class:      4.72 MB capacity,     4.55 MB ( 96%) used,   151.82 KB (  3%) free+waste,    23.31 KB ( <1%) overhead. 
       Both:     38.16 MB capacity,    37.69 MB ( 99%) used,   392.24 KB (  1%) free+waste,    82.00 KB ( <1%) overhead. 

Virtual space:
  Non-class space:       34.00 MB reserved,      33.50 MB ( 99%) committed 
      Class space:        1.00 GB reserved,       4.75 MB ( <1%) committed 
             Both:        1.03 GB reserved,      38.25 MB (  4%) committed 

Chunk freelists:
   Non-Class:  1.00 KB
       Class:  0 bytes
        Both:  1.00 KB

MaxMetaspaceSize: 17179869184.00 GB
CompressedClassSpaceSize: 1.00 GB

CodeHeap 'non-profiled nmethods': size=238912Kb used=5643Kb max_used=5643Kb free=233268Kb
 bounds [0x000001a5e36c0000, 0x000001a5e3c50000, 0x000001a5f2010000]
CodeHeap 'non-nmethods': size=6848Kb used=1213Kb max_used=1213Kb free=5634Kb
 bounds [0x000001a5e3010000, 0x000001a5e3280000, 0x000001a5e36c0000]
 total_blobs=4128 nmethods=3644 adapters=410
 compilation: enabled
              stopped_count=0, restarted_count=0
 full_count=0

Compilation events (20 events):
Event: 30.174 Thread 0x000001a5fa010d50 3632  s    1       org.apache.catalina.util.LifecycleBase::setStateInternal (144 bytes)
Event: 30.176 Thread 0x000001a5fa010d50 nmethod 3632 0x000001a5e3c3f410 code [0x000001a5e3c3f620, 0x000001a5e3c3fce8]
Event: 30.176 Thread 0x000001a5fa010d50 3636       1       ch.qos.logback.core.pattern.FormattingConverter::write (154 bytes)
Event: 30.179 Thread 0x000001a5fa010d50 nmethod 3636 0x000001a5e3c40010 code [0x000001a5e3c40240, 0x000001a5e3c40678]
Event: 30.179 Thread 0x000001a5fa010d50 3635       1       java.lang.invoke.DirectMethodHandle$Special::isInvokeSpecial (2 bytes)
Event: 30.180 Thread 0x000001a5fa010d50 nmethod 3635 0x000001a5e3c40a10 code [0x000001a5e3c40ba0, 0x000001a5e3c40c58]
Event: 30.229 Thread 0x000001a5fa010d50 3637       1       java.util.LinkedHashSet::<init> (27 bytes)
Event: 30.230 Thread 0x000001a5fa010d50 nmethod 3637 0x000001a5e3c40d10 code [0x000001a5e3c40ee0, 0x000001a5e3c41108]
Event: 30.230 Thread 0x000001a5fa010d50 3638       1       java.util.Collections$3::hasMoreElements (10 bytes)
Event: 30.231 Thread 0x000001a5fa010d50 nmethod 3638 0x000001a5e3c41210 code [0x000001a5e3c413a0, 0x000001a5e3c41488]
Event: 30.810 Thread 0x000001a5fa010d50 3640       1       java.io.FilterOutputStream::<init> (21 bytes)
Event: 30.810 Thread 0x000001a5fa010d50 nmethod 3640 0x000001a5e3c41810 code [0x000001a5e3c419a0, 0x000001a5e3c41b38]
Event: 30.810 Thread 0x000001a5fa010d50 3641       1       ch.qos.logback.classic.Logger::recursiveReset (58 bytes)
Event: 30.811 Thread 0x000001a5fa010d50 nmethod 3641 0x000001a5e3c41c10 code [0x000001a5e3c41e00, 0x000001a5e3c420c8]
Event: 30.811 Thread 0x000001a5fa010d50 3642       1       ch.qos.logback.classic.Logger::detachAndStopAllAppenders (15 bytes)
Event: 30.811 Thread 0x000001a5fa010d50 nmethod 3642 0x000001a5e3c42290 code [0x000001a5e3c42420, 0x000001a5e3c42508]
Event: 30.811 Thread 0x000001a5fa010d50 3643       1       ch.qos.logback.classic.Logger::localLevelReset (30 bytes)
Event: 30.811 Thread 0x000001a5fa010d50 nmethod 3643 0x000001a5e3c42610 code [0x000001a5e3c427a0, 0x000001a5e3c42918]
Event: 30.811 Thread 0x000001a5fa010d50 3644       1       ch.qos.logback.classic.Logger::isRootLogger (13 bytes)
Event: 30.811 Thread 0x000001a5fa010d50 nmethod 3644 0x000001a5e3c42990 code [0x000001a5e3c42b20, 0x000001a5e3c42bf8]

GC Heap History (14 events):
Event: 0.835 GC heap before
{Heap before GC invocations=0 (full 0):
 garbage-first heap   total 131072K, used 12288K [0x0000000081600000, 0x0000000100000000)
  region size 1024K, 13 young (13312K), 0 survivors (0K)
 Metaspace       used 13962K, capacity 14187K, committed 14336K, reserved 1062912K
  class space    used 1385K, capacity 1447K, committed 1536K, reserved 1048576K
}
Event: 0.845 GC heap after
{Heap after GC invocations=1 (full 0):
 garbage-first heap   total 131072K, used 4671K [0x0000000081600000, 0x0000000100000000)
  region size 1024K, 2 young (2048K), 2 survivors (2048K)
 Metaspace       used 13962K, capacity 14187K, committed 14336K, reserved 1062912K
  class space    used 1385K, capacity 1447K, committed 1536K, reserved 1048576K
}
Event: 1.040 GC heap before
{Heap before GC invocations=1 (full 0):
 garbage-first heap   total 131072K, used 15935K [0x0000000081600000, 0x0000000100000000)
  region size 1024K, 13 young (13312K), 2 survivors (2048K)
 Metaspace       used 16252K, capacity 16502K, committed 16640K, reserved 1064960K
  class space    used 1695K, capacity 1776K, committed 1792K, reserved 1048576K
}
Event: 1.045 GC heap after
{Heap after GC invocations=2 (full 0):
 garbage-first heap   total 131072K, used 5563K [0x0000000081600000, 0x0000000100000000)
  region size 1024K, 1 young (1024K), 1 survivors (1024K)
 Metaspace       used 16252K, capacity 16502K, committed 16640K, reserved 1064960K
  class space    used 1695K, capacity 1776K, committed 1792K, reserved 1048576K
}
Event: 1.468 GC heap before
{Heap before GC invocations=2 (full 0):
 garbage-first heap   total 131072K, used 22971K [0x0000000081600000, 0x0000000100000000)
  region size 1024K, 20 young (20480K), 1 survivors (1024K)
 Metaspace       used 20823K, capacity 21156K, committed 21248K, reserved 1069056K
  class space    used 2352K, capacity 2471K, committed 2560K, reserved 1048576K
}
Event: 1.473 GC heap after
{Heap after GC invocations=3 (full 0):
 garbage-first heap   total 131072K, used 6995K [0x0000000081600000, 0x0000000100000000)
  region size 1024K, 3 young (3072K), 3 survivors (3072K)
 Metaspace       used 20823K, capacity 21156K, committed 21248K, reserved 1069056K
  class space    used 2352K, capacity 2471K, committed 2560K, reserved 1048576K
}
Event: 1.760 GC heap before
{Heap before GC invocations=4 (full 0):
 garbage-first heap   total 30720K, used 29523K [0x0000000081600000, 0x0000000100000000)
  region size 1024K, 25 young (25600K), 3 survivors (3072K)
 Metaspace       used 26423K, capacity 26780K, committed 27008K, reserved 1073152K
  class space    used 3045K, capacity 3149K, committed 3200K, reserved 1048576K
}
Event: 1.766 GC heap after
{Heap after GC invocations=5 (full 0):
 garbage-first heap   total 33792K, used 7789K [0x0000000081600000, 0x0000000100000000)
  region size 1024K, 3 young (3072K), 3 survivors (3072K)
 Metaspace       used 26423K, capacity 26780K, committed 27008K, reserved 1073152K
  class space    used 3045K, capacity 3149K, committed 3200K, reserved 1048576K
}
Event: 2.053 GC heap before
{Heap before GC invocations=6 (full 0):
 garbage-first heap   total 30720K, used 21101K [0x0000000081600000, 0x0000000100000000)
  region size 1024K, 17 young (17408K), 3 survivors (3072K)
 Metaspace       used 27409K, capacity 27762K, committed 27904K, reserved 1073152K
  class space    used 3195K, capacity 3323K, committed 3328K, reserved 1048576K
}
Event: 2.060 GC heap after
{Heap after GC invocations=7 (full 0):
 garbage-first heap   total 80896K, used 9116K [0x0000000081600000, 0x0000000100000000)
  region size 1024K, 3 young (3072K), 3 survivors (3072K)
 Metaspace       used 27409K, capacity 27762K, committed 27904K, reserved 1073152K
  class space    used 3195K, capacity 3323K, committed 3328K, reserved 1048576K
}
Event: 3.180 GC heap before
{Heap before GC invocations=7 (full 0):
 garbage-first heap   total 80896K, used 54172K [0x0000000081600000, 0x0000000100000000)
  region size 1024K, 47 young (48128K), 3 survivors (3072K)
 Metaspace       used 34049K, capacity 34527K, committed 34688K, reserved 1079296K
  class space    used 4053K, capacity 4183K, committed 4224K, reserved 1048576K
}
Event: 3.192 GC heap after
{Heap after GC invocations=8 (full 0):
 garbage-first heap   total 80896K, used 12676K [0x0000000081600000, 0x0000000100000000)
  region size 1024K, 6 young (6144K), 6 survivors (6144K)
 Metaspace       used 34049K, capacity 34527K, committed 34688K, reserved 1079296K
  class space    used 4053K, capacity 4183K, committed 4224K, reserved 1048576K
}
Event: 4.196 GC heap before
{Heap before GC invocations=8 (full 0):
 garbage-first heap   total 80896K, used 54660K [0x0000000081600000, 0x0000000100000000)
  region size 1024K, 47 young (48128K), 6 survivors (6144K)
 Metaspace       used 35936K, capacity 36397K, committed 36480K, reserved 1081344K
  class space    used 4319K, capacity 4456K, committed 4480K, reserved 1048576K
}
Event: 4.204 GC heap after
{Heap after GC invocations=9 (full 0):
 garbage-first heap   total 80896K, used 13416K [0x0000000081600000, 0x0000000100000000)
  region size 1024K, 2 young (2048K), 2 survivors (2048K)
 Metaspace       used 35936K, capacity 36397K, committed 36480K, reserved 1081344K
  class space    used 4319K, capacity 4456K, committed 4480K, reserved 1048576K
}

Deoptimization events (0 events):
No events

Classes unloaded (0 events):
No events

Classes redefined (0 events):
No events

Internal exceptions (20 events):
Event: 3.990 Thread 0x000001a5fac226f0 Exception <a 'java/lang/ClassNotFoundException'{0x000000008455ad20}: org/springframework/context/ResourceLoaderAwareCustomizer> (0x000000008455ad20) 
thrown [./open/src/hotspot/share/classfile/systemDictionary.cpp, line 295]
Event: 3.990 Thread 0x000001a5fac226f0 Exception <a 'java/lang/ClassNotFoundException'{0x000000008455f6a8}: org/springframework/beans/factory/AwareCustomizer> (0x000000008455f6a8) 
thrown [./open/src/hotspot/share/classfile/systemDictionary.cpp, line 295]
Event: 3.991 Thread 0x000001a5fac226f0 Exception <a 'java/lang/ClassNotFoundException'{0x0000000084563410}: org/springframework/context/ApplicationContextAwareCustomizer> (0x0000000084563410) 
thrown [./open/src/hotspot/share/classfile/systemDictionary.cpp, line 295]
Event: 3.992 Thread 0x000001a5fac226f0 Exception <a 'java/lang/ClassNotFoundException'{0x0000000084568978}: org/springframework/beans/factory/AwareCustomizer> (0x0000000084568978) 
thrown [./open/src/hotspot/share/classfile/systemDictionary.cpp, line 295]
Event: 3.992 Thread 0x000001a5fac226f0 Exception <a 'java/lang/ClassNotFoundException'{0x000000008456c6b8}: org/springframework/web/context/ServletContextAwareCustomizer> (0x000000008456c6b8) 
thrown [./open/src/hotspot/share/classfile/systemDictionary.cpp, line 295]
Event: 3.993 Thread 0x000001a5fac226f0 Exception <a 'java/lang/ClassNotFoundException'{0x0000000084571498}: org/springframework/beans/factory/AwareCustomizer> (0x0000000084571498) 
thrown [./open/src/hotspot/share/classfile/systemDictionary.cpp, line 295]
Event: 4.087 Thread 0x000001a5fac226f0 Exception <a 'java/lang/NoSuchMethodError'{0x00000000841c9ca8}: 'void java.lang.invoke.DirectMethodHandle$Holder.invokeVirtual(java.lang.Object, java.lang.Object, int)'> (0x00000000841c9ca8) 
thrown [./open/src/hotspot/share/interpreter/linkResolver.cpp, line 782]
Event: 4.089 Thread 0x000001a5fac226f0 Exception <a 'java/lang/NoSuchMethodError'{0x00000000841e5d30}: 'void java.lang.invoke.DirectMethodHandle$Holder.invokeVirtual(java.lang.Object, java.lang.Object, long)'> (0x00000000841e5d30) 
thrown [./open/src/hotspot/share/interpreter/linkResolver.cpp, line 782]
Event: 4.191 Thread 0x000001a5fac226f0 Exception <a 'java/lang/IncompatibleClassChangeError'{0x0000000083ca87a8}: Found class java.lang.Object, but interface was expected> (0x0000000083ca87a8) 
thrown [./open/src/hotspot/share/interpreter/linkResolver.cpp, line 848]
Event: 4.226 Thread 0x000001a5fac226f0 Exception <a 'java/lang/NoSuchMethodError'{0x00000000895df0e0}: 'int java.lang.invoke.DirectMethodHandle$Holder.invokeStaticInit(java.lang.Object, java.lang.Object, java.lang.Object, java.lang.Object)'> (0x00000000895df0e0) 
thrown [./open/src/hotspot/share/interpreter/linkResolver.cpp, line 782]
Event: 4.326 Thread 0x000001a5fac226f0 Exception <a 'java/lang/NoSuchMethodError'{0x0000000085f96be0}: 'java.lang.Object java.lang.invoke.DirectMethodHandle$Holder.newInvokeSpecial(java.lang.Object, java.lang.Object, int, java.lang.Object, java.lang.Object)'> (0x0000000085f96be0) 
thrown [./open/src/hotspot/share/interpreter/linkResolver.cpp, line 782]
Event: 4.326 Thread 0x000001a5fac226f0 Exception <a 'java/lang/NoSuchMethodError'{0x0000000085fa28e8}: 'java.lang.Object java.lang.invoke.DirectMethodHandle$Holder.invokeSpecial(java.lang.Object, java.lang.Object, int, java.lang.Object, int, java.lang.Object)'> (0x0000000085fa28e8) 
thrown [./open/src/hotspot/share/interpreter/linkResolver.cpp, line 782]
Event: 4.327 Thread 0x000001a5fac226f0 Exception <a 'java/lang/NoSuchMethodError'{0x0000000085fab378}: 'java.lang.Object java.lang.invoke.DirectMethodHandle$Holder.newInvokeSpecial(java.lang.Object, java.lang.Object, int, java.lang.Object, int)'> (0x0000000085fab378) 
thrown [./open/src/hotspot/share/interpreter/linkResolver.cpp, line 782]
Event: 4.327 Thread 0x000001a5fac226f0 Exception <a 'java/lang/NoSuchMethodError'{0x0000000085faf838}: 'java.lang.Object java.lang.invoke.DirectMethodHandle$Holder.invokeSpecial(java.lang.Object, java.lang.Object, java.lang.Object, int, java.lang.Object, int)'> (0x0000000085faf838) 
thrown [./open/src/hotspot/share/interpreter/linkResolver.cpp, line 782]
Event: 4.328 Thread 0x000001a5fac226f0 Exception <a 'java/lang/NoSuchMethodError'{0x0000000085fb9d78}: 'void java.lang.invoke.DirectMethodHandle$Holder.invokeVirtual(java.lang.Object, java.lang.Object)'> (0x0000000085fb9d78) 
thrown [./open/src/hotspot/share/interpreter/linkResolver.cpp, line 782]
Event: 30.167 Thread 0x000001a5fbaeacc0 Exception <a 'java/lang/InterruptedException'{0x000000008528ac48}: sleep interrupted> (0x000000008528ac48) 
thrown [./open/src/hotspot/share/prims/jvm.cpp, line 3278]
Event: 30.170 Thread 0x000001a5fbae77d0 Exception <a 'java/lang/InterruptedException'{0x00000000853a7c60}: sleep interrupted> (0x00000000853a7c60) 
thrown [./open/src/hotspot/share/prims/jvm.cpp, line 3278]
Event: 30.229 Thread 0x000001a5fc5a5d40 Exception <a 'java/io/FileNotFoundException'{0x000000008521b5f0}> (0x000000008521b5f0) 
thrown [./open/src/hotspot/share/prims/jni.cpp, line 578]
Event: 30.555 Thread 0x000001a5fc5a5d40 Exception <a 'java/io/FileNotFoundException'{0x0000000084721058}> (0x0000000084721058) 
thrown [./open/src/hotspot/share/prims/jni.cpp, line 578]
Event: 30.809 Thread 0x000001a5fc5a5d40 Exception <a 'java/lang/NoSuchMethodError'{0x0000000083d58d38}: 'void java.lang.invoke.DirectMethodHandle$Holder.invokeInterface(java.lang.Object, java.lang.Object)'> (0x0000000083d58d38) 
thrown [./open/src/hotspot/share/interpreter/linkResolver.cpp, line 782]

Events (20 events):
Event: 25.162 Thread 0x000001a5fbaec9a0 Thread exited: 0x000001a5fbaec9a0
Event: 25.162 Thread 0x000001a5fbaece70 Thread exited: 0x000001a5fbaece70
Event: 25.162 Thread 0x000001a5fbae5fc0 Thread exited: 0x000001a5fbae5fc0
Event: 25.162 Thread 0x000001a5fbaed810 Thread exited: 0x000001a5fbaed810
Event: 25.162 Thread 0x000001a5fbaeb660 Thread exited: 0x000001a5fbaeb660
Event: 25.163 Thread 0x000001a5fbae7300 Thread exited: 0x000001a5fbae7300
Event: 30.167 Thread 0x000001a5fbaeacc0 Thread exited: 0x000001a5fbaeacc0
Event: 30.167 loading class javax/management/ObjectName$PatternProperty
Event: 30.167 loading class javax/management/ObjectName$PatternProperty done
Event: 30.169 Thread 0x000001a5fbaec000 Thread exited: 0x000001a5fbaec000
Event: 30.169 Thread 0x000001a5fbae9e50 Thread exited: 0x000001a5fbae9e50
Event: 30.170 Thread 0x000001a5fbae77d0 Thread exited: 0x000001a5fbae77d0
Event: 30.197 Executing VM operation: HandshakeAllThreads
Event: 30.198 Executing VM operation: HandshakeAllThreads done
Event: 30.228 Thread 0x000001a5fbae8fe0 Thread exited: 0x000001a5fbae8fe0
Event: 30.228 Thread 0x000001a5fc5a4ed0 Thread added: 0x000001a5fc5a4ed0
Event: 30.229 Thread 0x000001a5fc5a53a0 Thread added: 0x000001a5fc5a53a0
Event: 30.230 Thread 0x000001a5fc5a53a0 Thread exited: 0x000001a5fc5a53a0
Event: 30.810 Thread 0x000001a5fc5a4ed0 Thread exited: 0x000001a5fc5a4ed0
Event: 30.812 Thread 0x000001a5fbae6960 Thread exited: 0x000001a5fbae6960


Dynamic libraries:
0x00007ff7cb840000 - 0x00007ff7cb84d000 	C:\sts-4.9.0.RELEASE\plugins\org.eclipse.justj.openjdk.hotspot.jre.full.win32.x86_64_15.0.1.v20201027-0507\jre\bin\javaw.exe
0x00007fff612d0000 - 0x00007fff614c5000 	C:\WINDOWS\SYSTEM32\ntdll.dll
0x00007fff611d0000 - 0x00007fff6128d000 	C:\WINDOWS\System32\KERNEL32.DLL
0x00007fff5eba0000 - 0x00007fff5ee69000 	C:\WINDOWS\System32\KERNELBASE.dll
0x00007fff5ea00000 - 0x00007fff5eb00000 	C:\WINDOWS\System32\ucrtbase.dll
0x00007fff4deb0000 - 0x00007fff4dec8000 	C:\sts-4.9.0.RELEASE\plugins\org.eclipse.justj.openjdk.hotspot.jre.full.win32.x86_64_15.0.1.v20201027-0507\jre\bin\jli.dll
0x00007fff61000000 - 0x00007fff611a0000 	C:\WINDOWS\System32\USER32.dll
0x00007fff5f1d0000 - 0x00007fff5f1f2000 	C:\WINDOWS\System32\win32u.dll
0x00007fff5fb80000 - 0x00007fff5fbaa000 	C:\WINDOWS\System32\GDI32.dll
0x00007fff5f060000 - 0x00007fff5f16b000 	C:\WINDOWS\System32\gdi32full.dll
0x00007fff5eb00000 - 0x00007fff5eb9d000 	C:\WINDOWS\System32\msvcp_win.dll
0x00007fff4af70000 - 0x00007fff4af89000 	C:\sts-4.9.0.RELEASE\plugins\org.eclipse.justj.openjdk.hotspot.jre.full.win32.x86_64_15.0.1.v20201027-0507\jre\bin\VCRUNTIME140.dll
0x00007fff54120000 - 0x00007fff543ba000 	C:\WINDOWS\WinSxS\amd64_microsoft.windows.common-controls_6595b64144ccf1df_6.0.19041.1110_none_60b5254171f9507e\COMCTL32.dll
0x00007fff604f0000 - 0x00007fff6058e000 	C:\WINDOWS\System32\msvcrt.dll
0x00007fff611a0000 - 0x00007fff611d0000 	C:\WINDOWS\System32\IMM32.DLL
0x00007fff59930000 - 0x00007fff5993c000 	C:\sts-4.9.0.RELEASE\plugins\org.eclipse.justj.openjdk.hotspot.jre.full.win32.x86_64_15.0.1.v20201027-0507\jre\bin\vcruntime140_1.dll
0x00007fff43900000 - 0x00007fff43991000 	C:\sts-4.9.0.RELEASE\plugins\org.eclipse.justj.openjdk.hotspot.jre.full.win32.x86_64_15.0.1.v20201027-0507\jre\bin\msvcp140.dll
0x00007fff1d8f0000 - 0x00007fff1e44e000 	C:\sts-4.9.0.RELEASE\plugins\org.eclipse.justj.openjdk.hotspot.jre.full.win32.x86_64_15.0.1.v20201027-0507\jre\bin\server\jvm.dll
0x00007fff5fa70000 - 0x00007fff5fb1c000 	C:\WINDOWS\System32\ADVAPI32.dll
0x00007fff606c0000 - 0x00007fff6075b000 	C:\WINDOWS\System32\sechost.dll
0x00007fff60e70000 - 0x00007fff60f9a000 	C:\WINDOWS\System32\RPCRT4.dll
0x00007fff60d40000 - 0x00007fff60d48000 	C:\WINDOWS\System32\PSAPI.DLL
0x00007fff5a960000 - 0x00007fff5a969000 	C:\WINDOWS\SYSTEM32\WSOCK32.dll
0x00007fff55280000 - 0x00007fff552a7000 	C:\WINDOWS\SYSTEM32\WINMM.dll
0x00007fff60150000 - 0x00007fff601bb000 	C:\WINDOWS\System32\WS2_32.dll
0x00007fff59170000 - 0x00007fff5917a000 	C:\WINDOWS\SYSTEM32\VERSION.dll
0x00007fff5c910000 - 0x00007fff5c922000 	C:\WINDOWS\SYSTEM32\kernel.appcore.dll
0x00007fff57500000 - 0x00007fff5750a000 	C:\sts-4.9.0.RELEASE\plugins\org.eclipse.justj.openjdk.hotspot.jre.full.win32.x86_64_15.0.1.v20201027-0507\jre\bin\jimage.dll
0x00007fff490d0000 - 0x00007fff492b4000 	C:\WINDOWS\SYSTEM32\DBGHELP.DLL
0x00007fff49090000 - 0x00007fff490bc000 	C:\WINDOWS\SYSTEM32\dbgcore.DLL
0x00007fff5ee70000 - 0x00007fff5eef3000 	C:\WINDOWS\System32\bcryptPrimitives.dll
0x00007fff57110000 - 0x00007fff57135000 	C:\sts-4.9.0.RELEASE\plugins\org.eclipse.justj.openjdk.hotspot.jre.full.win32.x86_64_15.0.1.v20201027-0507\jre\bin\java.dll
0x00007fff56dd0000 - 0x00007fff56de8000 	C:\sts-4.9.0.RELEASE\plugins\org.eclipse.justj.openjdk.hotspot.jre.full.win32.x86_64_15.0.1.v20201027-0507\jre\bin\zip.dll
0x00007fff5f330000 - 0x00007fff5fa6f000 	C:\WINDOWS\System32\SHELL32.dll
0x00007fff5cb10000 - 0x00007fff5d2a0000 	C:\WINDOWS\SYSTEM32\windows.storage.dll
0x00007fff5fdf0000 - 0x00007fff60145000 	C:\WINDOWS\System32\combase.dll
0x00007fff5e460000 - 0x00007fff5e48c000 	C:\WINDOWS\SYSTEM32\Wldp.dll
0x00007fff60d60000 - 0x00007fff60e0e000 	C:\WINDOWS\System32\SHCORE.dll
0x00007fff5fb20000 - 0x00007fff5fb75000 	C:\WINDOWS\System32\shlwapi.dll
0x00007fff5e940000 - 0x00007fff5e95f000 	C:\WINDOWS\SYSTEM32\profapi.dll
0x00007fff4f0f0000 - 0x00007fff4f109000 	C:\sts-4.9.0.RELEASE\plugins\org.eclipse.justj.openjdk.hotspot.jre.full.win32.x86_64_15.0.1.v20201027-0507\jre\bin\net.dll
0x00007fff4fe30000 - 0x00007fff4ff38000 	C:\WINDOWS\SYSTEM32\WINHTTP.dll
0x00007fff5e1c0000 - 0x00007fff5e22a000 	C:\WINDOWS\system32\mswsock.dll
0x00007fff4f0c0000 - 0x00007fff4f0d2000 	C:\sts-4.9.0.RELEASE\plugins\org.eclipse.justj.openjdk.hotspot.jre.full.win32.x86_64_15.0.1.v20201027-0507\jre\bin\nio.dll
0x00007fff4e9a0000 - 0x00007fff4e9a9000 	C:\sts-4.9.0.RELEASE\plugins\org.eclipse.justj.openjdk.hotspot.jre.full.win32.x86_64_15.0.1.v20201027-0507\jre\bin\management.dll
0x00007fff4dea0000 - 0x00007fff4deab000 	C:\sts-4.9.0.RELEASE\plugins\org.eclipse.justj.openjdk.hotspot.jre.full.win32.x86_64_15.0.1.v20201027-0507\jre\bin\management_ext.dll
0x00007fff49d00000 - 0x00007fff49d17000 	C:\WINDOWS\system32\napinsp.dll
0x00007fff49ce0000 - 0x00007fff49cfb000 	C:\WINDOWS\system32\pnrpnsp.dll
0x00007fff49cc0000 - 0x00007fff49cd5000 	C:\WINDOWS\system32\wshbth.dll
0x00007fff5a330000 - 0x00007fff5a34d000 	C:\WINDOWS\system32\NLAapi.dll
0x00007fff5de60000 - 0x00007fff5de9b000 	C:\WINDOWS\SYSTEM32\IPHLPAPI.DLL
0x00007fff5deb0000 - 0x00007fff5df7c000 	C:\WINDOWS\SYSTEM32\DNSAPI.dll
0x00007fff60c90000 - 0x00007fff60c98000 	C:\WINDOWS\System32\NSI.dll
0x00007fff49ca0000 - 0x00007fff49cb2000 	C:\WINDOWS\System32\winrnr.dll
0x00007fff551f0000 - 0x00007fff551fa000 	C:\Windows\System32\rasadhlp.dll
0x00007fff4faa0000 - 0x00007fff4fb1f000 	C:\WINDOWS\System32\fwpuclnt.dll
0x00007fff5f300000 - 0x00007fff5f327000 	C:\WINDOWS\System32\bcrypt.dll
0x00007fff5e3b0000 - 0x00007fff5e3c8000 	C:\WINDOWS\SYSTEM32\CRYPTSP.dll
0x00007fff5dad0000 - 0x00007fff5db04000 	C:\WINDOWS\system32\rsaenh.dll
0x00007fff5e8c0000 - 0x00007fff5e8ee000 	C:\WINDOWS\SYSTEM32\USERENV.dll
0x00007fff5e3d0000 - 0x00007fff5e3dc000 	C:\WINDOWS\SYSTEM32\CRYPTBASE.dll
0x00007fff55e40000 - 0x00007fff55e57000 	C:\WINDOWS\SYSTEM32\dhcpcsvc6.DLL
0x00007fff55e20000 - 0x00007fff55e3d000 	C:\WINDOWS\SYSTEM32\dhcpcsvc.DLL
0x00007fff56fd0000 - 0x00007fff56fe0000 	C:\sts-4.9.0.RELEASE\plugins\org.eclipse.justj.openjdk.hotspot.jre.full.win32.x86_64_15.0.1.v20201027-0507\jre\bin\verify.dll
0x000000006af40000 - 0x000000006af9f000 	C:\Users\tasso\AppData\Local\Temp\libNRJavaSerial_tasso_0\libNRJavaSerial.dll

dbghelp: loaded successfully - version: 4.0.5 - missing functions: none
symbol engine: initialized successfully - sym options: 0x614 - pdb path: .;C:\sts-4.9.0.RELEASE\plugins\org.eclipse.justj.openjdk.hotspot.jre.full.win32.x86_64_15.0.1.v20201027-0507\jre\bin;C:\WINDOWS\SYSTEM32;C:\WINDOWS\WinSxS\amd64_microsoft.windows.common-controls_6595b64144ccf1df_6.0.19041.1110_none_60b5254171f9507e;C:\sts-4.9.0.RELEASE\plugins\org.eclipse.justj.openjdk.hotspot.jre.full.win32.x86_64_15.0.1.v20201027-0507\jre\bin\server;C:\Users\tasso\AppData\Local\Temp\libNRJavaSerial_tasso_0

VM Arguments:
jvm_args: -Dcom.sun.management.jmxremote -Dcom.sun.management.jmxremote.port=50736 -Dcom.sun.management.jmxremote.authenticate=false -Dcom.sun.management.jmxremote.ssl=false -Djava.rmi.server.hostname=localhost -Dspring.jmx.enabled=true -Dspring.application.admin.enabled=true -XX:TieredStopAtLevel=1 -Dspring.boot.project.name=tcc -Dfile.encoding=UTF-8 -XX:+ShowCodeDetailsInExceptionMessages 
java_command: com.tcc.TccApplication --spring.output.ansi.enabled=always
java_class_path (initial): C:\Users\tasso\Documents\workspace-spring-tool-suite-4-4.9.0.RELEASE\tcc\target\classes;C:\Users\tasso\.m2\repository\org\springframework\boot\spring-boot-starter-thymeleaf\2.5.3\spring-boot-starter-thymeleaf-2.5.3.jar;C:\Users\tasso\.m2\repository\org\springframework\boot\spring-boot-starter\2.5.3\spring-boot-starter-2.5.3.jar;C:\Users\tasso\.m2\repository\org\springframework\boot\spring-boot-starter-logging\2.5.3\spring-boot-starter-logging-2.5.3.jar;C:\Users\tasso\.m2\repository\ch\qos\logback\logback-classic\1.2.4\logback-classic-1.2.4.jar;C:\Users\tasso\.m2\repository\ch\qos\logback\logback-core\1.2.4\logback-core-1.2.4.jar;C:\Users\tasso\.m2\repository\org\apache\logging\log4j\log4j-to-slf4j\2.14.1\log4j-to-slf4j-2.14.1.jar;C:\Users\tasso\.m2\repository\org\apache\logging\log4j\log4j-api\2.14.1\log4j-api-2.14.1.jar;C:\Users\tasso\.m2\repository\org\slf4j\jul-to-slf4j\1.7.32\jul-to-slf4j-1.7.32.jar;C:\Users\tasso\.m2\repository\jakarta\annotation\jakarta.annotation-api\1.3.5\jakarta.annotation-api-1.3.5.jar;C:\Users\tasso\.m2\repository\org\yaml\snakeyaml\1.28\snakeyaml-1.28.jar;C:\Users\tasso\.m2\repository\org\thymeleaf\thymeleaf-spring5\3.0.12.RELEASE\thymeleaf-spring5-3.0.12.RELEASE.jar;C:\Users\tasso\.m2\repository\org\thymeleaf\thymeleaf\3.0.12.RELEASE\thymeleaf-3.0.12.RELEASE.jar;C:\Users\tasso\.m2\repository\org\attoparser\attoparser\2.0.5.RELEASE\attoparser-2.0.5.RELEASE.jar;C:\Users\tasso\.m2\repository\org\unbescape\unbescape\1.1.6.RELEASE\unbescape-1.1.6.RELEASE.jar;C:\Users\tasso\.m2\repository\org\slf4j\slf4j-api\1.7.32\slf4j-api-1.7.32.jar;C:\Users\tasso\.m2\repository\org\thymeleaf\extras\thymeleaf-extras-java8time\3.0.4.RELEASE\thymeleaf-extras-java8time-3.0.4.RELEASE.jar;C:\Users\tasso\.m2\repository\org\springframework\boot\spring-boot-starter-web\2.5.3\spring-boot-starter-web-2.5.3.jar;C:\Users\tasso\.m2\repository\org\springframework\boot\spring-boot-starter-json\2.5.3\spring-boot-starter-json-2.5.3.jar;C:\Users
Launcher Type: SUN_STANDARD

[Global flags]
     intx CICompilerCount                          = 3                                         {product} {ergonomic}
     uint ConcGCThreads                            = 1                                         {product} {ergonomic}
     uint G1ConcRefinementThreads                  = 4                                         {product} {ergonomic}
   size_t G1HeapRegionSize                         = 1048576                                   {product} {ergonomic}
    uintx GCDrainStackTargetSize                   = 64                                        {product} {ergonomic}
   size_t InitialHeapSize                          = 134217728                                 {product} {ergonomic}
     bool ManagementServer                         = true                                      {product} {command line}
   size_t MarkStackSize                            = 4194304                                   {product} {ergonomic}
   size_t MaxHeapSize                              = 2124414976                                {product} {ergonomic}
   size_t MaxNewSize                               = 1274019840                                {product} {ergonomic}
   size_t MinHeapDeltaBytes                        = 1048576                                   {product} {ergonomic}
   size_t MinHeapSize                              = 8388608                                   {product} {ergonomic}
    uintx NonNMethodCodeHeapSize                   = 6973028                                {pd product} {ergonomic}
    uintx NonProfiledCodeHeapSize                  = 244685212                              {pd product} {ergonomic}
    uintx ProfiledCodeHeapSize                     = 0                                      {pd product} {ergonomic}
    uintx ReservedCodeCacheSize                    = 251658240                              {pd product} {ergonomic}
     bool SegmentedCodeCache                       = true                                      {product} {ergonomic}
     bool ShowCodeDetailsInExceptionMessages       = true                                   {manageable} {command line}
   size_t SoftMaxHeapSize                          = 2124414976                             {manageable} {ergonomic}
     intx TieredStopAtLevel                        = 1                                         {product} {command line}
     bool UseCompressedClassPointers               = true                                 {lp64_product} {ergonomic}
     bool UseCompressedOops                        = true                                 {lp64_product} {ergonomic}
     bool UseG1GC                                  = true                                      {product} {ergonomic}
     bool UseLargePagesIndividualAllocation        = false                                  {pd product} {ergonomic}

Logging:
Log output configuration:
 #0: stdout all=warning uptime,level,tags
 #1: stderr all=off uptime,level,tags

Environment Variables:
JAVA_HOME=C:\Program Files\AdoptOpenJDK\jdk-11.0.8.10-hotspot\
PATH=C:/sts-4.9.0.RELEASE//plugins/org.eclipse.justj.openjdk.hotspot.jre.full.win32.x86_64_15.0.1.v20201027-0507/jre/bin/server;C:/sts-4.9.0.RELEASE//plugins/org.eclipse.justj.openjdk.hotspot.jre.full.win32.x86_64_15.0.1.v20201027-0507/jre/bin;C:\Program Files\AdoptOpenJDK\jdk-11.0.8.10-hotspot\bin;C:\ProgramData\Oracle\Java\javapath;C:\Program Files (x86)\Intel\iCLS Client\;C:\Program Files (x86)\Common Files\Intel\Shared Files\cpp\bin\Intel64;C:\Program Files\Intel\iCLS Client\;C:\windows\system32;C:\windows;C:\windows\System32\Wbem;C:\windows\System32\WindowsPowerShell\v1.0\;C:\Program Files (x86)\NVIDIA Corporation\PhysX\Common;C:\WINDOWS\system32;C:\WINDOWS;C:\WINDOWS\System32\Wbem;C:\WINDOWS\System32\WindowsPowerShell\v1.0\;C:\WINDOWS\System32\OpenSSH\;C:\Program Files (x86)\Intel\Intel(R) Management Engine Components\DAL;C:\Program Files\Intel\Intel(R) Management Engine Components\DAL;C:\Program Files\Java\jdk1.8.0_111\bin;C:\src\flutter\bin;C:\Users\tasso\AppData\Local\Android\Sdk\platforms;C:\Users\tasso\AppData\Local\Android\Sdk\platform-tools;C:\Program Files\Git\cmd;C:\apache-maven-3.6.3;C:\Program Files\MySQL\MySQL Shell 8.0\bin\;C:\Users\tasso\AppData\Local\Programs\Python\Python37\Scripts\;C:\Users\tasso\AppData\Local\Programs\Python\Python37\;C:\Users\tasso\AppData\Local\Microsoft\WindowsApps;C:\Program Files\JetBrains\PyCharm Community Edition 2018.3.4\bin;;C:\Users\tasso\AppData\Local\Programs\Microsoft VS Code\bin;;C:\sts-4.9.0.RELEASE;
USERNAME=tasso
OS=Windows_NT
PROCESSOR_IDENTIFIER=Intel64 Family 6 Model 142 Stepping 9, GenuineIntel



---------------  S Y S T E M  ---------------

OS:
 Windows 10 , 64 bit Build 19041 (10.0.19041.1151)
OS uptime: 11 days 12:47 hours

CPU: total 4 (initial active 4) (2 cores per cpu, 2 threads per core) family 6 model 142 stepping 9 microcode 0xde, cmov, cx8, fxsr, mmx, sse, sse2, sse3, ssse3, sse4.1, sse4.2, popcnt, vzeroupper, avx, avx2, aes, clmul, erms, 3dnowpref, lzcnt, ht, tsc, tscinvbit, bmi1, bmi2, adx, fma, clflush, clflushopt

Memory: 4k page, system-wide physical 8101M (3054M free)
TotalPageFile size 12940M (AvailPageFile size 6218M)
current process WorkingSet (physical memory assigned to process): 172M, peak: 172M
current process commit charge ("private bytes"): 200M, peak: 222M

vm_info: OpenJDK 64-Bit Server VM (15.0.1+9-18) for windows-amd64 JRE (15.0.1+9-18), built on Sep 15 2020 14:39:31 by "mach5one" with unknown MS VC++:1925

END.
