#
# A fatal error has been detected by the Java Runtime Environment:
#
#  EXCEPTION_ACCESS_VIOLATION (0xc0000005) at pc=0x000000006af44bb4, pid=8892, tid=2624
#
# JRE version: OpenJDK Runtime Environment (15.0.1+9) (build 15.0.1+9-18)
# Java VM: OpenJDK 64-Bit Server VM (15.0.1+9-18, mixed mode, tiered, compressed oops, g1 gc, windows-amd64)
# Problematic frame:
# C  [libNRJavaSerial.dll+0x4bb4]
#
# No core dump will be written. Minidumps are not enabled by default on client versions of Windows
#
# If you would like to submit a bug report, please visit:
#   https://bugreport.java.com/bugreport/crash.jsp
# The crash happened outside the Java Virtual Machine in native code.
# See problematic frame for where to report the bug.
#

---------------  S U M M A R Y ------------

Command Line: -Dcom.sun.management.jmxremote -Dcom.sun.management.jmxremote.port=52246 -Dcom.sun.management.jmxremote.authenticate=false -Dcom.sun.management.jmxremote.ssl=false -Djava.rmi.server.hostname=localhost -Dspring.jmx.enabled=true -Dspring.application.admin.enabled=true -XX:TieredStopAtLevel=1 -Dspring.boot.project.name=tcc -Dfile.encoding=UTF-8 -XX:+ShowCodeDetailsInExceptionMessages com.tcc.TccApplication --spring.output.ansi.enabled=always

Host: Intel(R) Core(TM) i5-7200U CPU @ 2.50GHz, 4 cores, 7G,  Windows 10 , 64 bit Build 19041 (10.0.19041.1202)
Time: Sun Oct 24 14:09:45 2021 Hora Padrão de Buenos Aires elapsed time: 78.927655 seconds (0d 0h 1m 18s)

---------------  T H R E A D  ---------------

Current thread (0x000001cb74491060):  JavaThread "http-nio-8080-exec-1" daemon [_thread_in_native, id=2624, stack(0x000000ae95200000,0x000000ae95300000)]

Stack: [0x000000ae95200000,0x000000ae95300000],  sp=0x000000ae952fcbe0,  free space=1010k
Native frames: (J=compiled Java code, j=interpreted, Vv=VM code, C=native code)
C  [libNRJavaSerial.dll+0x4bb4]

Java frames: (J=compiled Java code, j=interpreted, Vv=VM code)
J 3865  gnu.io.RXTXPort.readArray([BII)I (0 bytes) @ 0x000001cb5cd41674 [0x000001cb5cd41620+0x0000000000000054]
J 3864 c1 gnu.io.RXTXPort$SerialInputStream.read([BII)I (230 bytes) @ 0x000001cb5cd41da4 [0x000001cb5cd41b40+0x0000000000000264]
J 284 c1 java.io.DataInputStream.readFully([BII)V java.base@15.0.1 (63 bytes) @ 0x000001cb5c7bc26c [0x000001cb5c7bc1e0+0x000000000000008c]
J 278 c1 java.io.DataInputStream.readUTF(Ljava/io/DataInput;)Ljava/lang/String; java.base@15.0.1 (501 bytes) @ 0x000001cb5c7ba794 [0x000001cb5c7ba400+0x0000000000000394]
J 282 c1 java.io.DataInputStream.readUTF()Ljava/lang/String; java.base@15.0.1 (5 bytes) @ 0x000001cb5c7bf054 [0x000001cb5c7bf020+0x0000000000000034]
j  com.tcc.componentes.ArduinoConnection.receber()Ljava/lang/Boolean;+19
j  com.tcc.controller.ReceberComandoController.recebe()Ljava/lang/String;+4
v  ~StubRoutines::call_stub
J 2580  jdk.internal.reflect.NativeMethodAccessorImpl.invoke0(Ljava/lang/reflect/Method;Ljava/lang/Object;[Ljava/lang/Object;)Ljava/lang/Object; java.base@15.0.1 (0 bytes) @ 0x000001cb5cb249bf [0x000001cb5cb24940+0x000000000000007f]
J 2579 c1 jdk.internal.reflect.NativeMethodAccessorImpl.invoke(Ljava/lang/Object;[Ljava/lang/Object;)Ljava/lang/Object; java.base@15.0.1 (117 bytes) @ 0x000001cb5cb2643c [0x000001cb5cb26120+0x000000000000031c]
J 2454 c1 jdk.internal.reflect.DelegatingMethodAccessorImpl.invoke(Ljava/lang/Object;[Ljava/lang/Object;)Ljava/lang/Object; java.base@15.0.1 (10 bytes) @ 0x000001cb5caf8f64 [0x000001cb5caf8f20+0x0000000000000044]
J 2456 c1 java.lang.reflect.Method.invoke(Ljava/lang/Object;[Ljava/lang/Object;)Ljava/lang/Object; java.base@15.0.1 (65 bytes) @ 0x000001cb5caf9654 [0x000001cb5caf9560+0x00000000000000f4]
j  org.springframework.web.method.support.InvocableHandlerMethod.doInvoke([Ljava/lang/Object;)Ljava/lang/Object;+32
j  org.springframework.web.method.support.InvocableHandlerMethod.invokeForRequest(Lorg/springframework/web/context/request/NativeWebRequest;Lorg/springframework/web/method/support/ModelAndViewContainer;[Ljava/lang/Object;)Ljava/lang/Object;+54
j  org.springframework.web.servlet.mvc.method.annotation.ServletInvocableHandlerMethod.invokeAndHandle(Lorg/springframework/web/context/request/ServletWebRequest;Lorg/springframework/web/method/support/ModelAndViewContainer;[Ljava/lang/Object;)V+4
j  org.springframework.web.servlet.mvc.method.annotation.RequestMappingHandlerAdapter.invokeHandlerMethod(Ljavax/servlet/http/HttpServletRequest;Ljavax/servlet/http/HttpServletResponse;Lorg/springframework/web/method/HandlerMethod;)Lorg/springframework/web/servlet/ModelAndView;+244
j  org.springframework.web.servlet.mvc.method.annotation.RequestMappingHandlerAdapter.handleInternal(Ljavax/servlet/http/HttpServletRequest;Ljavax/servlet/http/HttpServletResponse;Lorg/springframework/web/method/HandlerMethod;)Lorg/springframework/web/servlet/ModelAndView;+81
j  org.springframework.web.servlet.mvc.method.AbstractHandlerMethodAdapter.handle(Ljavax/servlet/http/HttpServletRequest;Ljavax/servlet/http/HttpServletResponse;Ljava/lang/Object;)Lorg/springframework/web/servlet/ModelAndView;+7
j  org.springframework.web.servlet.DispatcherServlet.doDispatch(Ljavax/servlet/http/HttpServletRequest;Ljavax/servlet/http/HttpServletResponse;)V+259
j  org.springframework.web.servlet.DispatcherServlet.doService(Ljavax/servlet/http/HttpServletRequest;Ljavax/servlet/http/HttpServletResponse;)V+241
j  org.springframework.web.servlet.FrameworkServlet.processRequest(Ljavax/servlet/http/HttpServletRequest;Ljavax/servlet/http/HttpServletResponse;)V+71
j  org.springframework.web.servlet.FrameworkServlet.doGet(Ljavax/servlet/http/HttpServletRequest;Ljavax/servlet/http/HttpServletResponse;)V+3
j  javax.servlet.http.HttpServlet.service(Ljavax/servlet/http/HttpServletRequest;Ljavax/servlet/http/HttpServletResponse;)V+35
j  org.springframework.web.servlet.FrameworkServlet.service(Ljavax/servlet/http/HttpServletRequest;Ljavax/servlet/http/HttpServletResponse;)V+33
j  javax.servlet.http.HttpServlet.service(Ljavax/servlet/ServletRequest;Ljavax/servlet/ServletResponse;)V+36
j  org.apache.catalina.core.ApplicationFilterChain.internalDoFilter(Ljavax/servlet/ServletRequest;Ljavax/servlet/ServletResponse;)V+304
j  org.apache.catalina.core.ApplicationFilterChain.doFilter(Ljavax/servlet/ServletRequest;Ljavax/servlet/ServletResponse;)V+99
j  org.apache.tomcat.websocket.server.WsFilter.doFilter(Ljavax/servlet/ServletRequest;Ljavax/servlet/ServletResponse;Ljavax/servlet/FilterChain;)V+21
j  org.apache.catalina.core.ApplicationFilterChain.internalDoFilter(Ljavax/servlet/ServletRequest;Ljavax/servlet/ServletResponse;)V+135
j  org.apache.catalina.core.ApplicationFilterChain.doFilter(Ljavax/servlet/ServletRequest;Ljavax/servlet/ServletResponse;)V+99
j  org.springframework.web.filter.RequestContextFilter.doFilterInternal(Ljavax/servlet/http/HttpServletRequest;Ljavax/servlet/http/HttpServletResponse;Ljavax/servlet/FilterChain;)V+21
j  org.springframework.web.filter.OncePerRequestFilter.doFilter(Ljavax/servlet/ServletRequest;Ljavax/servlet/ServletResponse;Ljavax/servlet/FilterChain;)V+147
j  org.apache.catalina.core.ApplicationFilterChain.internalDoFilter(Ljavax/servlet/ServletRequest;Ljavax/servlet/ServletResponse;)V+135
j  org.apache.catalina.core.ApplicationFilterChain.doFilter(Ljavax/servlet/ServletRequest;Ljavax/servlet/ServletResponse;)V+99
j  org.springframework.web.filter.FormContentFilter.doFilterInternal(Ljavax/servlet/http/HttpServletRequest;Ljavax/servlet/http/HttpServletResponse;Ljavax/servlet/FilterChain;)V+38
j  org.springframework.web.filter.OncePerRequestFilter.doFilter(Ljavax/servlet/ServletRequest;Ljavax/servlet/ServletResponse;Ljavax/servlet/FilterChain;)V+147
j  org.apache.catalina.core.ApplicationFilterChain.internalDoFilter(Ljavax/servlet/ServletRequest;Ljavax/servlet/ServletResponse;)V+135
j  org.apache.catalina.core.ApplicationFilterChain.doFilter(Ljavax/servlet/ServletRequest;Ljavax/servlet/ServletResponse;)V+99
j  org.springframework.web.filter.CharacterEncodingFilter.doFilterInternal(Ljavax/servlet/http/HttpServletRequest;Ljavax/servlet/http/HttpServletResponse;Ljavax/servlet/FilterChain;)V+53
j  org.springframework.web.filter.OncePerRequestFilter.doFilter(Ljavax/servlet/ServletRequest;Ljavax/servlet/ServletResponse;Ljavax/servlet/FilterChain;)V+147
j  org.apache.catalina.core.ApplicationFilterChain.internalDoFilter(Ljavax/servlet/ServletRequest;Ljavax/servlet/ServletResponse;)V+135
j  org.apache.catalina.core.ApplicationFilterChain.doFilter(Ljavax/servlet/ServletRequest;Ljavax/servlet/ServletResponse;)V+99
j  org.apache.catalina.core.StandardWrapperValve.invoke(Lorg/apache/catalina/connector/Request;Lorg/apache/catalina/connector/Response;)V+694
j  org.apache.catalina.core.StandardContextValve.invoke(Lorg/apache/catalina/connector/Request;Lorg/apache/catalina/connector/Response;)V+169
j  org.apache.catalina.authenticator.AuthenticatorBase.invoke(Lorg/apache/catalina/connector/Request;Lorg/apache/catalina/connector/Response;)V+260
j  org.apache.catalina.core.StandardHostValve.invoke(Lorg/apache/catalina/connector/Request;Lorg/apache/catalina/connector/Response;)V+128
j  org.apache.catalina.valves.ErrorReportValve.invoke(Lorg/apache/catalina/connector/Request;Lorg/apache/catalina/connector/Response;)V+6
j  org.apache.catalina.core.StandardEngineValve.invoke(Lorg/apache/catalina/connector/Request;Lorg/apache/catalina/connector/Response;)V+59
j  org.apache.catalina.connector.CoyoteAdapter.service(Lorg/apache/coyote/Request;Lorg/apache/coyote/Response;)V+199
j  org.apache.coyote.http11.Http11Processor.service(Lorg/apache/tomcat/util/net/SocketWrapperBase;)Lorg/apache/tomcat/util/net/AbstractEndpoint$Handler$SocketState;+737
j  org.apache.coyote.AbstractProcessorLight.process(Lorg/apache/tomcat/util/net/SocketWrapperBase;Lorg/apache/tomcat/util/net/SocketEvent;)Lorg/apache/tomcat/util/net/AbstractEndpoint$Handler$SocketState;+170
j  org.apache.coyote.AbstractProtocol$ConnectionHandler.process(Lorg/apache/tomcat/util/net/SocketWrapperBase;Lorg/apache/tomcat/util/net/SocketEvent;)Lorg/apache/tomcat/util/net/AbstractEndpoint$Handler$SocketState;+505
j  org.apache.tomcat.util.net.NioEndpoint$SocketProcessor.doRun()V+216
j  org.apache.tomcat.util.net.SocketProcessorBase.run()V+21
j  java.util.concurrent.ThreadPoolExecutor.runWorker(Ljava/util/concurrent/ThreadPoolExecutor$Worker;)V+92 java.base@15.0.1
j  java.util.concurrent.ThreadPoolExecutor$Worker.run()V+5 java.base@15.0.1
j  org.apache.tomcat.util.threads.TaskThread$WrappingRunnable.run()V+4
j  java.lang.Thread.run()V+11 java.base@15.0.1
v  ~StubRoutines::call_stub

siginfo: EXCEPTION_ACCESS_VIOLATION (0xc0000005), reading address 0x0000000000000008


Register to memory mapping:

RIP=0x000000006af44bb4 libNRJavaSerial.dll
RAX=0x0 is NULL
RBX=0x000000000000087b is an unknown value
RCX=0x000001cb74e64d00 points into unknown readable memory: 0x7373657200000002 | 02 00 00 00 72 65 73 73
RDX=0x0000000000000001 is an unknown value
RSP=0x000000ae952fcbe0 is pointing into the stack for thread: 0x000001cb74491060
RBP=0x000001cb72aa37fb points into unknown readable memory: 00 00 00 00 00
RSI=0x000001cb72aa2f80 points into unknown readable memory: 0x233737310a0d2337 | 37 23 0d 0a 31 37 37 23
RDI=0x0 is NULL
R8 =0x0000000000000042 is an unknown value
R9 =0x0000000082250f80 is pointing into object: [C 
{0x0000000082250f08} - klass: {type array char}
 - length: 2048
R10=0x00007ff8a5b8c720 jvm.dll
R11=0x0000000000000054 is an unknown value
R12=0x000001cb74491388 points into unknown readable memory: 0x00007ff8a5aede40 | 40 de ae a5 f8 7f 00 00
R13=0x0000000000000005 is an unknown value
R14=0x0 is NULL
R15=0x000001cb74491060 is a thread


Registers:
RAX=0x0000000000000000, RBX=0x000000000000087b, RCX=0x000001cb74e64d00, RDX=0x0000000000000001
RSP=0x000000ae952fcbe0, RBP=0x000001cb72aa37fb, RSI=0x000001cb72aa2f80, RDI=0x0000000000000000
R8 =0x0000000000000042, R9 =0x0000000082250f80, R10=0x00007ff8a5b8c720, R11=0x0000000000000054
R12=0x000001cb74491388, R13=0x0000000000000005, R14=0x0000000000000000, R15=0x000001cb74491060
RIP=0x000000006af44bb4, EFLAGS=0x0000000000010202

Top of Stack: (sp=0x000000ae952fcbe0)
0x000000ae952fcbe0:   000001cb74491060 0000000000000005
0x000000ae952fcbf0:   0000000000000000 0000000000000000
0x000000ae952fcc00:   0000000000000000 0000000000000000
0x000000ae952fcc10:   0000000000000000 000000000000087b
0x000000ae952fcc20:   000001cb72aa2f80 0000000000000005
0x000000ae952fcc30:   0000000000000064 000001cb74491388
0x000000ae952fcc40:   000000ae952fcd00 0000000000000000
0x000000ae952fcc50:   000001cb74491060 000000006af4596d
0x000000ae952fcc60:   000001cb74491388 000000ae952fccd8
0x000000ae952fcc70:   000001cb74491388 0000000000000000
0x000000ae952fcc80:   0000000000000005 0000000000000064
0x000000ae952fcc90:   000000ae952fcd40 0000000082250f80
0x000000ae952fcca0:   0000000000000005 000000ae952fcd30
0x000000ae952fccb0:   0000000000000000 000001cb5cd41cf4
0x000000ae952fccc0:   000000ae952fcd30 000001cb5cd41714
0x000000ae952fccd0:   0000000000000001 000000ae952fccf8 

Instructions: (pc=0x000000006af44bb4)
0x000000006af44ab4:   97 98 00 00 c7 44 24 2c 00 00 00 00 48 8d 7c 24
0x000000006af44ac4:   2c e8 36 f3 ff ff 49 89 f8 ba 15 54 00 00 89 c1
0x000000006af44ad4:   48 89 c6 e8 04 55 00 00 8b 44 24 2c 80 fb 01 74
0x000000006af44ae4:   3b 83 e0 fd 49 89 f8 89 f1 ba 18 54 00 00 89 44
0x000000006af44af4:   24 2c e8 e5 54 00 00 48 8d 4c 24 30 44 0f b6 c3
0x000000006af44b04:   48 8d 15 21 99 00 00 e8 f0 76 00 00 90 48 83 ec
0x000000006af44b14:   80 5b 5e 5f c3 0f 1f 80 00 00 00 00 83 c8 02 eb
0x000000006af44b24:   c3 66 66 2e 0f 1f 84 00 00 00 00 00 48 83 ec 68
0x000000006af44b34:   4c 8d 0d 3d 95 00 00 4c 8d 05 0d 98 00 00 e8 b9
0x000000006af44b44:   f2 ff ff 48 8d 54 24 20 48 89 c1 e8 ac 4b 00 00
0x000000006af44b54:   85 c0 78 0a 0f b6 44 24 34 48 83 c4 68 c3 b8 ff
0x000000006af44b64:   ff ff ff eb f4 0f 1f 80 00 00 00 00 41 57 41 56
0x000000006af44b74:   41 55 41 54 55 57 56 53 48 83 ec 38 44 8b ac 24
0x000000006af44b84:   a0 00 00 00 48 89 94 24 88 00 00 00 48 8b 12 44
0x000000006af44b94:   89 c7 4c 89 cd 4c 8d 05 36 95 00 00 4c 8d 0d 2d
0x000000006af44ba4:   95 00 00 48 89 8c 24 80 00 00 00 e8 4c f2 ff ff
0x000000006af44bb4:   8b 58 08 48 89 44 24 20 c7 40 08 00 00 00 00 8b
0x000000006af44bc4:   84 24 a8 00 00 00 89 5c 24 2c 85 c0 79 76 45 85
0x000000006af44bd4:   ed 7e 49 44 89 ee bb 14 00 00 00 45 31 e4 eb 13
0x000000006af44be4:   0f 1f 40 00 41 01 c4 29 c6 45 39 e5 7e 31 83 eb
0x000000006af44bf4:   01 74 2c 49 63 d4 41 89 f0 89 f9 48 01 ea e8 d9
0x000000006af44c04:   36 00 00 85 c0 0f 88 a1 00 00 00 75 d7 b9 e8 03
0x000000006af44c14:   00 00 e8 e5 1d 00 00 eb d0 0f 1f 00 45 31 e4 48
0x000000006af44c24:   8b 44 24 20 8b 7c 24 2c 89 78 08 44 89 e0 48 83
0x000000006af44c34:   c4 38 5b 5e 5f 5d 41 5c 41 5d 41 5e 41 5f c3 0f
0x000000006af44c44:   1f 44 00 00 4c 8b 3d 1d f7 00 00 41 ff d7 41 89
0x000000006af44c54:   c6 45 85 ed 7e c6 44 89 ee bb 14 00 00 00 45 31
0x000000006af44c64:   e4 eb 18 66 0f 1f 84 00 00 00 00 00 41 01 c4 29
0x000000006af44c74:   c6 45 39 ec 7d a9 83 eb 01 74 a4 41 ff d7 44 29
0x000000006af44c84:   f0 3b 84 24 a8 00 00 00 7d 6a 49 63 d4 41 89 f0
0x000000006af44c94:   89 f9 48 01 ea e8 42 36 00 00 85 c0 78 0e 75 cc
0x000000006af44ca4:   b9 e8 03 00 00 e8 52 1d 00 00 eb c5 e8 d3 75 00 


Stack slot to memory mapping:
stack at sp + 0 slots: 0x000001cb74491060 is a thread
stack at sp + 1 slots: 0x0000000000000005 is an unknown value
stack at sp + 2 slots: 0x0 is NULL
stack at sp + 3 slots: 0x0 is NULL
stack at sp + 4 slots: 0x0 is NULL
stack at sp + 5 slots: 0x0 is NULL
stack at sp + 6 slots: 0x0 is NULL
stack at sp + 7 slots: 0x000000000000087b is an unknown value


---------------  P R O C E S S  ---------------

Threads class SMR info:
_java_thread_list=0x000001cb7338bf90, length=26, elements={
0x000001cb721462b0, 0x000001cb72149440, 0x000001cb7213feb0, 0x000001cb72140770,
0x000001cb72975020, 0x000001cb729758e0, 0x000001cb729b1700, 0x000001cb720b77b0,
0x000001cb72b40250, 0x000001cb730ed220, 0x000001cb730ffd00, 0x000001cb730e6660,
0x000001cb731e92d0, 0x000001cb734b7140, 0x000001cb734b5170, 0x000001cb734bd590,
0x000001cb7448d6a0, 0x000001cb74491060, 0x000001cb744923a0, 0x000001cb74492870,
0x000001cb7448c830, 0x000001cb7448cd00, 0x000001cb7448e9e0, 0x000001cb74ecf0f0,
0x000001cb74ecfa90, 0x000001cb74ed1770
}

Java Threads: ( => current thread )
  0x000001cb721462b0 JavaThread "Reference Handler" daemon [_thread_blocked, id=14048, stack(0x000000ae93400000,0x000000ae93500000)]
  0x000001cb72149440 JavaThread "Finalizer" daemon [_thread_blocked, id=6768, stack(0x000000ae93500000,0x000000ae93600000)]
  0x000001cb7213feb0 JavaThread "Signal Dispatcher" daemon [_thread_blocked, id=12636, stack(0x000000ae93600000,0x000000ae93700000)]
  0x000001cb72140770 JavaThread "Attach Listener" daemon [_thread_blocked, id=17188, stack(0x000000ae93700000,0x000000ae93800000)]
  0x000001cb72975020 JavaThread "Service Thread" daemon [_thread_blocked, id=15504, stack(0x000000ae93800000,0x000000ae93900000)]
  0x000001cb729758e0 JavaThread "C1 CompilerThread0" daemon [_thread_in_vm, id=17236, stack(0x000000ae93900000,0x000000ae93a00000)]
  0x000001cb729b1700 JavaThread "Sweeper thread" daemon [_thread_blocked, id=7004, stack(0x000000ae93a00000,0x000000ae93b00000)]
  0x000001cb720b77b0 JavaThread "Common-Cleaner" daemon [_thread_blocked, id=15148, stack(0x000000ae93b00000,0x000000ae93c00000)]
  0x000001cb72b40250 JavaThread "Notification Thread" daemon [_thread_blocked, id=18236, stack(0x000000ae93c00000,0x000000ae93d00000)]
  0x000001cb730ed220 JavaThread "RMI TCP Accept-0" daemon [_thread_in_native, id=17832, stack(0x000000ae93e00000,0x000000ae93f00000)]
  0x000001cb730ffd00 JavaThread "RMI TCP Accept-52246" daemon [_thread_in_native, id=13120, stack(0x000000ae93f00000,0x000000ae94000000)]
  0x000001cb730e6660 JavaThread "RMI TCP Accept-0" daemon [_thread_in_native, id=17128, stack(0x000000ae94000000,0x000000ae94100000)]
  0x000001cb731e92d0 JavaThread "RMI TCP Connection(idle)" daemon [_thread_blocked, id=17868, stack(0x000000ae94200000,0x000000ae94300000)]
  0x000001cb734b7140 JavaThread "RMI Scheduler(0)" daemon [_thread_blocked, id=17496, stack(0x000000ae94700000,0x000000ae94800000)]
  0x000001cb734b5170 JavaThread "RMI TCP Connection(idle)" daemon [_thread_blocked, id=17328, stack(0x000000ae94800000,0x000000ae94900000)]
  0x000001cb734bd590 JavaThread "JMX server connection timeout 21" daemon [_thread_blocked, id=16876, stack(0x000000ae94900000,0x000000ae94a00000)]
  0x000001cb7448d6a0 JavaThread "Live Reload Server" daemon [_thread_in_native, id=9424, stack(0x000000ae95300000,0x000000ae95400000)]
=>0x000001cb74491060 JavaThread "http-nio-8080-exec-1" daemon [_thread_in_native, id=2624, stack(0x000000ae95200000,0x000000ae95300000)]
  0x000001cb744923a0 JavaThread "DestroyJavaVM" [_thread_blocked, id=17176, stack(0x000000ae92d00000,0x000000ae92e00000)]
  0x000001cb74492870 JavaThread "RMI TCP Connection(idle)" daemon [_thread_blocked, id=9912, stack(0x000000ae94b00000,0x000000ae94c00000)]
  0x000001cb7448c830 JavaThread "RMI TCP Connection(idle)" daemon [_thread_blocked, id=9548, stack(0x000000ae95f00000,0x000000ae96000000)]
  0x000001cb7448cd00 JavaThread "RMI TCP Connection(idle)" daemon [_thread_blocked, id=9816, stack(0x000000ae96000000,0x000000ae96100000)]
  0x000001cb7448e9e0 JavaThread "RMI TCP Connection(8)-127.0.0.1" daemon [_thread_in_native, id=17648, stack(0x000000ae94a00000,0x000000ae94b00000)]
  0x000001cb74ecf0f0 JavaThread "RMI TCP Connection(idle)" daemon [_thread_blocked, id=17600, stack(0x000000ae96300000,0x000000ae96400000)]
  0x000001cb74ecfa90 JavaThread "Thread-6" [_thread_blocked, id=15704, stack(0x000000ae92b00000,0x000000ae92c00000)]
  0x000001cb74ed1770 JavaThread "restartedMain" [_thread_in_native_trans, id=17916, stack(0x000000ae93d00000,0x000000ae93e00000)]

Other Threads:
  0x000001cb7211edf0 VMThread "VM Thread" [stack: 0x000000ae93300000,0x000000ae93400000] [id=9876]
  0x000001cb73109f60 WatcherThread [stack: 0x000000ae94100000,0x000000ae94200000] [id=1488]
  0x000001cb586e7f50 GCTaskThread "GC Thread#0" [stack: 0x000000ae92e00000,0x000000ae92f00000] [id=7472]
  0x000001cb731769e0 GCTaskThread "GC Thread#1" [stack: 0x000000ae94300000,0x000000ae94400000] [id=16600]
  0x000001cb73177040 GCTaskThread "GC Thread#2" [stack: 0x000000ae94400000,0x000000ae94500000] [id=16392]
  0x000001cb73176380 GCTaskThread "GC Thread#3" [stack: 0x000000ae94d00000,0x000000ae94e00000] [id=13748]
  0x000001cb586f9e80 ConcurrentGCThread "G1 Main Marker" [stack: 0x000000ae92f00000,0x000000ae93000000] [id=5076]
  0x000001cb586faa00 ConcurrentGCThread "G1 Conc#0" [stack: 0x000000ae93000000,0x000000ae93100000] [id=11716]
  0x000001cb58774610 ConcurrentGCThread "G1 Refine#0" [stack: 0x000000ae93100000,0x000000ae93200000] [id=18392]
  0x000001cb731e97a0 ConcurrentGCThread "G1 Refine#1" [stack: 0x000000ae94500000,0x000000ae94600000] [id=18420]
  0x000001cb734875f0 ConcurrentGCThread "G1 Refine#2" [stack: 0x000000ae94600000,0x000000ae94700000] [id=16688]
  0x000001cb58775120 ConcurrentGCThread "G1 Young RemSet Sampling" [stack: 0x000000ae93200000,0x000000ae93300000] [id=15708]

Threads with active compile tasks:

VM state: not at safepoint (normal execution)

VM Mutex/Monitor currently owned by a thread: None

Heap address: 0x0000000081600000, size: 2026 MB, Compressed Oops mode: 32-bit
CDS disabled.
Compressed class space mapped at: 0x0000000100000000-0x0000000140000000, size: 1073741824
Narrow klass base: 0x0000000000000000, Narrow klass shift: 3, Narrow klass range: 0x140000000

GC Precious Log:
 CPUs: 4 total, 4 available
 Memory: 8101M
 Large Page Support: Disabled
 NUMA Support: Disabled
 Compressed Oops: Enabled (32-bit)
 Heap Region Size: 1M
 Heap Min Capacity: 8M
 Heap Initial Capacity: 128M
 Heap Max Capacity: 2026M
 Pre-touch: Disabled
 Parallel Workers: 4
 Concurrent Workers: 1
 Concurrent Refinement Workers: 4
 Periodic GC: Disabled

Heap:
 garbage-first heap   total 51200K, used 25018K [0x0000000081600000, 0x0000000100000000)
  region size 1024K, 11 young (11264K), 0 survivors (0K)
 Metaspace       used 40818K, capacity 41259K, committed 41600K, reserved 1085440K
  class space    used 4955K, capacity 5130K, committed 5248K, reserved 1048576K

Heap Regions: E=young(eden), S=young(survivor), O=old, HS=humongous(starts), HC=humongous(continues), CS=collection set, F=free, OA=open archive, CA=closed archive, TAMS=top-at-mark-start (previous, next)
|   0|0x0000000081600000, 0x00000000816ffff8, 0x0000000081700000| 99%| O|  |TAMS 0x0000000081600000, 0x0000000081600000| Untracked 
|   1|0x0000000081700000, 0x00000000817fffd8, 0x0000000081800000| 99%| O|  |TAMS 0x0000000081700000, 0x0000000081700000| Untracked 
|   2|0x0000000081800000, 0x00000000818fffd8, 0x0000000081900000| 99%| O|  |TAMS 0x0000000081800000, 0x0000000081800000| Untracked 
|   3|0x0000000081900000, 0x00000000819fcd50, 0x0000000081a00000| 98%| O|  |TAMS 0x0000000081900000, 0x0000000081900000| Untracked 
|   4|0x0000000081a00000, 0x0000000081affff8, 0x0000000081b00000| 99%| O|  |TAMS 0x0000000081a00000, 0x0000000081a00000| Untracked 
|   5|0x0000000081b00000, 0x0000000081c00000, 0x0000000081c00000|100%| O|  |TAMS 0x0000000081b00000, 0x0000000081b00000| Untracked 
|   6|0x0000000081c00000, 0x0000000081cffff8, 0x0000000081d00000| 99%| O|  |TAMS 0x0000000081c00000, 0x0000000081c00000| Untracked 
|   7|0x0000000081d00000, 0x0000000081dfffe0, 0x0000000081e00000| 99%| O|  |TAMS 0x0000000081d00000, 0x0000000081d00000| Untracked 
|   8|0x0000000081e00000, 0x0000000081efffd8, 0x0000000081f00000| 99%| O|  |TAMS 0x0000000081e00000, 0x0000000081e00000| Untracked 
|   9|0x0000000081f00000, 0x0000000081ffffe8, 0x0000000082000000| 99%| O|  |TAMS 0x0000000081f00000, 0x0000000081f00000| Untracked 
|  10|0x0000000082000000, 0x0000000082100000, 0x0000000082100000|100%| O|  |TAMS 0x0000000082000000, 0x0000000082000000| Untracked 
|  11|0x0000000082100000, 0x00000000821ffff0, 0x0000000082200000| 99%| O|  |TAMS 0x0000000082100000, 0x0000000082100000| Untracked 
|  12|0x0000000082200000, 0x00000000822fffe8, 0x0000000082300000| 99%| O|  |TAMS 0x0000000082200000, 0x0000000082200000| Untracked 
|  13|0x0000000082300000, 0x000000008234ff80, 0x0000000082400000| 31%| O|  |TAMS 0x0000000082300000, 0x0000000082300000| Untracked 
|  14|0x0000000082400000, 0x00000000824f0dd0, 0x0000000082500000| 94%| O|  |TAMS 0x0000000082400000, 0x0000000082400000| Untracked 
|  15|0x0000000082500000, 0x0000000082530e88, 0x0000000082600000| 19%| O|  |TAMS 0x0000000082500000, 0x0000000082500000| Untracked 
|  16|0x0000000082600000, 0x0000000082600000, 0x0000000082700000|  0%| F|  |TAMS 0x0000000082600000, 0x0000000082600000| Untracked 
|  17|0x0000000082700000, 0x0000000082700000, 0x0000000082800000|  0%| F|  |TAMS 0x0000000082700000, 0x0000000082700000| Untracked 
|  18|0x0000000082800000, 0x0000000082800000, 0x0000000082900000|  0%| F|  |TAMS 0x0000000082800000, 0x0000000082800000| Untracked 
|  19|0x0000000082900000, 0x0000000082900000, 0x0000000082a00000|  0%| F|  |TAMS 0x0000000082900000, 0x0000000082900000| Untracked 
|  20|0x0000000082a00000, 0x0000000082a00000, 0x0000000082b00000|  0%| F|  |TAMS 0x0000000082a00000, 0x0000000082a00000| Untracked 
|  21|0x0000000082b00000, 0x0000000082b00000, 0x0000000082c00000|  0%| F|  |TAMS 0x0000000082b00000, 0x0000000082b00000| Untracked 
|  22|0x0000000082c00000, 0x0000000082c00000, 0x0000000082d00000|  0%| F|  |TAMS 0x0000000082c00000, 0x0000000082c00000| Untracked 
|  23|0x0000000082d00000, 0x0000000082d00000, 0x0000000082e00000|  0%| F|  |TAMS 0x0000000082d00000, 0x0000000082d00000| Untracked 
|  24|0x0000000082e00000, 0x0000000082e00000, 0x0000000082f00000|  0%| F|  |TAMS 0x0000000082e00000, 0x0000000082e00000| Untracked 
|  25|0x0000000082f00000, 0x0000000082f00000, 0x0000000083000000|  0%| F|  |TAMS 0x0000000082f00000, 0x0000000082f00000| Untracked 
|  26|0x0000000083000000, 0x0000000083000000, 0x0000000083100000|  0%| F|  |TAMS 0x0000000083000000, 0x0000000083000000| Untracked 
|  27|0x0000000083100000, 0x0000000083100000, 0x0000000083200000|  0%| F|  |TAMS 0x0000000083100000, 0x0000000083100000| Untracked 
|  28|0x0000000083200000, 0x0000000083200000, 0x0000000083300000|  0%| F|  |TAMS 0x0000000083200000, 0x0000000083200000| Untracked 
|  29|0x0000000083300000, 0x0000000083300000, 0x0000000083400000|  0%| F|  |TAMS 0x0000000083300000, 0x0000000083300000| Untracked 
|  30|0x0000000083400000, 0x0000000083400000, 0x0000000083500000|  0%| F|  |TAMS 0x0000000083400000, 0x0000000083400000| Untracked 
|  31|0x0000000083500000, 0x0000000083500000, 0x0000000083600000|  0%| F|  |TAMS 0x0000000083500000, 0x0000000083500000| Untracked 
|  32|0x0000000083600000, 0x0000000083600000, 0x0000000083700000|  0%| F|  |TAMS 0x0000000083600000, 0x0000000083600000| Untracked 
|  33|0x0000000083700000, 0x0000000083700000, 0x0000000083800000|  0%| F|  |TAMS 0x0000000083700000, 0x0000000083700000| Untracked 
|  34|0x0000000083800000, 0x0000000083800000, 0x0000000083900000|  0%| F|  |TAMS 0x0000000083800000, 0x0000000083800000| Untracked 
|  35|0x0000000083900000, 0x0000000083900000, 0x0000000083a00000|  0%| F|  |TAMS 0x0000000083900000, 0x0000000083900000| Untracked 
|  36|0x0000000083a00000, 0x0000000083a00000, 0x0000000083b00000|  0%| F|  |TAMS 0x0000000083a00000, 0x0000000083a00000| Untracked 
|  37|0x0000000083b00000, 0x0000000083b00000, 0x0000000083c00000|  0%| F|  |TAMS 0x0000000083b00000, 0x0000000083b00000| Untracked 
|  38|0x0000000083c00000, 0x0000000083c00000, 0x0000000083d00000|  0%| F|  |TAMS 0x0000000083c00000, 0x0000000083c00000| Untracked 
|  39|0x0000000083d00000, 0x0000000083dfc5a0, 0x0000000083e00000| 98%| E|  |TAMS 0x0000000083d00000, 0x0000000083d00000| Complete 
|  40|0x0000000083e00000, 0x0000000083f00000, 0x0000000083f00000|100%| E|CS|TAMS 0x0000000083e00000, 0x0000000083e00000| Complete 
|  41|0x0000000083f00000, 0x0000000084000000, 0x0000000084000000|100%| E|CS|TAMS 0x0000000083f00000, 0x0000000083f00000| Complete 
|  42|0x0000000084000000, 0x0000000084100000, 0x0000000084100000|100%| E|CS|TAMS 0x0000000084000000, 0x0000000084000000| Complete 
|  43|0x0000000084100000, 0x0000000084200000, 0x0000000084200000|100%| E|CS|TAMS 0x0000000084100000, 0x0000000084100000| Complete 
|  44|0x0000000084200000, 0x0000000084300000, 0x0000000084300000|100%| E|CS|TAMS 0x0000000084200000, 0x0000000084200000| Complete 
|  45|0x0000000084300000, 0x0000000084400000, 0x0000000084400000|100%| E|CS|TAMS 0x0000000084300000, 0x0000000084300000| Complete 
|  46|0x0000000084400000, 0x0000000084500000, 0x0000000084500000|100%| E|CS|TAMS 0x0000000084400000, 0x0000000084400000| Complete 
|  47|0x0000000084500000, 0x0000000084600000, 0x0000000084600000|100%| E|CS|TAMS 0x0000000084500000, 0x0000000084500000| Complete 
|  48|0x0000000084600000, 0x0000000084700000, 0x0000000084700000|100%| E|CS|TAMS 0x0000000084600000, 0x0000000084600000| Complete 
| 127|0x0000000089500000, 0x0000000089600000, 0x0000000089600000|100%| E|CS|TAMS 0x0000000089500000, 0x0000000089500000| Complete 

Card table byte_map: [0x000001cb6b4c0000,0x000001cb6b8c0000] _byte_map_base: 0x000001cb6b0b5000

Marking Bits (Prev, Next): (CMBitMap*) 0x000001cb586e96e0, (CMBitMap*) 0x000001cb586e9720
 Prev Bits: [0x000001cb6bcc0000, 0x000001cb6dc68000)
 Next Bits: [0x000001cb6dc70000, 0x000001cb6fc18000)

Polling page: 0x000001cb56680000

Metaspace:

Usage:
  Non-class:     35.28 MB capacity,    35.02 MB (>99%) used,   204.40 KB ( <1%) free+waste,    61.50 KB ( <1%) overhead. 
      Class:      5.01 MB capacity,     4.84 MB ( 97%) used,   150.47 KB (  3%) free+waste,    24.31 KB ( <1%) overhead. 
       Both:     40.29 MB capacity,    39.86 MB ( 99%) used,   354.87 KB ( <1%) free+waste,    85.81 KB ( <1%) overhead. 

Virtual space:
  Non-class space:       36.00 MB reserved,      35.50 MB ( 99%) committed 
      Class space:        1.00 GB reserved,       5.12 MB ( <1%) committed 
             Both:        1.04 GB reserved,      40.62 MB (  4%) committed 

Chunk freelists:
   Non-Class:  31.00 KB
       Class:  0 bytes
        Both:  31.00 KB

MaxMetaspaceSize: 17179869184.00 GB
CompressedClassSpaceSize: 1.00 GB

CodeHeap 'non-profiled nmethods': size=238912Kb used=6381Kb max_used=6381Kb free=232530Kb
 bounds [0x000001cb5c770000, 0x000001cb5cdb0000, 0x000001cb6b0c0000]
CodeHeap 'non-nmethods': size=6848Kb used=1236Kb max_used=1236Kb free=5611Kb
 bounds [0x000001cb5c0c0000, 0x000001cb5c330000, 0x000001cb5c770000]
 total_blobs=4626 nmethods=4113 adapters=440
 compilation: enabled
              stopped_count=0, restarted_count=0
 full_count=0

Compilation events (20 events):
Event: 76.125 Thread 0x000001cb729758e0 3917       1       java.nio.HeapByteBuffer::put (64 bytes)
Event: 76.126 Thread 0x000001cb729758e0 nmethod 3917 0x000001cb5cd52310 code [0x000001cb5cd524e0, 0x000001cb5cd52848]
Event: 76.126 Thread 0x000001cb729758e0 3918   !   1       java.nio.charset.CharsetEncoder::encode (285 bytes)
Event: 76.127 Thread 0x000001cb729758e0 nmethod 3918 0x000001cb5cd52a10 code [0x000001cb5cd52c40, 0x000001cb5cd53238]
Event: 78.504 Thread 0x000001cb729758e0 3919       1       org.apache.catalina.util.LifecycleBase::fireLifecycleEvent (56 bytes)
Event: 78.505 Thread 0x000001cb729758e0 nmethod 3919 0x000001cb5cd53610 code [0x000001cb5cd537e0, 0x000001cb5cd53b18]
Event: 78.505 Thread 0x000001cb729758e0 3920       1       org.apache.catalina.LifecycleEvent::<init> (16 bytes)
Event: 78.506 Thread 0x000001cb729758e0 nmethod 3920 0x000001cb5cd53c90 code [0x000001cb5cd53e40, 0x000001cb5cd540c8]
Event: 78.506 Thread 0x000001cb729758e0 3921  s    1       org.apache.catalina.util.LifecycleBase::setStateInternal (144 bytes)
Event: 78.509 Thread 0x000001cb729758e0 nmethod 3921 0x000001cb5cd54190 code [0x000001cb5cd543a0, 0x000001cb5cd54a68]
Event: 78.509 Thread 0x000001cb729758e0 3922   !   1       java.util.concurrent.ConcurrentHashMap::clear (176 bytes)
Event: 78.512 Thread 0x000001cb729758e0 nmethod 3922 0x000001cb5cd54d90 code [0x000001cb5cd54f80, 0x000001cb5cd55578]
Event: 78.512 Thread 0x000001cb729758e0 3923       1       ch.qos.logback.core.pattern.FormattingConverter::write (154 bytes)
Event: 78.515 Thread 0x000001cb729758e0 nmethod 3923 0x000001cb5cd55910 code [0x000001cb5cd55b40, 0x000001cb5cd55f78]
Event: 78.863 Thread 0x000001cb729758e0 3925       1       java.util.Calendar::isFieldSet (14 bytes)
Event: 78.863 Thread 0x000001cb729758e0 nmethod 3925 0x000001cb5cd56710 code [0x000001cb5cd568a0, 0x000001cb5cd56958]
Event: 78.863 Thread 0x000001cb729758e0 3926       1       java.text.DontCareFieldPosition$1::formatted (1 bytes)
Event: 78.864 Thread 0x000001cb729758e0 nmethod 3926 0x000001cb5cd56a10 code [0x000001cb5cd56ba0, 0x000001cb5cd56c58]
Event: 78.893 Thread 0x000001cb729758e0 3928       1       java.util.ArrayList$ArrayListSpliterator::characteristics (4 bytes)
Event: 78.893 Thread 0x000001cb729758e0 nmethod 3928 0x000001cb5cd57010 code [0x000001cb5cd571a0, 0x000001cb5cd57258]

GC Heap History (20 events):
Event: 3.997 GC heap before
{Heap before GC invocations=10 (full 0):
 garbage-first heap   total 41984K, used 29569K [0x0000000081600000, 0x0000000100000000)
  region size 1024K, 19 young (19456K), 3 survivors (3072K)
 Metaspace       used 34026K, capacity 34479K, committed 34688K, reserved 1079296K
  class space    used 4057K, capacity 4183K, committed 4224K, reserved 1048576K
}
Event: 4.001 GC heap after
{Heap after GC invocations=11 (full 0):
 garbage-first heap   total 41984K, used 14356K [0x0000000081600000, 0x0000000100000000)
  region size 1024K, 3 young (3072K), 3 survivors (3072K)
 Metaspace       used 34026K, capacity 34479K, committed 34688K, reserved 1079296K
  class space    used 4057K, capacity 4183K, committed 4224K, reserved 1048576K
}
Event: 4.246 GC heap before
{Heap before GC invocations=11 (full 0):
 garbage-first heap   total 41984K, used 29716K [0x0000000081600000, 0x0000000100000000)
  region size 1024K, 18 young (18432K), 3 survivors (3072K)
 Metaspace       used 34032K, capacity 34479K, committed 34688K, reserved 1079296K
  class space    used 4058K, capacity 4183K, committed 4224K, reserved 1048576K
}
Event: 4.248 GC heap after
{Heap after GC invocations=12 (full 0):
 garbage-first heap   total 51200K, used 13646K [0x0000000081600000, 0x0000000100000000)
  region size 1024K, 2 young (2048K), 2 survivors (2048K)
 Metaspace       used 34032K, capacity 34479K, committed 34688K, reserved 1079296K
  class space    used 4058K, capacity 4183K, committed 4224K, reserved 1048576K
}
Event: 4.786 GC heap before
{Heap before GC invocations=12 (full 0):
 garbage-first heap   total 51200K, used 37198K [0x0000000081600000, 0x0000000100000000)
  region size 1024K, 25 young (25600K), 2 survivors (2048K)
 Metaspace       used 36511K, capacity 36960K, committed 37120K, reserved 1081344K
  class space    used 4406K, capacity 4553K, committed 4608K, reserved 1048576K
}
Event: 4.789 GC heap after
{Heap after GC invocations=13 (full 0):
 garbage-first heap   total 51200K, used 14080K [0x0000000081600000, 0x0000000100000000)
  region size 1024K, 2 young (2048K), 2 survivors (2048K)
 Metaspace       used 36511K, capacity 36960K, committed 37120K, reserved 1081344K
  class space    used 4406K, capacity 4553K, committed 4608K, reserved 1048576K
}
Event: 12.446 GC heap before
{Heap before GC invocations=13 (full 0):
 garbage-first heap   total 51200K, used 37632K [0x0000000081600000, 0x0000000100000000)
  region size 1024K, 25 young (25600K), 2 survivors (2048K)
 Metaspace       used 38424K, capacity 38917K, committed 39168K, reserved 1083392K
  class space    used 4636K, capacity 4796K, committed 4864K, reserved 1048576K
}
Event: 12.450 GC heap after
{Heap after GC invocations=14 (full 0):
 garbage-first heap   total 51200K, used 15917K [0x0000000081600000, 0x0000000100000000)
  region size 1024K, 4 young (4096K), 4 survivors (4096K)
 Metaspace       used 38424K, capacity 38917K, committed 39168K, reserved 1083392K
  class space    used 4636K, capacity 4796K, committed 4864K, reserved 1048576K
}
Event: 25.989 GC heap before
{Heap before GC invocations=14 (full 0):
 garbage-first heap   total 51200K, used 38445K [0x0000000081600000, 0x0000000100000000)
  region size 1024K, 26 young (26624K), 4 survivors (4096K)
 Metaspace       used 38608K, capacity 39109K, committed 39424K, reserved 1083392K
  class space    used 4653K, capacity 4796K, committed 4864K, reserved 1048576K
}
Event: 25.993 GC heap after
{Heap after GC invocations=15 (full 0):
 garbage-first heap   total 51200K, used 16556K [0x0000000081600000, 0x0000000100000000)
  region size 1024K, 3 young (3072K), 3 survivors (3072K)
 Metaspace       used 38608K, capacity 39109K, committed 39424K, reserved 1083392K
  class space    used 4653K, capacity 4796K, committed 4864K, reserved 1048576K
}
Event: 33.372 GC heap before
{Heap before GC invocations=15 (full 0):
 garbage-first heap   total 51200K, used 37036K [0x0000000081600000, 0x0000000100000000)
  region size 1024K, 24 young (24576K), 3 survivors (3072K)
 Metaspace       used 40533K, capacity 40997K, committed 41216K, reserved 1085440K
  class space    used 4917K, capacity 5084K, committed 5120K, reserved 1048576K
}
Event: 33.376 GC heap after
{Heap after GC invocations=16 (full 0):
 garbage-first heap   total 51200K, used 18229K [0x0000000081600000, 0x0000000100000000)
  region size 1024K, 3 young (3072K), 3 survivors (3072K)
 Metaspace       used 40533K, capacity 40997K, committed 41216K, reserved 1085440K
  class space    used 4917K, capacity 5084K, committed 5120K, reserved 1048576K
}
Event: 46.521 GC heap before
{Heap before GC invocations=16 (full 0):
 garbage-first heap   total 51200K, used 38709K [0x0000000081600000, 0x0000000100000000)
  region size 1024K, 23 young (23552K), 3 survivors (3072K)
 Metaspace       used 40533K, capacity 40997K, committed 41216K, reserved 1085440K
  class space    used 4917K, capacity 5084K, committed 5120K, reserved 1048576K
}
Event: 46.524 GC heap after
{Heap after GC invocations=17 (full 0):
 garbage-first heap   total 51200K, used 18224K [0x0000000081600000, 0x0000000100000000)
  region size 1024K, 1 young (1024K), 1 survivors (1024K)
 Metaspace       used 40533K, capacity 40997K, committed 41216K, reserved 1085440K
  class space    used 4917K, capacity 5084K, committed 5120K, reserved 1048576K
}
Event: 60.128 GC heap before
{Heap before GC invocations=17 (full 0):
 garbage-first heap   total 51200K, used 39728K [0x0000000081600000, 0x0000000100000000)
  region size 1024K, 22 young (22528K), 1 survivors (1024K)
 Metaspace       used 40534K, capacity 40997K, committed 41216K, reserved 1085440K
  class space    used 4917K, capacity 5084K, committed 5120K, reserved 1048576K
}
Event: 60.129 GC heap after
{Heap after GC invocations=18 (full 0):
 garbage-first heap   total 51200K, used 17948K [0x0000000081600000, 0x0000000100000000)
  region size 1024K, 1 young (1024K), 1 survivors (1024K)
 Metaspace       used 40534K, capacity 40997K, committed 41216K, reserved 1085440K
  class space    used 4917K, capacity 5084K, committed 5120K, reserved 1048576K
}
Event: 78.557 GC heap before
{Heap before GC invocations=18 (full 0):
 garbage-first heap   total 51200K, used 40476K [0x0000000081600000, 0x0000000100000000)
  region size 1024K, 23 young (23552K), 1 survivors (1024K)
 Metaspace       used 40787K, capacity 41229K, committed 41472K, reserved 1085440K
  class space    used 4947K, capacity 5120K, committed 5120K, reserved 1048576K
}
Event: 78.564 GC heap after
{Heap after GC invocations=19 (full 0):
 garbage-first heap   total 51200K, used 19294K [0x0000000081600000, 0x0000000100000000)
  region size 1024K, 2 young (2048K), 2 survivors (2048K)
 Metaspace       used 40787K, capacity 41229K, committed 41472K, reserved 1085440K
  class space    used 4947K, capacity 5120K, committed 5120K, reserved 1048576K
}
Event: 78.865 GC heap before
{Heap before GC invocations=19 (full 0):
 garbage-first heap   total 51200K, used 37726K [0x0000000081600000, 0x0000000100000000)
  region size 1024K, 21 young (21504K), 2 survivors (2048K)
 Metaspace       used 40793K, capacity 41232K, committed 41600K, reserved 1085440K
  class space    used 4949K, capacity 5121K, committed 5248K, reserved 1048576K
}
Event: 78.888 GC heap after
{Heap after GC invocations=20 (full 1):
 garbage-first heap   total 51200K, used 14778K [0x0000000081600000, 0x0000000100000000)
  region size 1024K, 0 young (0K), 0 survivors (0K)
 Metaspace       used 40793K, capacity 41232K, committed 41600K, reserved 1085440K
  class space    used 4949K, capacity 5121K, committed 5248K, reserved 1048576K
}

Deoptimization events (0 events):
No events

Classes unloaded (0 events):
No events

Classes redefined (0 events):
No events

Internal exceptions (20 events):
Event: 4.480 Thread 0x000001cb7360cac0 Exception <a 'java/lang/ClassNotFoundException'{0x0000000083d305a0}: org/springframework/context/ResourceLoaderAwareCustomizer> (0x0000000083d305a0) 
thrown [./open/src/hotspot/share/classfile/systemDictionary.cpp, line 295]
Event: 4.480 Thread 0x000001cb7360cac0 Exception <a 'java/lang/ClassNotFoundException'{0x0000000083d34f28}: org/springframework/beans/factory/AwareCustomizer> (0x0000000083d34f28) 
thrown [./open/src/hotspot/share/classfile/systemDictionary.cpp, line 295]
Event: 4.481 Thread 0x000001cb7360cac0 Exception <a 'java/lang/ClassNotFoundException'{0x0000000083d38c90}: org/springframework/context/ApplicationContextAwareCustomizer> (0x0000000083d38c90) 
thrown [./open/src/hotspot/share/classfile/systemDictionary.cpp, line 295]
Event: 4.481 Thread 0x000001cb7360cac0 Exception <a 'java/lang/ClassNotFoundException'{0x0000000083d3e1f8}: org/springframework/beans/factory/AwareCustomizer> (0x0000000083d3e1f8) 
thrown [./open/src/hotspot/share/classfile/systemDictionary.cpp, line 295]
Event: 4.481 Thread 0x000001cb7360cac0 Exception <a 'java/lang/ClassNotFoundException'{0x0000000083d41f38}: org/springframework/web/context/ServletContextAwareCustomizer> (0x0000000083d41f38) 
thrown [./open/src/hotspot/share/classfile/systemDictionary.cpp, line 295]
Event: 4.482 Thread 0x000001cb7360cac0 Exception <a 'java/lang/ClassNotFoundException'{0x0000000083d46d18}: org/springframework/beans/factory/AwareCustomizer> (0x0000000083d46d18) 
thrown [./open/src/hotspot/share/classfile/systemDictionary.cpp, line 295]
Event: 4.587 Thread 0x000001cb7360cac0 Exception <a 'java/lang/NoSuchMethodError'{0x0000000083996100}: 'void java.lang.invoke.DirectMethodHandle$Holder.invokeVirtual(java.lang.Object, java.lang.Object, int)'> (0x0000000083996100) 
thrown [./open/src/hotspot/share/interpreter/linkResolver.cpp, line 782]
Event: 4.588 Thread 0x000001cb7360cac0 Exception <a 'java/lang/NoSuchMethodError'{0x00000000839b2188}: 'void java.lang.invoke.DirectMethodHandle$Holder.invokeVirtual(java.lang.Object, java.lang.Object, long)'> (0x00000000839b2188) 
thrown [./open/src/hotspot/share/interpreter/linkResolver.cpp, line 782]
Event: 4.695 Thread 0x000001cb7360cac0 Exception <a 'java/lang/IncompatibleClassChangeError'{0x000000008347ae98}: Found class java.lang.Object, but interface was expected> (0x000000008347ae98) 
thrown [./open/src/hotspot/share/interpreter/linkResolver.cpp, line 848]
Event: 4.697 Thread 0x000001cb734b5170 Exception <a 'java/lang/reflect/InvocationTargetException'{0x00000000834e2ff8}> (0x00000000834e2ff8) 
thrown [./open/src/hotspot/share/runtime/reflection.cpp, line 1157]
Event: 4.726 Thread 0x000001cb7360cac0 Exception <a 'java/lang/NoSuchMethodError'{0x00000000833b8958}: 'int java.lang.invoke.DirectMethodHandle$Holder.invokeStaticInit(java.lang.Object, java.lang.Object, java.lang.Object, java.lang.Object)'> (0x00000000833b8958) 
thrown [./open/src/hotspot/share/interpreter/linkResolver.cpp, line 782]
Event: 5.224 Thread 0x000001cb7360cac0 Exception <a 'java/lang/NoSuchMethodError'{0x00000000844df170}: 'java.lang.Object java.lang.invoke.DirectMethodHandle$Holder.newInvokeSpecial(java.lang.Object, java.lang.Object, int, java.lang.Object, java.lang.Object)'> (0x00000000844df170) 
thrown [./open/src/hotspot/share/interpreter/linkResolver.cpp, line 782]
Event: 5.225 Thread 0x000001cb7360cac0 Exception <a 'java/lang/NoSuchMethodError'{0x00000000844eae78}: 'java.lang.Object java.lang.invoke.DirectMethodHandle$Holder.invokeSpecial(java.lang.Object, java.lang.Object, int, java.lang.Object, int, java.lang.Object)'> (0x00000000844eae78) 
thrown [./open/src/hotspot/share/interpreter/linkResolver.cpp, line 782]
Event: 5.226 Thread 0x000001cb7360cac0 Exception <a 'java/lang/NoSuchMethodError'{0x00000000844f3908}: 'java.lang.Object java.lang.invoke.DirectMethodHandle$Holder.newInvokeSpecial(java.lang.Object, java.lang.Object, int, java.lang.Object, int)'> (0x00000000844f3908) 
thrown [./open/src/hotspot/share/interpreter/linkResolver.cpp, line 782]
Event: 5.226 Thread 0x000001cb7360cac0 Exception <a 'java/lang/NoSuchMethodError'{0x00000000844f7b18}: 'java.lang.Object java.lang.invoke.DirectMethodHandle$Holder.invokeSpecial(java.lang.Object, java.lang.Object, java.lang.Object, int, java.lang.Object, int)'> (0x00000000844f7b18) 
thrown [./open/src/hotspot/share/interpreter/linkResolver.cpp, line 782]
Event: 5.227 Thread 0x000001cb7360cac0 Exception <a 'java/lang/NoSuchMethodError'{0x00000000843028f0}: 'void java.lang.invoke.DirectMethodHandle$Holder.invokeVirtual(java.lang.Object, java.lang.Object)'> (0x00000000843028f0) 
thrown [./open/src/hotspot/share/interpreter/linkResolver.cpp, line 782]
Event: 78.503 Thread 0x000001cb74492d40 Exception <a 'java/lang/InterruptedException'{0x00000000834fe730}: sleep interrupted> (0x00000000834fe730) 
thrown [./open/src/hotspot/share/prims/jvm.cpp, line 3278]
Event: 78.551 Thread 0x000001cb74ecfa90 Exception <a 'java/io/FileNotFoundException'{0x0000000083305bd8}> (0x0000000083305bd8) 
thrown [./open/src/hotspot/share/prims/jni.cpp, line 578]
Event: 78.729 Thread 0x000001cb74ecfa90 Exception <a 'java/io/FileNotFoundException'{0x0000000083f69b70}> (0x0000000083f69b70) 
thrown [./open/src/hotspot/share/prims/jni.cpp, line 578]
Event: 78.864 Thread 0x000001cb74ecfa90 Exception <a 'java/lang/NoSuchMethodError'{0x00000000835bb6d8}: 'void java.lang.invoke.DirectMethodHandle$Holder.invokeInterface(java.lang.Object, java.lang.Object)'> (0x00000000835bb6d8) 
thrown [./open/src/hotspot/share/interpreter/linkResolver.cpp, line 782]

Events (20 events):
Event: 77.136 Executing VM operation: HandshakeAllThreads done
Event: 78.504 Thread 0x000001cb74492d40 Thread exited: 0x000001cb74492d40
Event: 78.504 loading class javax/management/ObjectName$PatternProperty
Event: 78.504 loading class javax/management/ObjectName$PatternProperty done
Event: 78.506 Thread 0x000001cb74491a00 Thread exited: 0x000001cb74491a00
Event: 78.506 Thread 0x000001cb744901f0 Thread exited: 0x000001cb744901f0
Event: 78.550 Thread 0x000001cb74490b90 Thread exited: 0x000001cb74490b90
Event: 78.556 Executing VM operation: G1CollectForAllocation
Event: 78.564 Executing VM operation: G1CollectForAllocation done
Event: 78.564 Executing VM operation: HandshakeAllThreads
Event: 78.565 Executing VM operation: HandshakeAllThreads done
Event: 78.865 Executing VM operation: G1CollectFull
Event: 78.889 Executing VM operation: G1CollectFull done
Event: 78.889 loading class java/lang/ref/Finalizer$2
Event: 78.889 loading class java/lang/ref/Finalizer$2 done
Event: 78.889 loading class java/lang/ref/Finalizer$1
Event: 78.889 loading class java/lang/ref/Finalizer$1 done
Event: 78.889 Thread 0x000001cb74ed12a0 Thread added: 0x000001cb74ed12a0
Event: 78.889 Thread 0x000001cb74ed12a0 Thread exited: 0x000001cb74ed12a0
Event: 78.889 Thread 0x000001cb74ed1770 Thread added: 0x000001cb74ed1770


Dynamic libraries:
0x00007ff7d45f0000 - 0x00007ff7d45fd000 	C:\sts-4.9.0.RELEASE\plugins\org.eclipse.justj.openjdk.hotspot.jre.full.win32.x86_64_15.0.1.v20201027-0507\jre\bin\javaw.exe
0x00007ff8f5e90000 - 0x00007ff8f6085000 	C:\WINDOWS\SYSTEM32\ntdll.dll
0x00007ff8f4820000 - 0x00007ff8f48de000 	C:\WINDOWS\System32\KERNEL32.DLL
0x00007ff8f39e0000 - 0x00007ff8f3ca9000 	C:\WINDOWS\System32\KERNELBASE.dll
0x00007ff8f35b0000 - 0x00007ff8f36b0000 	C:\WINDOWS\System32\ucrtbase.dll
0x00007ff8e2ac0000 - 0x00007ff8e2ad8000 	C:\sts-4.9.0.RELEASE\plugins\org.eclipse.justj.openjdk.hotspot.jre.full.win32.x86_64_15.0.1.v20201027-0507\jre\bin\jli.dll
0x00007ff8f4470000 - 0x00007ff8f4611000 	C:\WINDOWS\System32\USER32.dll
0x00007ff8f3910000 - 0x00007ff8f3932000 	C:\WINDOWS\System32\win32u.dll
0x00007ff8f5b10000 - 0x00007ff8f5b3b000 	C:\WINDOWS\System32\GDI32.dll
0x00007ff8f3cb0000 - 0x00007ff8f3dbb000 	C:\WINDOWS\System32\gdi32full.dll
0x00007ff8f3940000 - 0x00007ff8f39dd000 	C:\WINDOWS\System32\msvcp_win.dll
0x00007ff8e2aa0000 - 0x00007ff8e2ab9000 	C:\sts-4.9.0.RELEASE\plugins\org.eclipse.justj.openjdk.hotspot.jre.full.win32.x86_64_15.0.1.v20201027-0507\jre\bin\VCRUNTIME140.dll
0x00007ff8d9de0000 - 0x00007ff8da07a000 	C:\WINDOWS\WinSxS\amd64_microsoft.windows.common-controls_6595b64144ccf1df_6.0.19041.1110_none_60b5254171f9507e\COMCTL32.dll
0x00007ff8f4720000 - 0x00007ff8f47be000 	C:\WINDOWS\System32\msvcrt.dll
0x00007ff8f46f0000 - 0x00007ff8f4720000 	C:\WINDOWS\System32\IMM32.DLL
0x00007ff8eaad0000 - 0x00007ff8eaadc000 	C:\sts-4.9.0.RELEASE\plugins\org.eclipse.justj.openjdk.hotspot.jre.full.win32.x86_64_15.0.1.v20201027-0507\jre\bin\vcruntime140_1.dll
0x00007ff8c43c0000 - 0x00007ff8c4451000 	C:\sts-4.9.0.RELEASE\plugins\org.eclipse.justj.openjdk.hotspot.jre.full.win32.x86_64_15.0.1.v20201027-0507\jre\bin\msvcp140.dll
0x00007ff8a50f0000 - 0x00007ff8a5c4e000 	C:\sts-4.9.0.RELEASE\plugins\org.eclipse.justj.openjdk.hotspot.jre.full.win32.x86_64_15.0.1.v20201027-0507\jre\bin\server\jvm.dll
0x00007ff8f4da0000 - 0x00007ff8f4e4c000 	C:\WINDOWS\System32\ADVAPI32.dll
0x00007ff8f40c0000 - 0x00007ff8f415b000 	C:\WINDOWS\System32\sechost.dll
0x00007ff8f3ee0000 - 0x00007ff8f400a000 	C:\WINDOWS\System32\RPCRT4.dll
0x00007ff8f48f0000 - 0x00007ff8f48f8000 	C:\WINDOWS\System32\PSAPI.DLL
0x00007ff8ef4a0000 - 0x00007ff8ef4a9000 	C:\WINDOWS\SYSTEM32\WSOCK32.dll
0x00007ff8f5b40000 - 0x00007ff8f5bab000 	C:\WINDOWS\System32\WS2_32.dll
0x00007ff8d7140000 - 0x00007ff8d7167000 	C:\WINDOWS\SYSTEM32\WINMM.dll
0x00007ff8ee680000 - 0x00007ff8ee68a000 	C:\WINDOWS\SYSTEM32\VERSION.dll
0x00007ff8f14b0000 - 0x00007ff8f14c2000 	C:\WINDOWS\SYSTEM32\kernel.appcore.dll
0x00007ff8eeb00000 - 0x00007ff8eeb0a000 	C:\sts-4.9.0.RELEASE\plugins\org.eclipse.justj.openjdk.hotspot.jre.full.win32.x86_64_15.0.1.v20201027-0507\jre\bin\jimage.dll
0x00007ff8eb5b0000 - 0x00007ff8eb794000 	C:\WINDOWS\SYSTEM32\DBGHELP.DLL
0x00007ff8eaa30000 - 0x00007ff8eaa5c000 	C:\WINDOWS\SYSTEM32\dbgcore.DLL
0x00007ff8f3e20000 - 0x00007ff8f3ea3000 	C:\WINDOWS\System32\bcryptPrimitives.dll
0x00007ff8d2eb0000 - 0x00007ff8d2ed5000 	C:\sts-4.9.0.RELEASE\plugins\org.eclipse.justj.openjdk.hotspot.jre.full.win32.x86_64_15.0.1.v20201027-0507\jre\bin\java.dll
0x00007ff8ed860000 - 0x00007ff8ed878000 	C:\sts-4.9.0.RELEASE\plugins\org.eclipse.justj.openjdk.hotspot.jre.full.win32.x86_64_15.0.1.v20201027-0507\jre\bin\zip.dll
0x00007ff8f4e50000 - 0x00007ff8f558f000 	C:\WINDOWS\System32\SHELL32.dll
0x00007ff8f16b0000 - 0x00007ff8f1e40000 	C:\WINDOWS\SYSTEM32\windows.storage.dll
0x00007ff8f4900000 - 0x00007ff8f4c55000 	C:\WINDOWS\System32\combase.dll
0x00007ff8f2f30000 - 0x00007ff8f2f5c000 	C:\WINDOWS\SYSTEM32\Wldp.dll
0x00007ff8f4010000 - 0x00007ff8f40bd000 	C:\WINDOWS\System32\SHCORE.dll
0x00007ff8f47c0000 - 0x00007ff8f4815000 	C:\WINDOWS\System32\shlwapi.dll
0x00007ff8f34f0000 - 0x00007ff8f350f000 	C:\WINDOWS\SYSTEM32\profapi.dll
0x00007ff8ec7a0000 - 0x00007ff8ec7b9000 	C:\sts-4.9.0.RELEASE\plugins\org.eclipse.justj.openjdk.hotspot.jre.full.win32.x86_64_15.0.1.v20201027-0507\jre\bin\net.dll
0x00007ff8e9f60000 - 0x00007ff8ea068000 	C:\WINDOWS\SYSTEM32\WINHTTP.dll
0x00007ff8f2c90000 - 0x00007ff8f2cfa000 	C:\WINDOWS\system32\mswsock.dll
0x00007ff8e2f40000 - 0x00007ff8e2f52000 	C:\sts-4.9.0.RELEASE\plugins\org.eclipse.justj.openjdk.hotspot.jre.full.win32.x86_64_15.0.1.v20201027-0507\jre\bin\nio.dll
0x00007ff8e8e80000 - 0x00007ff8e8e89000 	C:\sts-4.9.0.RELEASE\plugins\org.eclipse.justj.openjdk.hotspot.jre.full.win32.x86_64_15.0.1.v20201027-0507\jre\bin\management.dll
0x00007ff8e6e40000 - 0x00007ff8e6e4b000 	C:\sts-4.9.0.RELEASE\plugins\org.eclipse.justj.openjdk.hotspot.jre.full.win32.x86_64_15.0.1.v20201027-0507\jre\bin\management_ext.dll
0x00007ff8da080000 - 0x00007ff8da097000 	C:\WINDOWS\system32\napinsp.dll
0x00007ff8d97b0000 - 0x00007ff8d97cb000 	C:\WINDOWS\system32\pnrpnsp.dll
0x00007ff8da160000 - 0x00007ff8da175000 	C:\WINDOWS\system32\wshbth.dll
0x00007ff8edb70000 - 0x00007ff8edb8d000 	C:\WINDOWS\system32\NLAapi.dll
0x00007ff8f2980000 - 0x00007ff8f29bb000 	C:\WINDOWS\SYSTEM32\IPHLPAPI.DLL
0x00007ff8f29c0000 - 0x00007ff8f2a8c000 	C:\WINDOWS\SYSTEM32\DNSAPI.dll
0x00007ff8f4290000 - 0x00007ff8f4298000 	C:\WINDOWS\System32\NSI.dll
0x00007ff8da140000 - 0x00007ff8da152000 	C:\WINDOWS\System32\winrnr.dll
0x00007ff8ea460000 - 0x00007ff8ea46a000 	C:\Windows\System32\rasadhlp.dll
0x00007ff8e8fe0000 - 0x00007ff8e905f000 	C:\WINDOWS\System32\fwpuclnt.dll
0x00007ff8f3eb0000 - 0x00007ff8f3ed7000 	C:\WINDOWS\System32\bcrypt.dll
0x00007ff8f2e80000 - 0x00007ff8f2e98000 	C:\WINDOWS\SYSTEM32\CRYPTSP.dll
0x00007ff8f2610000 - 0x00007ff8f2644000 	C:\WINDOWS\system32\rsaenh.dll
0x00007ff8f34b0000 - 0x00007ff8f34de000 	C:\WINDOWS\SYSTEM32\USERENV.dll
0x00007ff8f2ea0000 - 0x00007ff8f2eac000 	C:\WINDOWS\SYSTEM32\CRYPTBASE.dll
0x00007ff8ec3f0000 - 0x00007ff8ec407000 	C:\WINDOWS\SYSTEM32\dhcpcsvc6.DLL
0x00007ff8ec310000 - 0x00007ff8ec32d000 	C:\WINDOWS\SYSTEM32\dhcpcsvc.DLL
0x00007ff8ebc20000 - 0x00007ff8ebc30000 	C:\sts-4.9.0.RELEASE\plugins\org.eclipse.justj.openjdk.hotspot.jre.full.win32.x86_64_15.0.1.v20201027-0507\jre\bin\verify.dll
0x000000006af40000 - 0x000000006af9f000 	C:\Users\tasso\AppData\Local\Temp\libNRJavaSerial_tasso_0\libNRJavaSerial.dll

dbghelp: loaded successfully - version: 4.0.5 - missing functions: none
symbol engine: initialized successfully - sym options: 0x614 - pdb path: .;C:\sts-4.9.0.RELEASE\plugins\org.eclipse.justj.openjdk.hotspot.jre.full.win32.x86_64_15.0.1.v20201027-0507\jre\bin;C:\WINDOWS\SYSTEM32;C:\WINDOWS\WinSxS\amd64_microsoft.windows.common-controls_6595b64144ccf1df_6.0.19041.1110_none_60b5254171f9507e;C:\sts-4.9.0.RELEASE\plugins\org.eclipse.justj.openjdk.hotspot.jre.full.win32.x86_64_15.0.1.v20201027-0507\jre\bin\server;C:\Users\tasso\AppData\Local\Temp\libNRJavaSerial_tasso_0

VM Arguments:
jvm_args: -Dcom.sun.management.jmxremote -Dcom.sun.management.jmxremote.port=52246 -Dcom.sun.management.jmxremote.authenticate=false -Dcom.sun.management.jmxremote.ssl=false -Djava.rmi.server.hostname=localhost -Dspring.jmx.enabled=true -Dspring.application.admin.enabled=true -XX:TieredStopAtLevel=1 -Dspring.boot.project.name=tcc -Dfile.encoding=UTF-8 -XX:+ShowCodeDetailsInExceptionMessages 
java_command: com.tcc.TccApplication --spring.output.ansi.enabled=always
java_class_path (initial): C:\Users\tasso\Documents\workspace-spring-tool-suite-4-4.9.0.RELEASE\tcc\target\classes;C:\Users\tasso\.m2\repository\org\springframework\boot\spring-boot-starter-thymeleaf\2.5.3\spring-boot-starter-thymeleaf-2.5.3.jar;C:\Users\tasso\.m2\repository\org\springframework\boot\spring-boot-starter\2.5.3\spring-boot-starter-2.5.3.jar;C:\Users\tasso\.m2\repository\org\springframework\boot\spring-boot-starter-logging\2.5.3\spring-boot-starter-logging-2.5.3.jar;C:\Users\tasso\.m2\repository\ch\qos\logback\logback-classic\1.2.4\logback-classic-1.2.4.jar;C:\Users\tasso\.m2\repository\ch\qos\logback\logback-core\1.2.4\logback-core-1.2.4.jar;C:\Users\tasso\.m2\repository\org\apache\logging\log4j\log4j-to-slf4j\2.14.1\log4j-to-slf4j-2.14.1.jar;C:\Users\tasso\.m2\repository\org\apache\logging\log4j\log4j-api\2.14.1\log4j-api-2.14.1.jar;C:\Users\tasso\.m2\repository\org\slf4j\jul-to-slf4j\1.7.32\jul-to-slf4j-1.7.32.jar;C:\Users\tasso\.m2\repository\jakarta\annotation\jakarta.annotation-api\1.3.5\jakarta.annotation-api-1.3.5.jar;C:\Users\tasso\.m2\repository\org\yaml\snakeyaml\1.28\snakeyaml-1.28.jar;C:\Users\tasso\.m2\repository\org\thymeleaf\thymeleaf-spring5\3.0.12.RELEASE\thymeleaf-spring5-3.0.12.RELEASE.jar;C:\Users\tasso\.m2\repository\org\thymeleaf\thymeleaf\3.0.12.RELEASE\thymeleaf-3.0.12.RELEASE.jar;C:\Users\tasso\.m2\repository\org\attoparser\attoparser\2.0.5.RELEASE\attoparser-2.0.5.RELEASE.jar;C:\Users\tasso\.m2\repository\org\unbescape\unbescape\1.1.6.RELEASE\unbescape-1.1.6.RELEASE.jar;C:\Users\tasso\.m2\repository\org\slf4j\slf4j-api\1.7.32\slf4j-api-1.7.32.jar;C:\Users\tasso\.m2\repository\org\thymeleaf\extras\thymeleaf-extras-java8time\3.0.4.RELEASE\thymeleaf-extras-java8time-3.0.4.RELEASE.jar;C:\Users\tasso\.m2\repository\org\springframework\boot\spring-boot-starter-web\2.5.3\spring-boot-starter-web-2.5.3.jar;C:\Users\tasso\.m2\repository\org\springframework\boot\spring-boot-starter-json\2.5.3\spring-boot-starter-json-2.5.3.jar;C:\Users
Launcher Type: SUN_STANDARD

[Global flags]
     intx CICompilerCount                          = 3                                         {product} {ergonomic}
     uint ConcGCThreads                            = 1                                         {product} {ergonomic}
     uint G1ConcRefinementThreads                  = 4                                         {product} {ergonomic}
   size_t G1HeapRegionSize                         = 1048576                                   {product} {ergonomic}
    uintx GCDrainStackTargetSize                   = 64                                        {product} {ergonomic}
   size_t InitialHeapSize                          = 134217728                                 {product} {ergonomic}
     bool ManagementServer                         = true                                      {product} {command line}
   size_t MarkStackSize                            = 4194304                                   {product} {ergonomic}
   size_t MaxHeapSize                              = 2124414976                                {product} {ergonomic}
   size_t MaxNewSize                               = 1274019840                                {product} {ergonomic}
   size_t MinHeapDeltaBytes                        = 1048576                                   {product} {ergonomic}
   size_t MinHeapSize                              = 8388608                                   {product} {ergonomic}
    uintx NonNMethodCodeHeapSize                   = 6973028                                {pd product} {ergonomic}
    uintx NonProfiledCodeHeapSize                  = 244685212                              {pd product} {ergonomic}
    uintx ProfiledCodeHeapSize                     = 0                                      {pd product} {ergonomic}
    uintx ReservedCodeCacheSize                    = 251658240                              {pd product} {ergonomic}
     bool SegmentedCodeCache                       = true                                      {product} {ergonomic}
     bool ShowCodeDetailsInExceptionMessages       = true                                   {manageable} {command line}
   size_t SoftMaxHeapSize                          = 2124414976                             {manageable} {ergonomic}
     intx TieredStopAtLevel                        = 1                                         {product} {command line}
     bool UseCompressedClassPointers               = true                                 {lp64_product} {ergonomic}
     bool UseCompressedOops                        = true                                 {lp64_product} {ergonomic}
     bool UseG1GC                                  = true                                      {product} {ergonomic}
     bool UseLargePagesIndividualAllocation        = false                                  {pd product} {ergonomic}

Logging:
Log output configuration:
 #0: stdout all=warning uptime,level,tags
 #1: stderr all=off uptime,level,tags

Environment Variables:
JAVA_HOME=C:\Program Files\AdoptOpenJDK\jdk-11.0.8.10-hotspot\
PATH=C:/sts-4.9.0.RELEASE//plugins/org.eclipse.justj.openjdk.hotspot.jre.full.win32.x86_64_15.0.1.v20201027-0507/jre/bin/server;C:/sts-4.9.0.RELEASE//plugins/org.eclipse.justj.openjdk.hotspot.jre.full.win32.x86_64_15.0.1.v20201027-0507/jre/bin;C:\Program Files\AdoptOpenJDK\jdk-11.0.8.10-hotspot\bin;C:\ProgramData\Oracle\Java\javapath;C:\Program Files (x86)\Intel\iCLS Client\;C:\Program Files (x86)\Common Files\Intel\Shared Files\cpp\bin\Intel64;C:\Program Files\Intel\iCLS Client\;C:\windows\system32;C:\windows;C:\windows\System32\Wbem;C:\windows\System32\WindowsPowerShell\v1.0\;C:\Program Files (x86)\NVIDIA Corporation\PhysX\Common;C:\WINDOWS\system32;C:\WINDOWS;C:\WINDOWS\System32\Wbem;C:\WINDOWS\System32\WindowsPowerShell\v1.0\;C:\WINDOWS\System32\OpenSSH\;C:\Program Files (x86)\Intel\Intel(R) Management Engine Components\DAL;C:\Program Files\Intel\Intel(R) Management Engine Components\DAL;C:\Program Files\Java\jdk1.8.0_111\bin;C:\src\flutter\bin;C:\Users\tasso\AppData\Local\Android\Sdk\platforms;C:\Users\tasso\AppData\Local\Android\Sdk\platform-tools;C:\Program Files\Git\cmd;C:\apache-maven-3.6.3;C:\Program Files\MySQL\MySQL Shell 8.0\bin\;C:\Users\tasso\AppData\Local\Programs\Python\Python37\Scripts\;C:\Users\tasso\AppData\Local\Programs\Python\Python37\;C:\Users\tasso\AppData\Local\Microsoft\WindowsApps;C:\Program Files\JetBrains\PyCharm Community Edition 2018.3.4\bin;;C:\Users\tasso\AppData\Local\Programs\Microsoft VS Code\bin;;C:\sts-4.9.0.RELEASE;
USERNAME=tasso
OS=Windows_NT
PROCESSOR_IDENTIFIER=Intel64 Family 6 Model 142 Stepping 9, GenuineIntel



---------------  S Y S T E M  ---------------

OS:
 Windows 10 , 64 bit Build 19041 (10.0.19041.1202)
OS uptime: 6 days 21:20 hours

CPU: total 4 (initial active 4) (2 cores per cpu, 2 threads per core) family 6 model 142 stepping 9 microcode 0xb4, cmov, cx8, fxsr, mmx, sse, sse2, sse3, ssse3, sse4.1, sse4.2, popcnt, vzeroupper, avx, avx2, aes, clmul, erms, 3dnowpref, lzcnt, ht, tsc, tscinvbit, bmi1, bmi2, adx, fma, clflush, clflushopt

Memory: 4k page, system-wide physical 8101M (1983M free)
TotalPageFile size 12453M (AvailPageFile size 3267M)
current process WorkingSet (physical memory assigned to process): 149M, peak: 149M
current process commit charge ("private bytes"): 175M, peak: 222M

vm_info: OpenJDK 64-Bit Server VM (15.0.1+9-18) for windows-amd64 JRE (15.0.1+9-18), built on Sep 15 2020 14:39:31 by "mach5one" with unknown MS VC++:1925

END.
