#
# A fatal error has been detected by the Java Runtime Environment:
#
#  EXCEPTION_ACCESS_VIOLATION (0xc0000005) at pc=0x000000006af44bb4, pid=8620, tid=9164
#
# JRE version: OpenJDK Runtime Environment (15.0.1+9) (build 15.0.1+9-18)
# Java VM: OpenJDK 64-Bit Server VM (15.0.1+9-18, mixed mode, tiered, compressed oops, g1 gc, windows-amd64)
# Problematic frame:
# C  [libNRJavaSerial.dll+0x4bb4]
#
# No core dump will be written. Minidumps are not enabled by default on client versions of Windows
#
# If you would like to submit a bug report, please visit:
#   https://bugreport.java.com/bugreport/crash.jsp
# The crash happened outside the Java Virtual Machine in native code.
# See problematic frame for where to report the bug.
#

---------------  S U M M A R Y ------------

Command Line: -Dcom.sun.management.jmxremote -Dcom.sun.management.jmxremote.port=57959 -Dcom.sun.management.jmxremote.authenticate=false -Dcom.sun.management.jmxremote.ssl=false -Djava.rmi.server.hostname=localhost -Dspring.jmx.enabled=true -Dspring.application.admin.enabled=true -XX:TieredStopAtLevel=1 -Dspring.boot.project.name=tcc -Dfile.encoding=UTF-8 -XX:+ShowCodeDetailsInExceptionMessages com.tcc.TccApplication --spring.output.ansi.enabled=always

Host: Intel(R) Core(TM) i5-7200U CPU @ 2.50GHz, 4 cores, 7G,  Windows 10 , 64 bit Build 19041 (10.0.19041.1151)
Time: Thu Aug 26 23:21:32 2021 Hora Padrão de Buenos Aires elapsed time: 66.029026 seconds (0d 0h 1m 6s)

---------------  T H R E A D  ---------------

Current thread (0x000002077b9600c0):  JavaThread "http-nio-8080-exec-1" daemon [_thread_in_native, id=9164, stack(0x00000035b3e00000,0x00000035b3f00000)]

Stack: [0x00000035b3e00000,0x00000035b3f00000],  sp=0x00000035b3efc6e0,  free space=1009k
Native frames: (J=compiled Java code, j=interpreted, Vv=VM code, C=native code)
C  [libNRJavaSerial.dll+0x4bb4]

Java frames: (J=compiled Java code, j=interpreted, Vv=VM code)
J 3522  gnu.io.RXTXPort.readArray([BII)I (0 bytes) @ 0x0000020764ff42f4 [0x0000020764ff42a0+0x0000000000000054]
J 3521 c1 gnu.io.RXTXPort$SerialInputStream.read([BII)I (230 bytes) @ 0x0000020764ff4d24 [0x0000020764ff4ac0+0x0000000000000264]
J 3520 c1 java.io.DataInputStream.read([BII)I java.base@15.0.1 (11 bytes) @ 0x0000020764ff46e4 [0x0000020764ff46a0+0x0000000000000044]
j  java.io.InputStream.readNBytes(I)[B+55 java.base@15.0.1
j  java.io.InputStream.readAllBytes()[B+3 java.base@15.0.1
j  com.tcc.componentes.ArduinoConnection.receber()Z+29
j  com.tcc.controller.RecebeMsgController.recebe()Ljava/lang/String;+4
v  ~StubRoutines::call_stub
J 2459  jdk.internal.reflect.NativeMethodAccessorImpl.invoke0(Ljava/lang/reflect/Method;Ljava/lang/Object;[Ljava/lang/Object;)Ljava/lang/Object; java.base@15.0.1 (0 bytes) @ 0x0000020764e27c3f [0x0000020764e27bc0+0x000000000000007f]
J 2458 c1 jdk.internal.reflect.NativeMethodAccessorImpl.invoke(Ljava/lang/Object;[Ljava/lang/Object;)Ljava/lang/Object; java.base@15.0.1 (117 bytes) @ 0x0000020764e2ae3c [0x0000020764e2ab20+0x000000000000031c]
J 2509 c1 jdk.internal.reflect.DelegatingMethodAccessorImpl.invoke(Ljava/lang/Object;[Ljava/lang/Object;)Ljava/lang/Object; java.base@15.0.1 (10 bytes) @ 0x0000020764e3c5e4 [0x0000020764e3c5a0+0x0000000000000044]
J 2249 c1 java.lang.reflect.Method.invoke(Ljava/lang/Object;[Ljava/lang/Object;)Ljava/lang/Object; java.base@15.0.1 (65 bytes) @ 0x0000020764dcf354 [0x0000020764dcf260+0x00000000000000f4]
j  org.springframework.web.method.support.InvocableHandlerMethod.doInvoke([Ljava/lang/Object;)Ljava/lang/Object;+32
j  org.springframework.web.method.support.InvocableHandlerMethod.invokeForRequest(Lorg/springframework/web/context/request/NativeWebRequest;Lorg/springframework/web/method/support/ModelAndViewContainer;[Ljava/lang/Object;)Ljava/lang/Object;+54
j  org.springframework.web.servlet.mvc.method.annotation.ServletInvocableHandlerMethod.invokeAndHandle(Lorg/springframework/web/context/request/ServletWebRequest;Lorg/springframework/web/method/support/ModelAndViewContainer;[Ljava/lang/Object;)V+4
j  org.springframework.web.servlet.mvc.method.annotation.RequestMappingHandlerAdapter.invokeHandlerMethod(Ljavax/servlet/http/HttpServletRequest;Ljavax/servlet/http/HttpServletResponse;Lorg/springframework/web/method/HandlerMethod;)Lorg/springframework/web/servlet/ModelAndView;+244
j  org.springframework.web.servlet.mvc.method.annotation.RequestMappingHandlerAdapter.handleInternal(Ljavax/servlet/http/HttpServletRequest;Ljavax/servlet/http/HttpServletResponse;Lorg/springframework/web/method/HandlerMethod;)Lorg/springframework/web/servlet/ModelAndView;+81
j  org.springframework.web.servlet.mvc.method.AbstractHandlerMethodAdapter.handle(Ljavax/servlet/http/HttpServletRequest;Ljavax/servlet/http/HttpServletResponse;Ljava/lang/Object;)Lorg/springframework/web/servlet/ModelAndView;+7
j  org.springframework.web.servlet.DispatcherServlet.doDispatch(Ljavax/servlet/http/HttpServletRequest;Ljavax/servlet/http/HttpServletResponse;)V+259
j  org.springframework.web.servlet.DispatcherServlet.doService(Ljavax/servlet/http/HttpServletRequest;Ljavax/servlet/http/HttpServletResponse;)V+241
j  org.springframework.web.servlet.FrameworkServlet.processRequest(Ljavax/servlet/http/HttpServletRequest;Ljavax/servlet/http/HttpServletResponse;)V+71
j  org.springframework.web.servlet.FrameworkServlet.doGet(Ljavax/servlet/http/HttpServletRequest;Ljavax/servlet/http/HttpServletResponse;)V+3
j  javax.servlet.http.HttpServlet.service(Ljavax/servlet/http/HttpServletRequest;Ljavax/servlet/http/HttpServletResponse;)V+35
j  org.springframework.web.servlet.FrameworkServlet.service(Ljavax/servlet/http/HttpServletRequest;Ljavax/servlet/http/HttpServletResponse;)V+33
j  javax.servlet.http.HttpServlet.service(Ljavax/servlet/ServletRequest;Ljavax/servlet/ServletResponse;)V+36
j  org.apache.catalina.core.ApplicationFilterChain.internalDoFilter(Ljavax/servlet/ServletRequest;Ljavax/servlet/ServletResponse;)V+304
j  org.apache.catalina.core.ApplicationFilterChain.doFilter(Ljavax/servlet/ServletRequest;Ljavax/servlet/ServletResponse;)V+99
j  org.apache.tomcat.websocket.server.WsFilter.doFilter(Ljavax/servlet/ServletRequest;Ljavax/servlet/ServletResponse;Ljavax/servlet/FilterChain;)V+21
j  org.apache.catalina.core.ApplicationFilterChain.internalDoFilter(Ljavax/servlet/ServletRequest;Ljavax/servlet/ServletResponse;)V+135
j  org.apache.catalina.core.ApplicationFilterChain.doFilter(Ljavax/servlet/ServletRequest;Ljavax/servlet/ServletResponse;)V+99
j  org.springframework.web.filter.RequestContextFilter.doFilterInternal(Ljavax/servlet/http/HttpServletRequest;Ljavax/servlet/http/HttpServletResponse;Ljavax/servlet/FilterChain;)V+21
j  org.springframework.web.filter.OncePerRequestFilter.doFilter(Ljavax/servlet/ServletRequest;Ljavax/servlet/ServletResponse;Ljavax/servlet/FilterChain;)V+147
j  org.apache.catalina.core.ApplicationFilterChain.internalDoFilter(Ljavax/servlet/ServletRequest;Ljavax/servlet/ServletResponse;)V+135
j  org.apache.catalina.core.ApplicationFilterChain.doFilter(Ljavax/servlet/ServletRequest;Ljavax/servlet/ServletResponse;)V+99
j  org.springframework.web.filter.FormContentFilter.doFilterInternal(Ljavax/servlet/http/HttpServletRequest;Ljavax/servlet/http/HttpServletResponse;Ljavax/servlet/FilterChain;)V+38
j  org.springframework.web.filter.OncePerRequestFilter.doFilter(Ljavax/servlet/ServletRequest;Ljavax/servlet/ServletResponse;Ljavax/servlet/FilterChain;)V+147
j  org.apache.catalina.core.ApplicationFilterChain.internalDoFilter(Ljavax/servlet/ServletRequest;Ljavax/servlet/ServletResponse;)V+135
j  org.apache.catalina.core.ApplicationFilterChain.doFilter(Ljavax/servlet/ServletRequest;Ljavax/servlet/ServletResponse;)V+99
j  org.springframework.web.filter.CharacterEncodingFilter.doFilterInternal(Ljavax/servlet/http/HttpServletRequest;Ljavax/servlet/http/HttpServletResponse;Ljavax/servlet/FilterChain;)V+53
j  org.springframework.web.filter.OncePerRequestFilter.doFilter(Ljavax/servlet/ServletRequest;Ljavax/servlet/ServletResponse;Ljavax/servlet/FilterChain;)V+147
j  org.apache.catalina.core.ApplicationFilterChain.internalDoFilter(Ljavax/servlet/ServletRequest;Ljavax/servlet/ServletResponse;)V+135
j  org.apache.catalina.core.ApplicationFilterChain.doFilter(Ljavax/servlet/ServletRequest;Ljavax/servlet/ServletResponse;)V+99
j  org.apache.catalina.core.StandardWrapperValve.invoke(Lorg/apache/catalina/connector/Request;Lorg/apache/catalina/connector/Response;)V+694
j  org.apache.catalina.core.StandardContextValve.invoke(Lorg/apache/catalina/connector/Request;Lorg/apache/catalina/connector/Response;)V+169
j  org.apache.catalina.authenticator.AuthenticatorBase.invoke(Lorg/apache/catalina/connector/Request;Lorg/apache/catalina/connector/Response;)V+260
j  org.apache.catalina.core.StandardHostValve.invoke(Lorg/apache/catalina/connector/Request;Lorg/apache/catalina/connector/Response;)V+128
j  org.apache.catalina.valves.ErrorReportValve.invoke(Lorg/apache/catalina/connector/Request;Lorg/apache/catalina/connector/Response;)V+6
j  org.apache.catalina.core.StandardEngineValve.invoke(Lorg/apache/catalina/connector/Request;Lorg/apache/catalina/connector/Response;)V+59
j  org.apache.catalina.connector.CoyoteAdapter.service(Lorg/apache/coyote/Request;Lorg/apache/coyote/Response;)V+199
j  org.apache.coyote.http11.Http11Processor.service(Lorg/apache/tomcat/util/net/SocketWrapperBase;)Lorg/apache/tomcat/util/net/AbstractEndpoint$Handler$SocketState;+737
j  org.apache.coyote.AbstractProcessorLight.process(Lorg/apache/tomcat/util/net/SocketWrapperBase;Lorg/apache/tomcat/util/net/SocketEvent;)Lorg/apache/tomcat/util/net/AbstractEndpoint$Handler$SocketState;+170
j  org.apache.coyote.AbstractProtocol$ConnectionHandler.process(Lorg/apache/tomcat/util/net/SocketWrapperBase;Lorg/apache/tomcat/util/net/SocketEvent;)Lorg/apache/tomcat/util/net/AbstractEndpoint$Handler$SocketState;+505
j  org.apache.tomcat.util.net.NioEndpoint$SocketProcessor.doRun()V+216
j  org.apache.tomcat.util.net.SocketProcessorBase.run()V+21
j  java.util.concurrent.ThreadPoolExecutor.runWorker(Ljava/util/concurrent/ThreadPoolExecutor$Worker;)V+92 java.base@15.0.1
j  java.util.concurrent.ThreadPoolExecutor$Worker.run()V+5 java.base@15.0.1
j  org.apache.tomcat.util.threads.TaskThread$WrappingRunnable.run()V+4
j  java.lang.Thread.run()V+11 java.base@15.0.1
v  ~StubRoutines::call_stub

siginfo: EXCEPTION_ACCESS_VIOLATION (0xc0000005), reading address 0x0000000000000008


Register to memory mapping:

RIP=0x000000006af44bb4 libNRJavaSerial.dll
RAX=0x0 is NULL
RBX=0x00000000000010bb is an unknown value
RCX=0x000002077d3c7450 points into unknown readable memory: 0x0000000000000002 | 02 00 00 00 00 00 00 00
RDX=0x0000000000000001 is an unknown value
RSP=0x00000035b3efc6e0 is pointing into the stack for thread: 0x000002077b9600c0
RBP=0x000002077ccb1f9b points into unknown readable memory: 00 00 00 00 00
RSI=0x000002077ccb0ee0 points into unknown readable memory: 0x340a0d3930340a0d | 0d 0a 34 30 39 0d 0a 34
RDI=0x0 is NULL
R8 =0x0000000000000042 is an unknown value
R9 =0x000000008227fd90 is an oop: gnu.io.RXTXPort 
{0x000000008227fd90} - klass: 'gnu/io/RXTXPort'
R10=0x00007fff1e38c720 jvm.dll
R11=0x000000000000003e is an unknown value
R12=0x000002077b9603e8 points into unknown readable memory: 0x00007fff1e2ede40 | 40 de 2e 1e ff 7f 00 00
R13=0x000000000000001f is an unknown value
R14=0x0 is NULL
R15=0x000002077b9600c0 is a thread


Registers:
RAX=0x0000000000000000, RBX=0x00000000000010bb, RCX=0x000002077d3c7450, RDX=0x0000000000000001
RSP=0x00000035b3efc6e0, RBP=0x000002077ccb1f9b, RSI=0x000002077ccb0ee0, RDI=0x0000000000000000
R8 =0x0000000000000042, R9 =0x000000008227fd90, R10=0x00007fff1e38c720, R11=0x000000000000003e
R12=0x000002077b9603e8, R13=0x000000000000001f, R14=0x0000000000000000, R15=0x000002077b9600c0
RIP=0x000000006af44bb4, EFLAGS=0x0000000000010202

Top of Stack: (sp=0x00000035b3efc6e0)
0x00000035b3efc6e0:   000002077b9600c0 000000000000001f
0x00000035b3efc6f0:   0000000000000000 0000000000000000
0x00000035b3efc700:   0000000000000000 0000000000000000
0x00000035b3efc710:   0000000000000000 00000000000010bb
0x00000035b3efc720:   000002077ccb0ee0 000000000000001f
0x00000035b3efc730:   0000000000000064 000002077b9603e8
0x00000035b3efc740:   00000035b3efc800 0000000000000000
0x00000035b3efc750:   000002077b9600c0 000000006af4596d
0x00000035b3efc760:   000002077b9603e8 00000035b3efc7d8
0x00000035b3efc770:   000002077b9603e8 0000000000000000
0x00000035b3efc780:   000000000000001f 0000000000000064
0x00000035b3efc790:   00000035b3efc840 000000008227fd90
0x00000035b3efc7a0:   000000000000001f 00000035b3efc830
0x00000035b3efc7b0:   0000000000000000 0000020764ff4c74
0x00000035b3efc7c0:   00000035b3efc830 0000020764ff4394
0x00000035b3efc7d0:   0000000000000001 00000035b3efc7f8 

Instructions: (pc=0x000000006af44bb4)
0x000000006af44ab4:   97 98 00 00 c7 44 24 2c 00 00 00 00 48 8d 7c 24
0x000000006af44ac4:   2c e8 36 f3 ff ff 49 89 f8 ba 15 54 00 00 89 c1
0x000000006af44ad4:   48 89 c6 e8 04 55 00 00 8b 44 24 2c 80 fb 01 74
0x000000006af44ae4:   3b 83 e0 fd 49 89 f8 89 f1 ba 18 54 00 00 89 44
0x000000006af44af4:   24 2c e8 e5 54 00 00 48 8d 4c 24 30 44 0f b6 c3
0x000000006af44b04:   48 8d 15 21 99 00 00 e8 f0 76 00 00 90 48 83 ec
0x000000006af44b14:   80 5b 5e 5f c3 0f 1f 80 00 00 00 00 83 c8 02 eb
0x000000006af44b24:   c3 66 66 2e 0f 1f 84 00 00 00 00 00 48 83 ec 68
0x000000006af44b34:   4c 8d 0d 3d 95 00 00 4c 8d 05 0d 98 00 00 e8 b9
0x000000006af44b44:   f2 ff ff 48 8d 54 24 20 48 89 c1 e8 ac 4b 00 00
0x000000006af44b54:   85 c0 78 0a 0f b6 44 24 34 48 83 c4 68 c3 b8 ff
0x000000006af44b64:   ff ff ff eb f4 0f 1f 80 00 00 00 00 41 57 41 56
0x000000006af44b74:   41 55 41 54 55 57 56 53 48 83 ec 38 44 8b ac 24
0x000000006af44b84:   a0 00 00 00 48 89 94 24 88 00 00 00 48 8b 12 44
0x000000006af44b94:   89 c7 4c 89 cd 4c 8d 05 36 95 00 00 4c 8d 0d 2d
0x000000006af44ba4:   95 00 00 48 89 8c 24 80 00 00 00 e8 4c f2 ff ff
0x000000006af44bb4:   8b 58 08 48 89 44 24 20 c7 40 08 00 00 00 00 8b
0x000000006af44bc4:   84 24 a8 00 00 00 89 5c 24 2c 85 c0 79 76 45 85
0x000000006af44bd4:   ed 7e 49 44 89 ee bb 14 00 00 00 45 31 e4 eb 13
0x000000006af44be4:   0f 1f 40 00 41 01 c4 29 c6 45 39 e5 7e 31 83 eb
0x000000006af44bf4:   01 74 2c 49 63 d4 41 89 f0 89 f9 48 01 ea e8 d9
0x000000006af44c04:   36 00 00 85 c0 0f 88 a1 00 00 00 75 d7 b9 e8 03
0x000000006af44c14:   00 00 e8 e5 1d 00 00 eb d0 0f 1f 00 45 31 e4 48
0x000000006af44c24:   8b 44 24 20 8b 7c 24 2c 89 78 08 44 89 e0 48 83
0x000000006af44c34:   c4 38 5b 5e 5f 5d 41 5c 41 5d 41 5e 41 5f c3 0f
0x000000006af44c44:   1f 44 00 00 4c 8b 3d 1d f7 00 00 41 ff d7 41 89
0x000000006af44c54:   c6 45 85 ed 7e c6 44 89 ee bb 14 00 00 00 45 31
0x000000006af44c64:   e4 eb 18 66 0f 1f 84 00 00 00 00 00 41 01 c4 29
0x000000006af44c74:   c6 45 39 ec 7d a9 83 eb 01 74 a4 41 ff d7 44 29
0x000000006af44c84:   f0 3b 84 24 a8 00 00 00 7d 6a 49 63 d4 41 89 f0
0x000000006af44c94:   89 f9 48 01 ea e8 42 36 00 00 85 c0 78 0e 75 cc
0x000000006af44ca4:   b9 e8 03 00 00 e8 52 1d 00 00 eb c5 e8 d3 75 00 


Stack slot to memory mapping:
stack at sp + 0 slots: 0x000002077b9600c0 is a thread
stack at sp + 1 slots: 0x000000000000001f is an unknown value
stack at sp + 2 slots: 0x0 is NULL
stack at sp + 3 slots: 0x0 is NULL
stack at sp + 4 slots: 0x0 is NULL
stack at sp + 5 slots: 0x0 is NULL
stack at sp + 6 slots: 0x0 is NULL
stack at sp + 7 slots: 0x00000000000010bb is an unknown value


---------------  P R O C E S S  ---------------

Threads class SMR info:
_java_thread_list=0x000002077cf92c50, length=27, elements={
0x000002077a48aeb0, 0x000002077a48d8a0, 0x000002077acc8000, 0x000002077acc88c0,
0x000002077accc1a0, 0x000002077acd4a70, 0x000002077acd5370, 0x000002077ae23960,
0x000002077ae23e30, 0x000002077ae247d0, 0x000002077ae22fc0, 0x000002077ae217b0,
0x000002077ae24300, 0x000002077ae24ca0, 0x000002077ae21c80, 0x000002077ae23490,
0x000002077b95d570, 0x000002077b9600c0, 0x000002077b95e8b0, 0x000002077b95da40,
0x000002077b95fbf0, 0x000002077ae22150, 0x000002077ae25170, 0x000002077b2bf7a0,
0x000002077b2c0fb0, 0x000002077b2c2c90, 0x000002077b2bfc70
}

Java Threads: ( => current thread )
  0x000002077a48aeb0 JavaThread "Reference Handler" daemon [_thread_blocked, id=17444, stack(0x00000035b2000000,0x00000035b2100000)]
  0x000002077a48d8a0 JavaThread "Finalizer" daemon [_thread_blocked, id=9420, stack(0x00000035b2100000,0x00000035b2200000)]
  0x000002077acc8000 JavaThread "Signal Dispatcher" daemon [_thread_blocked, id=13572, stack(0x00000035b2300000,0x00000035b2400000)]
  0x000002077acc88c0 JavaThread "Attach Listener" daemon [_thread_blocked, id=2728, stack(0x00000035b2400000,0x00000035b2500000)]
  0x000002077accc1a0 JavaThread "Service Thread" daemon [_thread_blocked, id=7684, stack(0x00000035b2500000,0x00000035b2600000)]
  0x000002077acd4a70 JavaThread "C1 CompilerThread0" daemon [_thread_blocked, id=17376, stack(0x00000035b2600000,0x00000035b2700000)]
  0x000002077acd5370 JavaThread "Sweeper thread" daemon [_thread_blocked, id=15860, stack(0x00000035b2700000,0x00000035b2800000)]
  0x000002077ae23960 JavaThread "Common-Cleaner" daemon [_thread_blocked, id=12052, stack(0x00000035b2800000,0x00000035b2900000)]
  0x000002077ae23e30 JavaThread "Notification Thread" daemon [_thread_blocked, id=1992, stack(0x00000035b2900000,0x00000035b2a00000)]
  0x000002077ae247d0 JavaThread "RMI TCP Accept-0" daemon [_thread_in_native, id=8248, stack(0x00000035b2a00000,0x00000035b2b00000)]
  0x000002077ae22fc0 JavaThread "RMI TCP Accept-57959" daemon [_thread_in_native, id=12004, stack(0x00000035b2b00000,0x00000035b2c00000)]
  0x000002077ae217b0 JavaThread "RMI TCP Accept-0" daemon [_thread_in_native, id=8600, stack(0x00000035b2c00000,0x00000035b2d00000)]
  0x000002077ae24300 JavaThread "RMI TCP Connection(idle)" daemon [_thread_blocked, id=17224, stack(0x00000035b2e00000,0x00000035b2f00000)]
  0x000002077ae24ca0 JavaThread "RMI Scheduler(0)" daemon [_thread_blocked, id=14940, stack(0x00000035b2f00000,0x00000035b3000000)]
  0x000002077ae21c80 JavaThread "RMI TCP Connection(6)-127.0.0.1" daemon [_thread_in_native, id=2364, stack(0x00000035b3000000,0x00000035b3100000)]
  0x000002077ae23490 JavaThread "JMX server connection timeout 20" daemon [_thread_blocked, id=14628, stack(0x00000035b3100000,0x00000035b3200000)]
  0x000002077b95d570 JavaThread "Live Reload Server" daemon [_thread_in_native, id=2352, stack(0x00000035b3f00000,0x00000035b4000000)]
=>0x000002077b9600c0 JavaThread "http-nio-8080-exec-1" daemon [_thread_in_native, id=9164, stack(0x00000035b3e00000,0x00000035b3f00000)]
  0x000002077b95e8b0 JavaThread "http-nio-8080-exec-2" daemon [_thread_blocked, id=8200, stack(0x00000035b4000000,0x00000035b4100000)]
  0x000002077b95da40 JavaThread "http-nio-8080-exec-3" daemon [_thread_blocked, id=9128, stack(0x00000035b4100000,0x00000035b4200000)]
  0x000002077b95fbf0 JavaThread "DestroyJavaVM" [_thread_blocked, id=17300, stack(0x00000035b1900000,0x00000035b1a00000)]
  0x000002077ae22150 JavaThread "RMI TCP Connection(idle)" daemon [_thread_blocked, id=8488, stack(0x00000035b3600000,0x00000035b3700000)]
  0x000002077ae25170 JavaThread "RMI TCP Connection(idle)" daemon [_thread_blocked, id=18312, stack(0x00000035b3700000,0x00000035b3800000)]
  0x000002077b2bf7a0 JavaThread "RMI TCP Connection(idle)" daemon [_thread_blocked, id=18136, stack(0x00000035b4c00000,0x00000035b4d00000)]
  0x000002077b2c0fb0 JavaThread "Thread-6" [_thread_blocked, id=7704, stack(0x00000035b4e00000,0x00000035b4f00000)]
  0x000002077b2c2c90 JavaThread "restartedMain" [_thread_blocked, id=8964, stack(0x00000035b1700000,0x00000035b1800000)]
  0x000002077b2bfc70 JavaThread "Thread-10" [_thread_in_native, id=16744, stack(0x00000035b1800000,0x00000035b1900000)]

Other Threads:
  0x000002077a464b90 VMThread "VM Thread" [stack: 0x00000035b1f00000,0x00000035b2000000] [id=16708]
  0x00000207609dfca0 WatcherThread [stack: 0x00000035b2d00000,0x00000035b2e00000] [id=636]
  0x0000020760a19c40 GCTaskThread "GC Thread#0" [stack: 0x00000035b1a00000,0x00000035b1b00000] [id=15616]
  0x000002077b475080 GCTaskThread "GC Thread#1" [stack: 0x00000035b3200000,0x00000035b3300000] [id=7604]
  0x000002077b4753b0 GCTaskThread "GC Thread#2" [stack: 0x00000035b3300000,0x00000035b3400000] [id=13652]
  0x000002077b474090 GCTaskThread "GC Thread#3" [stack: 0x00000035b3900000,0x00000035b3a00000] [id=18100]
  0x0000020760a2b180 ConcurrentGCThread "G1 Main Marker" [stack: 0x00000035b1b00000,0x00000035b1c00000] [id=6192]
  0x0000020760a2bc80 ConcurrentGCThread "G1 Conc#0" [stack: 0x00000035b1c00000,0x00000035b1d00000] [id=9272]
  0x0000020760aab100 ConcurrentGCThread "G1 Refine#0" [stack: 0x00000035b1d00000,0x00000035b1e00000] [id=6288]
  0x000002077b6aea30 ConcurrentGCThread "G1 Refine#1" [stack: 0x00000035b3400000,0x00000035b3500000] [id=8668]
  0x000002077b6421e0 ConcurrentGCThread "G1 Refine#2" [stack: 0x00000035b3500000,0x00000035b3600000] [id=13692]
  0x0000020760aabc10 ConcurrentGCThread "G1 Young RemSet Sampling" [stack: 0x00000035b1e00000,0x00000035b1f00000] [id=8624]

Threads with active compile tasks:

VM state: not at safepoint (normal execution)

VM Mutex/Monitor currently owned by a thread: None

Heap address: 0x0000000081600000, size: 2026 MB, Compressed Oops mode: 32-bit
CDS disabled.
Compressed class space mapped at: 0x0000000100000000-0x0000000140000000, size: 1073741824
Narrow klass base: 0x0000000000000000, Narrow klass shift: 3, Narrow klass range: 0x140000000

GC Precious Log:
 CPUs: 4 total, 4 available
 Memory: 8101M
 Large Page Support: Disabled
 NUMA Support: Disabled
 Compressed Oops: Enabled (32-bit)
 Heap Region Size: 1M
 Heap Min Capacity: 8M
 Heap Initial Capacity: 128M
 Heap Max Capacity: 2026M
 Pre-touch: Disabled
 Parallel Workers: 4
 Concurrent Workers: 1
 Concurrent Refinement Workers: 4
 Periodic GC: Disabled

Heap:
 garbage-first heap   total 51200K, used 16875K [0x0000000081600000, 0x0000000100000000)
  region size 1024K, 5 young (5120K), 0 survivors (0K)
 Metaspace       used 38608K, capacity 39125K, committed 39296K, reserved 1083392K
  class space    used 4666K, capacity 4872K, committed 4992K, reserved 1048576K

Heap Regions: E=young(eden), S=young(survivor), O=old, HS=humongous(starts), HC=humongous(continues), CS=collection set, F=free, OA=open archive, CA=closed archive, TAMS=top-at-mark-start (previous, next)
|   0|0x0000000081600000, 0x00000000816fea28, 0x0000000081700000| 99%| O|  |TAMS 0x0000000081600000, 0x0000000081600000| Untracked 
|   1|0x0000000081700000, 0x0000000081800000, 0x0000000081800000|100%| O|  |TAMS 0x0000000081700000, 0x0000000081700000| Untracked 
|   2|0x0000000081800000, 0x00000000818ffff0, 0x0000000081900000| 99%| O|  |TAMS 0x0000000081800000, 0x0000000081800000| Untracked 
|   3|0x0000000081900000, 0x00000000819ffff8, 0x0000000081a00000| 99%| O|  |TAMS 0x0000000081900000, 0x0000000081900000| Untracked 
|   4|0x0000000081a00000, 0x0000000081affe88, 0x0000000081b00000| 99%| O|  |TAMS 0x0000000081a00000, 0x0000000081a00000| Untracked 
|   5|0x0000000081b00000, 0x0000000081bfffa8, 0x0000000081c00000| 99%| O|  |TAMS 0x0000000081b00000, 0x0000000081b00000| Untracked 
|   6|0x0000000081c00000, 0x0000000081cfffb8, 0x0000000081d00000| 99%| O|  |TAMS 0x0000000081c00000, 0x0000000081c00000| Untracked 
|   7|0x0000000081d00000, 0x0000000081dffff8, 0x0000000081e00000| 99%| O|  |TAMS 0x0000000081d00000, 0x0000000081d00000| Untracked 
|   8|0x0000000081e00000, 0x0000000081efffe8, 0x0000000081f00000| 99%| O|  |TAMS 0x0000000081e00000, 0x0000000081e00000| Untracked 
|   9|0x0000000081f00000, 0x0000000081ffffd0, 0x0000000082000000| 99%| O|  |TAMS 0x0000000081f00000, 0x0000000081f00000| Untracked 
|  10|0x0000000082000000, 0x00000000820fffb8, 0x0000000082100000| 99%| O|  |TAMS 0x0000000082000000, 0x0000000082000000| Untracked 
|  11|0x0000000082100000, 0x00000000821fff00, 0x0000000082200000| 99%| O|  |TAMS 0x0000000082100000, 0x0000000082100000| Untracked 
|  12|0x0000000082200000, 0x000000008220c128, 0x0000000082300000|  4%| O|  |TAMS 0x0000000082200000, 0x0000000082200000| Untracked 
|  13|0x0000000082300000, 0x0000000082343870, 0x0000000082400000| 26%| O|  |TAMS 0x0000000082300000, 0x0000000082300000| Untracked 
|  14|0x0000000082400000, 0x000000008242cc50, 0x0000000082500000| 17%| O|  |TAMS 0x0000000082400000, 0x0000000082400000| Untracked 
|  15|0x0000000082500000, 0x0000000082500000, 0x0000000082600000|  0%| F|  |TAMS 0x0000000082500000, 0x0000000082500000| Untracked 
|  16|0x0000000082600000, 0x0000000082600000, 0x0000000082700000|  0%| F|  |TAMS 0x0000000082600000, 0x0000000082600000| Untracked 
|  17|0x0000000082700000, 0x0000000082700000, 0x0000000082800000|  0%| F|  |TAMS 0x0000000082700000, 0x0000000082700000| Untracked 
|  18|0x0000000082800000, 0x0000000082800000, 0x0000000082900000|  0%| F|  |TAMS 0x0000000082800000, 0x0000000082800000| Untracked 
|  19|0x0000000082900000, 0x0000000082900000, 0x0000000082a00000|  0%| F|  |TAMS 0x0000000082900000, 0x0000000082900000| Untracked 
|  20|0x0000000082a00000, 0x0000000082a00000, 0x0000000082b00000|  0%| F|  |TAMS 0x0000000082a00000, 0x0000000082a00000| Untracked 
|  21|0x0000000082b00000, 0x0000000082b00000, 0x0000000082c00000|  0%| F|  |TAMS 0x0000000082b00000, 0x0000000082b00000| Untracked 
|  22|0x0000000082c00000, 0x0000000082c00000, 0x0000000082d00000|  0%| F|  |TAMS 0x0000000082c00000, 0x0000000082c00000| Untracked 
|  23|0x0000000082d00000, 0x0000000082d00000, 0x0000000082e00000|  0%| F|  |TAMS 0x0000000082d00000, 0x0000000082d00000| Untracked 
|  24|0x0000000082e00000, 0x0000000082e00000, 0x0000000082f00000|  0%| F|  |TAMS 0x0000000082e00000, 0x0000000082e00000| Untracked 
|  25|0x0000000082f00000, 0x0000000082f00000, 0x0000000083000000|  0%| F|  |TAMS 0x0000000082f00000, 0x0000000082f00000| Untracked 
|  26|0x0000000083000000, 0x0000000083000000, 0x0000000083100000|  0%| F|  |TAMS 0x0000000083000000, 0x0000000083000000| Untracked 
|  27|0x0000000083100000, 0x0000000083100000, 0x0000000083200000|  0%| F|  |TAMS 0x0000000083100000, 0x0000000083100000| Untracked 
|  28|0x0000000083200000, 0x0000000083200000, 0x0000000083300000|  0%| F|  |TAMS 0x0000000083200000, 0x0000000083200000| Untracked 
|  29|0x0000000083300000, 0x0000000083300000, 0x0000000083400000|  0%| F|  |TAMS 0x0000000083300000, 0x0000000083300000| Untracked 
|  30|0x0000000083400000, 0x0000000083400000, 0x0000000083500000|  0%| F|  |TAMS 0x0000000083400000, 0x0000000083400000| Untracked 
|  31|0x0000000083500000, 0x0000000083500000, 0x0000000083600000|  0%| F|  |TAMS 0x0000000083500000, 0x0000000083500000| Untracked 
|  32|0x0000000083600000, 0x0000000083600000, 0x0000000083700000|  0%| F|  |TAMS 0x0000000083600000, 0x0000000083600000| Untracked 
|  33|0x0000000083700000, 0x0000000083700000, 0x0000000083800000|  0%| F|  |TAMS 0x0000000083700000, 0x0000000083700000| Untracked 
|  34|0x0000000083800000, 0x0000000083800000, 0x0000000083900000|  0%| F|  |TAMS 0x0000000083800000, 0x0000000083800000| Untracked 
|  35|0x0000000083900000, 0x0000000083900000, 0x0000000083a00000|  0%| F|  |TAMS 0x0000000083900000, 0x0000000083900000| Untracked 
|  36|0x0000000083a00000, 0x0000000083a00000, 0x0000000083b00000|  0%| F|  |TAMS 0x0000000083a00000, 0x0000000083a00000| Untracked 
|  37|0x0000000083b00000, 0x0000000083b00000, 0x0000000083c00000|  0%| F|  |TAMS 0x0000000083b00000, 0x0000000083b00000| Untracked 
|  38|0x0000000083c00000, 0x0000000083c00000, 0x0000000083d00000|  0%| F|  |TAMS 0x0000000083c00000, 0x0000000083c00000| Untracked 
|  39|0x0000000083d00000, 0x0000000083d00000, 0x0000000083e00000|  0%| F|  |TAMS 0x0000000083d00000, 0x0000000083d00000| Untracked 
|  40|0x0000000083e00000, 0x0000000083e00000, 0x0000000083f00000|  0%| F|  |TAMS 0x0000000083e00000, 0x0000000083e00000| Untracked 
|  41|0x0000000083f00000, 0x0000000083f00000, 0x0000000084000000|  0%| F|  |TAMS 0x0000000083f00000, 0x0000000083f00000| Untracked 
|  42|0x0000000084000000, 0x0000000084000000, 0x0000000084100000|  0%| F|  |TAMS 0x0000000084000000, 0x0000000084000000| Untracked 
|  43|0x0000000084100000, 0x0000000084100000, 0x0000000084200000|  0%| F|  |TAMS 0x0000000084100000, 0x0000000084100000| Untracked 
|  44|0x0000000084200000, 0x0000000084200000, 0x0000000084300000|  0%| F|  |TAMS 0x0000000084200000, 0x0000000084200000| Untracked 
|  45|0x0000000084300000, 0x00000000843a1b78, 0x0000000084400000| 63%| E|  |TAMS 0x0000000084300000, 0x0000000084300000| Complete 
|  46|0x0000000084400000, 0x0000000084500000, 0x0000000084500000|100%| E|CS|TAMS 0x0000000084400000, 0x0000000084400000| Complete 
|  47|0x0000000084500000, 0x0000000084600000, 0x0000000084600000|100%| E|CS|TAMS 0x0000000084500000, 0x0000000084500000| Complete 
|  48|0x0000000084600000, 0x0000000084700000, 0x0000000084700000|100%| E|CS|TAMS 0x0000000084600000, 0x0000000084600000| Complete 
| 127|0x0000000089500000, 0x0000000089600000, 0x0000000089600000|100%| E|CS|TAMS 0x0000000089500000, 0x0000000089500000| Complete 

Card table byte_map: [0x00000207737f0000,0x0000020773bf0000] _byte_map_base: 0x00000207733e5000

Marking Bits (Prev, Next): (CMBitMap*) 0x0000020760a1a340, (CMBitMap*) 0x0000020760a1a380
 Prev Bits: [0x0000020773ff0000, 0x0000020775f98000)
 Next Bits: [0x0000020775fa0000, 0x0000020777f48000)

Polling page: 0x000002075e970000

Metaspace:

Usage:
  Non-class:     33.45 MB capacity,    33.15 MB (>99%) used,   251.64 KB ( <1%) free+waste,    59.38 KB ( <1%) overhead. 
      Class:      4.76 MB capacity,     4.56 MB ( 96%) used,   181.89 KB (  4%) free+waste,    23.75 KB ( <1%) overhead. 
       Both:     38.21 MB capacity,    37.70 MB ( 99%) used,   433.53 KB (  1%) free+waste,    83.12 KB ( <1%) overhead. 

Virtual space:
  Non-class space:       34.00 MB reserved,      33.50 MB ( 99%) committed 
      Class space:        1.00 GB reserved,       4.88 MB ( <1%) committed 
             Both:        1.03 GB reserved,      38.38 MB (  4%) committed 

Chunk freelists:
   Non-Class:  0 bytes
       Class:  24.00 KB
        Both:  24.00 KB

MaxMetaspaceSize: 17179869184.00 GB
CompressedClassSpaceSize: 1.00 GB

CodeHeap 'non-profiled nmethods': size=238912Kb used=5664Kb max_used=5664Kb free=233247Kb
 bounds [0x0000020764aa0000, 0x0000020765030000, 0x00000207733f0000]
CodeHeap 'non-nmethods': size=6848Kb used=1212Kb max_used=1212Kb free=5635Kb
 bounds [0x00000207643f0000, 0x0000020764660000, 0x0000020764aa0000]
 total_blobs=4150 nmethods=3667 adapters=410
 compilation: enabled
              stopped_count=0, restarted_count=0
 full_count=0

Compilation events (20 events):
Event: 60.390 Thread 0x000002077acd4a70 3573       1       org.apache.juli.logging.DirectJDKLog::isDebugEnabled (11 bytes)
Event: 60.390 Thread 0x000002077acd4a70 nmethod 3573 0x0000020765007110 code [0x00000207650072a0, 0x0000020765007398]
Event: 60.390 Thread 0x000002077acd4a70 3574       1       org.apache.catalina.LifecycleEvent::getType (5 bytes)
Event: 60.391 Thread 0x000002077acd4a70 nmethod 3574 0x0000020765007490 code [0x0000020765007620, 0x00000207650076d8]
Event: 60.398 Thread 0x000002077acd4a70 3575       1       java.util.TimSort::countRunAndMakeAscending (128 bytes)
Event: 60.400 Thread 0x000002077acd4a70 nmethod 3575 0x0000020765007790 code [0x0000020765007980, 0x0000020765007e48]
Event: 60.413 Thread 0x000002077acd4a70 3576       1       org.apache.tomcat.util.buf.AbstractChunk::recycle (21 bytes)
Event: 60.413 Thread 0x000002077acd4a70 nmethod 3576 0x0000020765008110 code [0x00000207650082a0, 0x0000020765008378]
Event: 60.414 Thread 0x000002077acd4a70 3577       1       java.util.concurrent.locks.LockSupport::setBlocker (12 bytes)
Event: 60.415 Thread 0x000002077acd4a70 nmethod 3577 0x0000020765008410 code [0x00000207650085a0, 0x0000020765008698]
Event: 65.420 Thread 0x000002077acd4a70 3578       1       org.apache.catalina.util.LifecycleBase::fireLifecycleEvent (56 bytes)
Event: 65.421 Thread 0x000002077acd4a70 nmethod 3578 0x0000020765008710 code [0x00000207650088e0, 0x0000020765008c18]
Event: 65.421 Thread 0x000002077acd4a70 3579       1       org.apache.catalina.LifecycleEvent::<init> (16 bytes)
Event: 65.422 Thread 0x000002077acd4a70 nmethod 3579 0x0000020765008d90 code [0x0000020765008f40, 0x00000207650091c8]
Event: 65.422 Thread 0x000002077acd4a70 3580  s    1       org.apache.catalina.util.LifecycleBase::setStateInternal (144 bytes)
Event: 65.425 Thread 0x000002077acd4a70 nmethod 3580 0x0000020765009290 code [0x00000207650094a0, 0x0000020765009b68]
Event: 65.425 Thread 0x000002077acd4a70 3582   !   1       java.util.concurrent.ConcurrentHashMap::clear (176 bytes)
Event: 65.428 Thread 0x000002077acd4a70 nmethod 3582 0x0000020765009e90 code [0x000002076500a080, 0x000002076500a678]
Event: 65.428 Thread 0x000002077acd4a70 3581       1       java.util.LinkedHashMap::afterNodeRemoval (65 bytes)
Event: 65.428 Thread 0x000002077acd4a70 nmethod 3581 0x000002076500aa10 code [0x000002076500abc0, 0x000002076500aeb8]

GC Heap History (20 events):
Event: 1.205 GC heap before
{Heap before GC invocations=1 (full 0):
 garbage-first heap   total 131072K, used 14562K [0x0000000081600000, 0x0000000100000000)
  region size 1024K, 12 young (12288K), 2 survivors (2048K)
 Metaspace       used 16028K, capacity 16276K, committed 16384K, reserved 1064960K
  class space    used 1679K, capacity 1742K, committed 1792K, reserved 1048576K
}
Event: 1.212 GC heap after
{Heap after GC invocations=2 (full 0):
 garbage-first heap   total 131072K, used 5356K [0x0000000081600000, 0x0000000100000000)
  region size 1024K, 1 young (1024K), 1 survivors (1024K)
 Metaspace       used 16028K, capacity 16276K, committed 16384K, reserved 1064960K
  class space    used 1679K, capacity 1742K, committed 1792K, reserved 1048576K
}
Event: 1.771 GC heap before
{Heap before GC invocations=2 (full 0):
 garbage-first heap   total 131072K, used 23788K [0x0000000081600000, 0x0000000100000000)
  region size 1024K, 21 young (21504K), 1 survivors (1024K)
 Metaspace       used 20859K, capacity 21154K, committed 21248K, reserved 1069056K
  class space    used 2367K, capacity 2469K, committed 2560K, reserved 1048576K
}
Event: 1.777 GC heap after
{Heap after GC invocations=3 (full 0):
 garbage-first heap   total 131072K, used 6797K [0x0000000081600000, 0x0000000100000000)
  region size 1024K, 3 young (3072K), 3 survivors (3072K)
 Metaspace       used 20859K, capacity 21154K, committed 21248K, reserved 1069056K
  class space    used 2367K, capacity 2469K, committed 2560K, reserved 1048576K
}
Event: 2.289 GC heap before
{Heap before GC invocations=4 (full 0):
 garbage-first heap   total 37888K, used 36493K [0x0000000081600000, 0x0000000100000000)
  region size 1024K, 32 young (32768K), 3 survivors (3072K)
 Metaspace       used 26996K, capacity 27377K, committed 27648K, reserved 1073152K
  class space    used 3147K, capacity 3282K, committed 3328K, reserved 1048576K
}
Event: 2.297 GC heap after
{Heap after GC invocations=5 (full 0):
 garbage-first heap   total 41984K, used 8439K [0x0000000081600000, 0x0000000100000000)
  region size 1024K, 4 young (4096K), 4 survivors (4096K)
 Metaspace       used 26996K, capacity 27377K, committed 27648K, reserved 1073152K
  class space    used 3147K, capacity 3282K, committed 3328K, reserved 1048576K
}
Event: 2.738 GC heap before
{Heap before GC invocations=6 (full 0):
 garbage-first heap   total 34816K, used 26871K [0x0000000081600000, 0x0000000100000000)
  region size 1024K, 22 young (22528K), 4 survivors (4096K)
 Metaspace       used 28542K, capacity 28954K, committed 29184K, reserved 1075200K
  class space    used 3363K, capacity 3501K, committed 3584K, reserved 1048576K
}
Event: 2.744 GC heap after
{Heap after GC invocations=7 (full 0):
 garbage-first heap   total 41984K, used 9493K [0x0000000081600000, 0x0000000100000000)
  region size 1024K, 2 young (2048K), 2 survivors (2048K)
 Metaspace       used 28542K, capacity 28954K, committed 29184K, reserved 1075200K
  class space    used 3363K, capacity 3501K, committed 3584K, reserved 1048576K
}
Event: 3.477 GC heap before
{Heap before GC invocations=7 (full 0):
 garbage-first heap   total 41984K, used 26901K [0x0000000081600000, 0x0000000100000000)
  region size 1024K, 20 young (20480K), 2 survivors (2048K)
 Metaspace       used 31940K, capacity 32312K, committed 32384K, reserved 1077248K
  class space    used 3835K, capacity 3958K, committed 3968K, reserved 1048576K
}
Event: 3.486 GC heap after
{Heap after GC invocations=8 (full 0):
 garbage-first heap   total 41984K, used 11011K [0x0000000081600000, 0x0000000100000000)
  region size 1024K, 3 young (3072K), 3 survivors (3072K)
 Metaspace       used 31940K, capacity 32312K, committed 32384K, reserved 1077248K
  class space    used 3835K, capacity 3958K, committed 3968K, reserved 1048576K
}
Event: 4.126 GC heap before
{Heap before GC invocations=8 (full 0):
 garbage-first heap   total 41984K, used 28419K [0x0000000081600000, 0x0000000100000000)
  region size 1024K, 20 young (20480K), 3 survivors (3072K)
 Metaspace       used 34027K, capacity 34463K, committed 34688K, reserved 1079296K
  class space    used 4055K, capacity 4183K, committed 4224K, reserved 1048576K
}
Event: 4.139 GC heap after
{Heap after GC invocations=9 (full 0):
 garbage-first heap   total 41984K, used 13154K [0x0000000081600000, 0x0000000100000000)
  region size 1024K, 3 young (3072K), 3 survivors (3072K)
 Metaspace       used 34027K, capacity 34463K, committed 34688K, reserved 1079296K
  class space    used 4055K, capacity 4183K, committed 4224K, reserved 1048576K
}
Event: 4.707 GC heap before
{Heap before GC invocations=9 (full 0):
 garbage-first heap   total 41984K, used 28514K [0x0000000081600000, 0x0000000100000000)
  region size 1024K, 18 young (18432K), 3 survivors (3072K)
 Metaspace       used 34032K, capacity 34463K, committed 34688K, reserved 1079296K
  class space    used 4057K, capacity 4183K, committed 4224K, reserved 1048576K
}
Event: 4.718 GC heap after
{Heap after GC invocations=10 (full 0):
 garbage-first heap   total 41984K, used 14085K [0x0000000081600000, 0x0000000100000000)
  region size 1024K, 3 young (3072K), 3 survivors (3072K)
 Metaspace       used 34032K, capacity 34463K, committed 34688K, reserved 1079296K
  class space    used 4057K, capacity 4183K, committed 4224K, reserved 1048576K
}
Event: 5.181 GC heap before
{Heap before GC invocations=10 (full 0):
 garbage-first heap   total 41984K, used 27397K [0x0000000081600000, 0x0000000100000000)
  region size 1024K, 16 young (16384K), 3 survivors (3072K)
 Metaspace       used 34032K, capacity 34463K, committed 34688K, reserved 1079296K
  class space    used 4057K, capacity 4183K, committed 4224K, reserved 1048576K
}
Event: 5.186 GC heap after
{Heap after GC invocations=11 (full 0):
 garbage-first heap   total 51200K, used 14228K [0x0000000081600000, 0x0000000100000000)
  region size 1024K, 2 young (2048K), 2 survivors (2048K)
 Metaspace       used 34032K, capacity 34463K, committed 34688K, reserved 1079296K
  class space    used 4057K, capacity 4183K, committed 4224K, reserved 1048576K
}
Event: 6.145 GC heap before
{Heap before GC invocations=11 (full 0):
 garbage-first heap   total 51200K, used 36756K [0x0000000081600000, 0x0000000100000000)
  region size 1024K, 24 young (24576K), 2 survivors (2048K)
 Metaspace       used 37651K, capacity 38123K, committed 38272K, reserved 1083392K
  class space    used 4547K, capacity 4690K, committed 4736K, reserved 1048576K
}
Event: 6.152 GC heap after
{Heap after GC invocations=12 (full 0):
 garbage-first heap   total 51200K, used 14623K [0x0000000081600000, 0x0000000100000000)
  region size 1024K, 3 young (3072K), 3 survivors (3072K)
 Metaspace       used 37651K, capacity 38123K, committed 38272K, reserved 1083392K
  class space    used 4547K, capacity 4690K, committed 4736K, reserved 1048576K
}
Event: 65.749 GC heap before
{Heap before GC invocations=12 (full 0):
 garbage-first heap   total 51200K, used 35103K [0x0000000081600000, 0x0000000100000000)
  region size 1024K, 24 young (24576K), 3 survivors (3072K)
 Metaspace       used 38585K, capacity 39069K, committed 39168K, reserved 1083392K
  class space    used 4660K, capacity 4832K, committed 4864K, reserved 1048576K
}
Event: 65.758 GC heap after
{Heap after GC invocations=13 (full 0):
 garbage-first heap   total 51200K, used 17103K [0x0000000081600000, 0x0000000100000000)
  region size 1024K, 3 young (3072K), 3 survivors (3072K)
 Metaspace       used 38585K, capacity 39069K, committed 39168K, reserved 1083392K
  class space    used 4660K, capacity 4832K, committed 4864K, reserved 1048576K
}

Deoptimization events (0 events):
No events

Classes unloaded (0 events):
No events

Classes redefined (0 events):
No events

Internal exceptions (20 events):
Event: 5.307 Thread 0x000002077ae25170 Exception <a 'java/lang/ClassNotFoundException'{0x00000000845ae978}: org/springframework/boot/autoconfigure/web/servlet/WebMvcAutoConfiguration$EnableWebMvcConfigurationCustomizer> (0x00000000845ae978) 
thrown [./open/src/hotspot/share/classfile/systemDictionary.cpp, line 295]
Event: 5.309 Thread 0x000002077ae25170 Exception <a 'java/lang/ClassNotFoundException'{0x00000000845c2a88}: org/springframework/context/ResourceLoaderAwareCustomizer> (0x00000000845c2a88) 
thrown [./open/src/hotspot/share/classfile/systemDictionary.cpp, line 295]
Event: 5.310 Thread 0x000002077ae25170 Exception <a 'java/lang/ClassNotFoundException'{0x00000000845c7410}: org/springframework/beans/factory/AwareCustomizer> (0x00000000845c7410) 
thrown [./open/src/hotspot/share/classfile/systemDictionary.cpp, line 295]
Event: 5.312 Thread 0x000002077ae25170 Exception <a 'java/lang/ClassNotFoundException'{0x00000000845cb178}: org/springframework/context/ApplicationContextAwareCustomizer> (0x00000000845cb178) 
thrown [./open/src/hotspot/share/classfile/systemDictionary.cpp, line 295]
Event: 5.314 Thread 0x000002077ae25170 Exception <a 'java/lang/ClassNotFoundException'{0x00000000845d06e0}: org/springframework/beans/factory/AwareCustomizer> (0x00000000845d06e0) 
thrown [./open/src/hotspot/share/classfile/systemDictionary.cpp, line 295]
Event: 5.314 Thread 0x000002077ae25170 Exception <a 'java/lang/ClassNotFoundException'{0x00000000845d4420}: org/springframework/web/context/ServletContextAwareCustomizer> (0x00000000845d4420) 
thrown [./open/src/hotspot/share/classfile/systemDictionary.cpp, line 295]
Event: 5.315 Thread 0x000002077ae25170 Exception <a 'java/lang/ClassNotFoundException'{0x00000000845d9488}: org/springframework/beans/factory/AwareCustomizer> (0x00000000845d9488) 
thrown [./open/src/hotspot/share/classfile/systemDictionary.cpp, line 295]
Event: 5.494 Thread 0x000002077ae25170 Exception <a 'java/lang/NoSuchMethodError'{0x0000000084031108}: 'void java.lang.invoke.DirectMethodHandle$Holder.invokeVirtual(java.lang.Object, java.lang.Object, int)'> (0x0000000084031108) 
thrown [./open/src/hotspot/share/interpreter/linkResolver.cpp, line 782]
Event: 5.497 Thread 0x000002077ae25170 Exception <a 'java/lang/NoSuchMethodError'{0x000000008404d190}: 'void java.lang.invoke.DirectMethodHandle$Holder.invokeVirtual(java.lang.Object, java.lang.Object, long)'> (0x000000008404d190) 
thrown [./open/src/hotspot/share/interpreter/linkResolver.cpp, line 782]
Event: 5.691 Thread 0x000002077ae25170 Exception <a 'java/lang/IncompatibleClassChangeError'{0x0000000083b114f0}: Found class java.lang.Object, but interface was expected> (0x0000000083b114f0) 
thrown [./open/src/hotspot/share/interpreter/linkResolver.cpp, line 848]
Event: 5.702 Thread 0x000002077ae21c80 Exception <a 'java/lang/reflect/InvocationTargetException'{0x0000000083b6c500}> (0x0000000083b6c500) 
thrown [./open/src/hotspot/share/runtime/reflection.cpp, line 1157]
Event: 5.746 Thread 0x000002077ae25170 Exception <a 'java/lang/NoSuchMethodError'{0x0000000083a4fd08}: 'int java.lang.invoke.DirectMethodHandle$Holder.invokeStaticInit(java.lang.Object, java.lang.Object, java.lang.Object, java.lang.Object)'> (0x0000000083a4fd08) 
thrown [./open/src/hotspot/share/interpreter/linkResolver.cpp, line 782]
Event: 5.942 Thread 0x000002077ae25170 Exception <a 'java/lang/NoSuchMethodError'{0x0000000083506928}: 'java.lang.Object java.lang.invoke.DirectMethodHandle$Holder.newInvokeSpecial(java.lang.Object, java.lang.Object, int, java.lang.Object, java.lang.Object)'> (0x0000000083506928) 
thrown [./open/src/hotspot/share/interpreter/linkResolver.cpp, line 782]
Event: 5.944 Thread 0x000002077ae25170 Exception <a 'java/lang/NoSuchMethodError'{0x0000000083512630}: 'java.lang.Object java.lang.invoke.DirectMethodHandle$Holder.invokeSpecial(java.lang.Object, java.lang.Object, int, java.lang.Object, int, java.lang.Object)'> (0x0000000083512630) 
thrown [./open/src/hotspot/share/interpreter/linkResolver.cpp, line 782]
Event: 5.944 Thread 0x000002077ae25170 Exception <a 'java/lang/NoSuchMethodError'{0x000000008351b0c0}: 'java.lang.Object java.lang.invoke.DirectMethodHandle$Holder.newInvokeSpecial(java.lang.Object, java.lang.Object, int, java.lang.Object, int)'> (0x000000008351b0c0) 
thrown [./open/src/hotspot/share/interpreter/linkResolver.cpp, line 782]
Event: 5.945 Thread 0x000002077ae25170 Exception <a 'java/lang/NoSuchMethodError'{0x000000008351f2d0}: 'java.lang.Object java.lang.invoke.DirectMethodHandle$Holder.invokeSpecial(java.lang.Object, java.lang.Object, java.lang.Object, int, java.lang.Object, int)'> (0x000000008351f2d0) 
thrown [./open/src/hotspot/share/interpreter/linkResolver.cpp, line 782]
Event: 5.948 Thread 0x000002077ae25170 Exception <a 'java/lang/NoSuchMethodError'{0x0000000083529810}: 'void java.lang.invoke.DirectMethodHandle$Holder.invokeVirtual(java.lang.Object, java.lang.Object)'> (0x0000000083529810) 
thrown [./open/src/hotspot/share/interpreter/linkResolver.cpp, line 782]
Event: 65.419 Thread 0x000002077b9635b0 Exception <a 'java/lang/InterruptedException'{0x00000000841c35c0}: sleep interrupted> (0x00000000841c35c0) 
thrown [./open/src/hotspot/share/prims/jvm.cpp, line 3278]
Event: 65.529 Thread 0x000002077b2c0fb0 Exception <a 'java/io/FileNotFoundException'{0x00000000841de0c8}> (0x00000000841de0c8) 
thrown [./open/src/hotspot/share/prims/jni.cpp, line 578]
Event: 65.745 Thread 0x000002077b2c0fb0 Exception <a 'java/io/FileNotFoundException'{0x000000008362ceb8}> (0x000000008362ceb8) 
thrown [./open/src/hotspot/share/prims/jni.cpp, line 578]

Events (20 events):
Event: 60.409 loading class java/util/concurrent/locks/AbstractQueuedSynchronizer$SharedNode
Event: 60.409 loading class java/util/concurrent/locks/AbstractQueuedSynchronizer$SharedNode done
Event: 60.414 Thread 0x000002077b95f250 Thread exited: 0x000002077b95f250
Event: 60.415 Thread 0x000002077b962740 Thread exited: 0x000002077b962740
Event: 60.415 Thread 0x000002077b960590 Thread exited: 0x000002077b960590
Event: 60.415 Thread 0x000002077b95e3e0 Thread exited: 0x000002077b95e3e0
Event: 60.415 Thread 0x000002077b95df10 Thread exited: 0x000002077b95df10
Event: 60.415 Thread 0x000002077b960a60 Thread exited: 0x000002077b960a60
Event: 60.416 Thread 0x000002077b961400 Thread exited: 0x000002077b961400
Event: 60.416 Thread 0x000002077b95ed80 Thread exited: 0x000002077b95ed80
Event: 65.419 Thread 0x000002077b9635b0 Thread exited: 0x000002077b9635b0
Event: 65.419 loading class javax/management/ObjectName$PatternProperty
Event: 65.419 loading class javax/management/ObjectName$PatternProperty done
Event: 65.422 Thread 0x000002077b960f30 Thread exited: 0x000002077b960f30
Event: 65.423 Thread 0x000002077b9648f0 Thread exited: 0x000002077b9648f0
Event: 65.528 Thread 0x000002077b95d0a0 Thread exited: 0x000002077b95d0a0
Event: 65.749 Executing VM operation: G1CollectForAllocation
Event: 65.758 Executing VM operation: G1CollectForAllocation done
Event: 65.758 Executing VM operation: HandshakeAllThreads
Event: 65.758 Executing VM operation: HandshakeAllThreads done


Dynamic libraries:
0x00007ff7cb840000 - 0x00007ff7cb84d000 	C:\sts-4.9.0.RELEASE\plugins\org.eclipse.justj.openjdk.hotspot.jre.full.win32.x86_64_15.0.1.v20201027-0507\jre\bin\javaw.exe
0x00007fff612d0000 - 0x00007fff614c5000 	C:\WINDOWS\SYSTEM32\ntdll.dll
0x00007fff611d0000 - 0x00007fff6128d000 	C:\WINDOWS\System32\KERNEL32.DLL
0x00007fff5eba0000 - 0x00007fff5ee69000 	C:\WINDOWS\System32\KERNELBASE.dll
0x00007fff5ea00000 - 0x00007fff5eb00000 	C:\WINDOWS\System32\ucrtbase.dll
0x00007fff4deb0000 - 0x00007fff4dec8000 	C:\sts-4.9.0.RELEASE\plugins\org.eclipse.justj.openjdk.hotspot.jre.full.win32.x86_64_15.0.1.v20201027-0507\jre\bin\jli.dll
0x00007fff61000000 - 0x00007fff611a0000 	C:\WINDOWS\System32\USER32.dll
0x00007fff5f1d0000 - 0x00007fff5f1f2000 	C:\WINDOWS\System32\win32u.dll
0x00007fff5fb80000 - 0x00007fff5fbaa000 	C:\WINDOWS\System32\GDI32.dll
0x00007fff5f060000 - 0x00007fff5f16b000 	C:\WINDOWS\System32\gdi32full.dll
0x00007fff5eb00000 - 0x00007fff5eb9d000 	C:\WINDOWS\System32\msvcp_win.dll
0x00007fff4af70000 - 0x00007fff4af89000 	C:\sts-4.9.0.RELEASE\plugins\org.eclipse.justj.openjdk.hotspot.jre.full.win32.x86_64_15.0.1.v20201027-0507\jre\bin\VCRUNTIME140.dll
0x00007fff54120000 - 0x00007fff543ba000 	C:\WINDOWS\WinSxS\amd64_microsoft.windows.common-controls_6595b64144ccf1df_6.0.19041.1110_none_60b5254171f9507e\COMCTL32.dll
0x00007fff604f0000 - 0x00007fff6058e000 	C:\WINDOWS\System32\msvcrt.dll
0x00007fff611a0000 - 0x00007fff611d0000 	C:\WINDOWS\System32\IMM32.DLL
0x00007fff59930000 - 0x00007fff5993c000 	C:\sts-4.9.0.RELEASE\plugins\org.eclipse.justj.openjdk.hotspot.jre.full.win32.x86_64_15.0.1.v20201027-0507\jre\bin\vcruntime140_1.dll
0x00007fff43900000 - 0x00007fff43991000 	C:\sts-4.9.0.RELEASE\plugins\org.eclipse.justj.openjdk.hotspot.jre.full.win32.x86_64_15.0.1.v20201027-0507\jre\bin\msvcp140.dll
0x00007fff1d8f0000 - 0x00007fff1e44e000 	C:\sts-4.9.0.RELEASE\plugins\org.eclipse.justj.openjdk.hotspot.jre.full.win32.x86_64_15.0.1.v20201027-0507\jre\bin\server\jvm.dll
0x00007fff5fa70000 - 0x00007fff5fb1c000 	C:\WINDOWS\System32\ADVAPI32.dll
0x00007fff606c0000 - 0x00007fff6075b000 	C:\WINDOWS\System32\sechost.dll
0x00007fff60e70000 - 0x00007fff60f9a000 	C:\WINDOWS\System32\RPCRT4.dll
0x00007fff60d40000 - 0x00007fff60d48000 	C:\WINDOWS\System32\PSAPI.DLL
0x00007fff5a960000 - 0x00007fff5a969000 	C:\WINDOWS\SYSTEM32\WSOCK32.dll
0x00007fff60150000 - 0x00007fff601bb000 	C:\WINDOWS\System32\WS2_32.dll
0x00007fff55280000 - 0x00007fff552a7000 	C:\WINDOWS\SYSTEM32\WINMM.dll
0x00007fff59170000 - 0x00007fff5917a000 	C:\WINDOWS\SYSTEM32\VERSION.dll
0x00007fff5c910000 - 0x00007fff5c922000 	C:\WINDOWS\SYSTEM32\kernel.appcore.dll
0x00007fff57500000 - 0x00007fff5750a000 	C:\sts-4.9.0.RELEASE\plugins\org.eclipse.justj.openjdk.hotspot.jre.full.win32.x86_64_15.0.1.v20201027-0507\jre\bin\jimage.dll
0x00007fff490d0000 - 0x00007fff492b4000 	C:\WINDOWS\SYSTEM32\DBGHELP.DLL
0x00007fff49090000 - 0x00007fff490bc000 	C:\WINDOWS\SYSTEM32\dbgcore.DLL
0x00007fff5ee70000 - 0x00007fff5eef3000 	C:\WINDOWS\System32\bcryptPrimitives.dll
0x00007fff57110000 - 0x00007fff57135000 	C:\sts-4.9.0.RELEASE\plugins\org.eclipse.justj.openjdk.hotspot.jre.full.win32.x86_64_15.0.1.v20201027-0507\jre\bin\java.dll
0x00007fff56dd0000 - 0x00007fff56de8000 	C:\sts-4.9.0.RELEASE\plugins\org.eclipse.justj.openjdk.hotspot.jre.full.win32.x86_64_15.0.1.v20201027-0507\jre\bin\zip.dll
0x00007fff5f330000 - 0x00007fff5fa6f000 	C:\WINDOWS\System32\SHELL32.dll
0x00007fff5cb10000 - 0x00007fff5d2a0000 	C:\WINDOWS\SYSTEM32\windows.storage.dll
0x00007fff5fdf0000 - 0x00007fff60145000 	C:\WINDOWS\System32\combase.dll
0x00007fff5e460000 - 0x00007fff5e48c000 	C:\WINDOWS\SYSTEM32\Wldp.dll
0x00007fff60d60000 - 0x00007fff60e0e000 	C:\WINDOWS\System32\SHCORE.dll
0x00007fff5fb20000 - 0x00007fff5fb75000 	C:\WINDOWS\System32\shlwapi.dll
0x00007fff5e940000 - 0x00007fff5e95f000 	C:\WINDOWS\SYSTEM32\profapi.dll
0x00007fff4f0f0000 - 0x00007fff4f109000 	C:\sts-4.9.0.RELEASE\plugins\org.eclipse.justj.openjdk.hotspot.jre.full.win32.x86_64_15.0.1.v20201027-0507\jre\bin\net.dll
0x00007fff4fe30000 - 0x00007fff4ff38000 	C:\WINDOWS\SYSTEM32\WINHTTP.dll
0x00007fff5e1c0000 - 0x00007fff5e22a000 	C:\WINDOWS\system32\mswsock.dll
0x00007fff4f0c0000 - 0x00007fff4f0d2000 	C:\sts-4.9.0.RELEASE\plugins\org.eclipse.justj.openjdk.hotspot.jre.full.win32.x86_64_15.0.1.v20201027-0507\jre\bin\nio.dll
0x00007fff4e9a0000 - 0x00007fff4e9a9000 	C:\sts-4.9.0.RELEASE\plugins\org.eclipse.justj.openjdk.hotspot.jre.full.win32.x86_64_15.0.1.v20201027-0507\jre\bin\management.dll
0x00007fff4dea0000 - 0x00007fff4deab000 	C:\sts-4.9.0.RELEASE\plugins\org.eclipse.justj.openjdk.hotspot.jre.full.win32.x86_64_15.0.1.v20201027-0507\jre\bin\management_ext.dll
0x00007fff49d00000 - 0x00007fff49d17000 	C:\WINDOWS\system32\napinsp.dll
0x00007fff49ce0000 - 0x00007fff49cfb000 	C:\WINDOWS\system32\pnrpnsp.dll
0x00007fff49cc0000 - 0x00007fff49cd5000 	C:\WINDOWS\system32\wshbth.dll
0x00007fff5a330000 - 0x00007fff5a34d000 	C:\WINDOWS\system32\NLAapi.dll
0x00007fff5de60000 - 0x00007fff5de9b000 	C:\WINDOWS\SYSTEM32\IPHLPAPI.DLL
0x00007fff5deb0000 - 0x00007fff5df7c000 	C:\WINDOWS\SYSTEM32\DNSAPI.dll
0x00007fff60c90000 - 0x00007fff60c98000 	C:\WINDOWS\System32\NSI.dll
0x00007fff49ca0000 - 0x00007fff49cb2000 	C:\WINDOWS\System32\winrnr.dll
0x00007fff551f0000 - 0x00007fff551fa000 	C:\Windows\System32\rasadhlp.dll
0x00007fff4faa0000 - 0x00007fff4fb1f000 	C:\WINDOWS\System32\fwpuclnt.dll
0x00007fff5f300000 - 0x00007fff5f327000 	C:\WINDOWS\System32\bcrypt.dll
0x00007fff5e3b0000 - 0x00007fff5e3c8000 	C:\WINDOWS\SYSTEM32\CRYPTSP.dll
0x00007fff5dad0000 - 0x00007fff5db04000 	C:\WINDOWS\system32\rsaenh.dll
0x00007fff5e8c0000 - 0x00007fff5e8ee000 	C:\WINDOWS\SYSTEM32\USERENV.dll
0x00007fff5e3d0000 - 0x00007fff5e3dc000 	C:\WINDOWS\SYSTEM32\CRYPTBASE.dll
0x00007fff55e40000 - 0x00007fff55e57000 	C:\WINDOWS\SYSTEM32\dhcpcsvc6.DLL
0x00007fff55e20000 - 0x00007fff55e3d000 	C:\WINDOWS\SYSTEM32\dhcpcsvc.DLL
0x00007fff56fd0000 - 0x00007fff56fe0000 	C:\sts-4.9.0.RELEASE\plugins\org.eclipse.justj.openjdk.hotspot.jre.full.win32.x86_64_15.0.1.v20201027-0507\jre\bin\verify.dll
0x000000006af40000 - 0x000000006af9f000 	C:\Users\tasso\AppData\Local\Temp\libNRJavaSerial_tasso_0\libNRJavaSerial.dll

dbghelp: loaded successfully - version: 4.0.5 - missing functions: none
symbol engine: initialized successfully - sym options: 0x614 - pdb path: .;C:\sts-4.9.0.RELEASE\plugins\org.eclipse.justj.openjdk.hotspot.jre.full.win32.x86_64_15.0.1.v20201027-0507\jre\bin;C:\WINDOWS\SYSTEM32;C:\WINDOWS\WinSxS\amd64_microsoft.windows.common-controls_6595b64144ccf1df_6.0.19041.1110_none_60b5254171f9507e;C:\sts-4.9.0.RELEASE\plugins\org.eclipse.justj.openjdk.hotspot.jre.full.win32.x86_64_15.0.1.v20201027-0507\jre\bin\server;C:\Users\tasso\AppData\Local\Temp\libNRJavaSerial_tasso_0

VM Arguments:
jvm_args: -Dcom.sun.management.jmxremote -Dcom.sun.management.jmxremote.port=57959 -Dcom.sun.management.jmxremote.authenticate=false -Dcom.sun.management.jmxremote.ssl=false -Djava.rmi.server.hostname=localhost -Dspring.jmx.enabled=true -Dspring.application.admin.enabled=true -XX:TieredStopAtLevel=1 -Dspring.boot.project.name=tcc -Dfile.encoding=UTF-8 -XX:+ShowCodeDetailsInExceptionMessages 
java_command: com.tcc.TccApplication --spring.output.ansi.enabled=always
java_class_path (initial): C:\Users\tasso\Documents\workspace-spring-tool-suite-4-4.9.0.RELEASE\tcc\target\classes;C:\Users\tasso\.m2\repository\org\springframework\boot\spring-boot-starter-thymeleaf\2.5.3\spring-boot-starter-thymeleaf-2.5.3.jar;C:\Users\tasso\.m2\repository\org\springframework\boot\spring-boot-starter\2.5.3\spring-boot-starter-2.5.3.jar;C:\Users\tasso\.m2\repository\org\springframework\boot\spring-boot-starter-logging\2.5.3\spring-boot-starter-logging-2.5.3.jar;C:\Users\tasso\.m2\repository\ch\qos\logback\logback-classic\1.2.4\logback-classic-1.2.4.jar;C:\Users\tasso\.m2\repository\ch\qos\logback\logback-core\1.2.4\logback-core-1.2.4.jar;C:\Users\tasso\.m2\repository\org\apache\logging\log4j\log4j-to-slf4j\2.14.1\log4j-to-slf4j-2.14.1.jar;C:\Users\tasso\.m2\repository\org\apache\logging\log4j\log4j-api\2.14.1\log4j-api-2.14.1.jar;C:\Users\tasso\.m2\repository\org\slf4j\jul-to-slf4j\1.7.32\jul-to-slf4j-1.7.32.jar;C:\Users\tasso\.m2\repository\jakarta\annotation\jakarta.annotation-api\1.3.5\jakarta.annotation-api-1.3.5.jar;C:\Users\tasso\.m2\repository\org\yaml\snakeyaml\1.28\snakeyaml-1.28.jar;C:\Users\tasso\.m2\repository\org\thymeleaf\thymeleaf-spring5\3.0.12.RELEASE\thymeleaf-spring5-3.0.12.RELEASE.jar;C:\Users\tasso\.m2\repository\org\thymeleaf\thymeleaf\3.0.12.RELEASE\thymeleaf-3.0.12.RELEASE.jar;C:\Users\tasso\.m2\repository\org\attoparser\attoparser\2.0.5.RELEASE\attoparser-2.0.5.RELEASE.jar;C:\Users\tasso\.m2\repository\org\unbescape\unbescape\1.1.6.RELEASE\unbescape-1.1.6.RELEASE.jar;C:\Users\tasso\.m2\repository\org\slf4j\slf4j-api\1.7.32\slf4j-api-1.7.32.jar;C:\Users\tasso\.m2\repository\org\thymeleaf\extras\thymeleaf-extras-java8time\3.0.4.RELEASE\thymeleaf-extras-java8time-3.0.4.RELEASE.jar;C:\Users\tasso\.m2\repository\org\springframework\boot\spring-boot-starter-web\2.5.3\spring-boot-starter-web-2.5.3.jar;C:\Users\tasso\.m2\repository\org\springframework\boot\spring-boot-starter-json\2.5.3\spring-boot-starter-json-2.5.3.jar;C:\Users
Launcher Type: SUN_STANDARD

[Global flags]
     intx CICompilerCount                          = 3                                         {product} {ergonomic}
     uint ConcGCThreads                            = 1                                         {product} {ergonomic}
     uint G1ConcRefinementThreads                  = 4                                         {product} {ergonomic}
   size_t G1HeapRegionSize                         = 1048576                                   {product} {ergonomic}
    uintx GCDrainStackTargetSize                   = 64                                        {product} {ergonomic}
   size_t InitialHeapSize                          = 134217728                                 {product} {ergonomic}
     bool ManagementServer                         = true                                      {product} {command line}
   size_t MarkStackSize                            = 4194304                                   {product} {ergonomic}
   size_t MaxHeapSize                              = 2124414976                                {product} {ergonomic}
   size_t MaxNewSize                               = 1274019840                                {product} {ergonomic}
   size_t MinHeapDeltaBytes                        = 1048576                                   {product} {ergonomic}
   size_t MinHeapSize                              = 8388608                                   {product} {ergonomic}
    uintx NonNMethodCodeHeapSize                   = 6973028                                {pd product} {ergonomic}
    uintx NonProfiledCodeHeapSize                  = 244685212                              {pd product} {ergonomic}
    uintx ProfiledCodeHeapSize                     = 0                                      {pd product} {ergonomic}
    uintx ReservedCodeCacheSize                    = 251658240                              {pd product} {ergonomic}
     bool SegmentedCodeCache                       = true                                      {product} {ergonomic}
     bool ShowCodeDetailsInExceptionMessages       = true                                   {manageable} {command line}
   size_t SoftMaxHeapSize                          = 2124414976                             {manageable} {ergonomic}
     intx TieredStopAtLevel                        = 1                                         {product} {command line}
     bool UseCompressedClassPointers               = true                                 {lp64_product} {ergonomic}
     bool UseCompressedOops                        = true                                 {lp64_product} {ergonomic}
     bool UseG1GC                                  = true                                      {product} {ergonomic}
     bool UseLargePagesIndividualAllocation        = false                                  {pd product} {ergonomic}

Logging:
Log output configuration:
 #0: stdout all=warning uptime,level,tags
 #1: stderr all=off uptime,level,tags

Environment Variables:
JAVA_HOME=C:\Program Files\AdoptOpenJDK\jdk-11.0.8.10-hotspot\
PATH=C:/sts-4.9.0.RELEASE//plugins/org.eclipse.justj.openjdk.hotspot.jre.full.win32.x86_64_15.0.1.v20201027-0507/jre/bin/server;C:/sts-4.9.0.RELEASE//plugins/org.eclipse.justj.openjdk.hotspot.jre.full.win32.x86_64_15.0.1.v20201027-0507/jre/bin;C:\Program Files\AdoptOpenJDK\jdk-11.0.8.10-hotspot\bin;C:\ProgramData\Oracle\Java\javapath;C:\Program Files (x86)\Intel\iCLS Client\;C:\Program Files (x86)\Common Files\Intel\Shared Files\cpp\bin\Intel64;C:\Program Files\Intel\iCLS Client\;C:\windows\system32;C:\windows;C:\windows\System32\Wbem;C:\windows\System32\WindowsPowerShell\v1.0\;C:\Program Files (x86)\NVIDIA Corporation\PhysX\Common;C:\WINDOWS\system32;C:\WINDOWS;C:\WINDOWS\System32\Wbem;C:\WINDOWS\System32\WindowsPowerShell\v1.0\;C:\WINDOWS\System32\OpenSSH\;C:\Program Files (x86)\Intel\Intel(R) Management Engine Components\DAL;C:\Program Files\Intel\Intel(R) Management Engine Components\DAL;C:\Program Files\Java\jdk1.8.0_111\bin;C:\src\flutter\bin;C:\Users\tasso\AppData\Local\Android\Sdk\platforms;C:\Users\tasso\AppData\Local\Android\Sdk\platform-tools;C:\Program Files\Git\cmd;C:\apache-maven-3.6.3;C:\Program Files\MySQL\MySQL Shell 8.0\bin\;C:\Users\tasso\AppData\Local\Programs\Python\Python37\Scripts\;C:\Users\tasso\AppData\Local\Programs\Python\Python37\;C:\Users\tasso\AppData\Local\Microsoft\WindowsApps;C:\Program Files\JetBrains\PyCharm Community Edition 2018.3.4\bin;;C:\Users\tasso\AppData\Local\Programs\Microsoft VS Code\bin;;C:\sts-4.9.0.RELEASE;
USERNAME=tasso
OS=Windows_NT
PROCESSOR_IDENTIFIER=Intel64 Family 6 Model 142 Stepping 9, GenuineIntel



---------------  S Y S T E M  ---------------

OS:
 Windows 10 , 64 bit Build 19041 (10.0.19041.1151)
OS uptime: 11 days 12:48 hours

CPU: total 4 (initial active 4) (2 cores per cpu, 2 threads per core) family 6 model 142 stepping 9 microcode 0xde, cmov, cx8, fxsr, mmx, sse, sse2, sse3, ssse3, sse4.1, sse4.2, popcnt, vzeroupper, avx, avx2, aes, clmul, erms, 3dnowpref, lzcnt, ht, tsc, tscinvbit, bmi1, bmi2, adx, fma, clflush, clflushopt

Memory: 4k page, system-wide physical 8101M (3121M free)
TotalPageFile size 12940M (AvailPageFile size 6286M)
current process WorkingSet (physical memory assigned to process): 145M, peak: 145M
current process commit charge ("private bytes"): 170M, peak: 222M

vm_info: OpenJDK 64-Bit Server VM (15.0.1+9-18) for windows-amd64 JRE (15.0.1+9-18), built on Sep 15 2020 14:39:31 by "mach5one" with unknown MS VC++:1925

END.
